#
# There is insufficient memory for the Java Runtime Environment to continue.
# Native memory allocation (mmap) failed to map 266338304 bytes for Failed to commit area from 0x0000000702800000 to 0x0000000712600000 of length 266338304.
# Possible reasons:
#   The system is out of physical RAM or swap space
#   The process is running with CompressedOops enabled, and the Java Heap may be blocking the growth of the native heap
# Possible solutions:
#   Reduce memory load on the system
#   Increase physical memory or swap space
#   Check if swap backing store is full
#   Decrease Java heap size (-Xmx/-Xms)
#   Decrease number of Java threads
#   Decrease Java thread stack sizes (-Xss)
#   Set larger code cache with -XX:ReservedCodeCacheSize=
# This output file may be truncated or incomplete.
#
#  Out of Memory Error (./open/src/hotspot/os/windows/os_windows.cpp:3287), pid=10236, tid=4552
#
# JRE version:  (11.0.16+11) (build )
# Java VM: Java HotSpot(TM) 64-Bit Server VM (11.0.16+11-LTS-199, mixed mode, sharing, tiered, compressed oops, g1 gc, windows-amd64)
# No core dump will be written. Minidumps are not enabled by default on client versions of Windows
#

---------------  S U M M A R Y ------------

Command Line: -XX:TieredStopAtLevel=1 -Xverify:none -Dspring.output.ansi.enabled=always -Dcom.sun.management.jmxremote -Dspring.jmx.enabled=true -Dspring.liveBeansView.mbeanDomain -Dspring.application.admin.enabled=true -javaagent:C:\Program Files\JetBrains\IntelliJ IDEA 2022.2.1\lib\idea_rt.jar=51382:C:\Program Files\JetBrains\IntelliJ IDEA 2022.2.1\bin -Dfile.encoding=UTF-8 com.example.apigatewayservice.ApigatewayServiceApplication

Host: Intel(R) Core(TM) i7-10510U CPU @ 1.80GHz, 8 cores, 15G,  Windows 11 , 64 bit Build 22000 (10.0.22000.708)
Time: Wed Aug 24 15:09:44 2022  Windows 11 , 64 bit Build 22000 (10.0.22000.708) elapsed time: 0.016015 seconds (0d 0h 0m 0s)

---------------  T H R E A D  ---------------

Current thread (0x000002f780eb2800):  JavaThread "Unknown thread" [_thread_in_vm, id=4552, stack(0x000000fe27500000,0x000000fe27600000)]

Stack: [0x000000fe27500000,0x000000fe27600000]
Native frames: (J=compiled Java code, j=interpreted, Vv=VM code, C=native code)
V  [jvm.dll+0x62a3ea]
V  [jvm.dll+0x76418f]
V  [jvm.dll+0x765839]
V  [jvm.dll+0x765ec3]
V  [jvm.dll+0x23da98]
V  [jvm.dll+0x62770a]
V  [jvm.dll+0x61c475]
V  [jvm.dll+0x2f2aac]
V  [jvm.dll+0x2f2932]
V  [jvm.dll+0x2f7656]
V  [jvm.dll+0x33a1cf]
V  [jvm.dll+0x339c00]
V  [jvm.dll+0x2d00c8]
V  [jvm.dll+0x2d1236]
V  [jvm.dll+0x73e757]
V  [jvm.dll+0x73ffef]
V  [jvm.dll+0x346ef9]
V  [jvm.dll+0x723f90]
V  [jvm.dll+0x3b5adf]
V  [jvm.dll+0x3b7bf1]
C  [jli.dll+0x5207]
C  [ucrtbase.dll+0x26c0c]
C  [KERNEL32.DLL+0x154e0]
C  [ntdll.dll+0x485b]


---------------  P R O C E S S  ---------------

Threads class SMR info:
_java_thread_list=0x000002f780c852f0, length=0, elements={
}

Java Threads: ( => current thread )

Other Threads:
  0x000002f780ec7800 GCTaskThread "GC Thread#0" [stack: 0x000000fe27600000,0x000000fe27700000] [id=7984]
  0x000002f780f25000 ConcurrentGCThread "G1 Main Marker" [stack: 0x000000fe27700000,0x000000fe27800000] [id=10324]
  0x000002f780f27000 ConcurrentGCThread "G1 Conc#0" [stack: 0x000000fe27800000,0x000000fe27900000] [id=15936]

[error occurred during error reporting (printing all threads), id 0xc0000005, EXCEPTION_ACCESS_VIOLATION (0xc0000005) at pc=0x00007ff93445f357]

VM state:not at safepoint (not fully initialized)

VM Mutex/Monitor currently owned by a thread:  ([mutex/lock_event])
[0x000002f780eafa40] Heap_lock - owner thread: 0x000002f780eb2800

Heap address: 0x0000000702800000, size: 4056 MB, Compressed Oops mode: Non-zero based: 0x0000000702800000
Narrow klass base: 0x0000000000000000, Narrow klass shift: 0

GC Heap History (0 events):
No events

Deoptimization events (0 events):
No events

Classes redefined (0 events):
No events

Internal exceptions (0 events):
No events

Events (0 events):
No events


Dynamic libraries:
0x00007ff639390000 - 0x00007ff63939f000 	C:\Program Files\Java\jdk-11.0.16\bin\java.exe
0x00007ff9b4b20000 - 0x00007ff9b4d29000 	C:\WINDOWS\SYSTEM32\ntdll.dll
0x00007ff9b3fe0000 - 0x00007ff9b409d000 	C:\WINDOWS\System32\KERNEL32.DLL
0x00007ff9b2250000 - 0x00007ff9b25cd000 	C:\WINDOWS\System32\KERNELBASE.dll
0x00007ff9b2130000 - 0x00007ff9b2241000 	C:\WINDOWS\System32\ucrtbase.dll
0x00007ff98a820000 - 0x00007ff98a838000 	C:\Program Files\Java\jdk-11.0.16\bin\jli.dll
0x00007ff989a40000 - 0x00007ff989a55000 	C:\Program Files\Java\jdk-11.0.16\bin\VCRUNTIME140.dll
0x00007ff9b3240000 - 0x00007ff9b32ee000 	C:\WINDOWS\System32\ADVAPI32.dll
0x00007ff9b3f20000 - 0x00007ff9b3fc3000 	C:\WINDOWS\System32\msvcrt.dll
0x00007ff9b40a0000 - 0x00007ff9b413e000 	C:\WINDOWS\System32\sechost.dll
0x00007ff9b45d0000 - 0x00007ff9b46f0000 	C:\WINDOWS\System32\RPCRT4.dll
0x00007ff9b3d70000 - 0x00007ff9b3f1d000 	C:\WINDOWS\System32\USER32.dll
0x00007ff9b26f0000 - 0x00007ff9b2716000 	C:\WINDOWS\System32\win32u.dll
0x00007ff99c9d0000 - 0x00007ff99cc75000 	C:\WINDOWS\WinSxS\amd64_microsoft.windows.common-controls_6595b64144ccf1df_6.0.22000.120_none_9d947278b86cc467\COMCTL32.dll
0x00007ff9b3700000 - 0x00007ff9b3729000 	C:\WINDOWS\System32\GDI32.dll
0x00007ff9b25d0000 - 0x00007ff9b26e8000 	C:\WINDOWS\System32\gdi32full.dll
0x00007ff9b2910000 - 0x00007ff9b29ad000 	C:\WINDOWS\System32\msvcp_win.dll
0x00007ff9a8260000 - 0x00007ff9a826a000 	C:\WINDOWS\SYSTEM32\VERSION.dll
0x00007ff9b3730000 - 0x00007ff9b3761000 	C:\WINDOWS\System32\IMM32.DLL
0x00007ff942140000 - 0x00007ff9421db000 	C:\Program Files\Java\jdk-11.0.16\bin\msvcp140.dll
0x00007ff934180000 - 0x00007ff934c98000 	C:\Program Files\Java\jdk-11.0.16\bin\server\jvm.dll
0x00007ff9b3d50000 - 0x00007ff9b3d58000 	C:\WINDOWS\System32\PSAPI.DLL
0x00007ff9ac280000 - 0x00007ff9ac2b3000 	C:\WINDOWS\SYSTEM32\WINMM.dll
0x00007ff9ad510000 - 0x00007ff9ad519000 	C:\WINDOWS\SYSTEM32\WSOCK32.dll
0x00007ff9b2a10000 - 0x00007ff9b2a7f000 	C:\WINDOWS\System32\WS2_32.dll
0x00007ff9b11b0000 - 0x00007ff9b11c8000 	C:\WINDOWS\SYSTEM32\kernel.appcore.dll
0x00007ff996ec0000 - 0x00007ff996ed0000 	C:\Program Files\Java\jdk-11.0.16\bin\verify.dll
0x00007ff9a31a0000 - 0x00007ff9a33c1000 	C:\WINDOWS\SYSTEM32\DBGHELP.DLL
0x00007ff9a1d20000 - 0x00007ff9a1d51000 	C:\WINDOWS\SYSTEM32\dbgcore.DLL
0x00007ff9b2890000 - 0x00007ff9b290f000 	C:\WINDOWS\System32\bcryptPrimitives.dll
0x00007ff96e6c0000 - 0x00007ff96e6e8000 	C:\Program Files\Java\jdk-11.0.16\bin\java.dll
0x00007ff996e80000 - 0x00007ff996e8a000 	C:\Program Files\Java\jdk-11.0.16\bin\jimage.dll
0x00007ff96e580000 - 0x00007ff96e58e000 	C:\Program Files\Java\jdk-11.0.16\bin\instrument.dll
0x00007ff987140000 - 0x00007ff987156000 	C:\Program Files\Java\jdk-11.0.16\bin\zip.dll

dbghelp: loaded successfully - version: 4.0.5 - missing functions: none
symbol engine: initialized successfully - sym options: 0x614 - pdb path: .;C:\Program Files\Java\jdk-11.0.16\bin;C:\WINDOWS\SYSTEM32;C:\WINDOWS\WinSxS\amd64_microsoft.windows.common-controls_6595b64144ccf1df_6.0.22000.120_none_9d947278b86cc467;C:\Program Files\Java\jdk-11.0.16\bin\server

VM Arguments:
jvm_args: -XX:TieredStopAtLevel=1 -Xverify:none -Dspring.output.ansi.enabled=always -Dcom.sun.management.jmxremote -Dspring.jmx.enabled=true -Dspring.liveBeansView.mbeanDomain -Dspring.application.admin.enabled=true -javaagent:C:\Program Files\JetBrains\IntelliJ IDEA 2022.2.1\lib\idea_rt.jar=51382:C:\Program Files\JetBrains\IntelliJ IDEA 2022.2.1\bin -Dfile.encoding=UTF-8 
java_command: com.example.apigatewayservice.ApigatewayServiceApplication
java_class_path (initial): C:\Users\DIR-N-108\Desktop\direa_kjy\SpringCloud\apigateway-service\target\classes;C:\Users\DIR-N-108\.m2\repository\org\springframework\cloud\spring-cloud-starter-netflix-eureka-client\3.1.3\spring-cloud-starter-netflix-eureka-client-3.1.3.jar;C:\Users\DIR-N-108\.m2\repository\org\springframework\cloud\spring-cloud-starter\3.1.3\spring-cloud-starter-3.1.3.jar;C:\Users\DIR-N-108\.m2\repository\org\springframework\cloud\spring-cloud-context\3.1.3\spring-cloud-context-3.1.3.jar;C:\Users\DIR-N-108\.m2\repository\org\springframework\security\spring-security-crypto\5.7.3\spring-security-crypto-5.7.3.jar;C:\Users\DIR-N-108\.m2\repository\org\springframework\cloud\spring-cloud-commons\3.1.3\spring-cloud-commons-3.1.3.jar;C:\Users\DIR-N-108\.m2\repository\org\springframework\security\spring-security-rsa\1.0.10.RELEASE\spring-security-rsa-1.0.10.RELEASE.jar;C:\Users\DIR-N-108\.m2\repository\org\bouncycastle\bcpkix-jdk15on\1.68\bcpkix-jdk15on-1.68.jar;C:\Users\DIR-N-108\.m2\repository\org\bouncycastle\bcprov-jdk15on\1.68\bcprov-jdk15on-1.68.jar;C:\Users\DIR-N-108\.m2\repository\org\springframework\cloud\spring-cloud-netflix-eureka-client\3.1.3\spring-cloud-netflix-eureka-client-3.1.3.jar;C:\Users\DIR-N-108\.m2\repository\com\netflix\eureka\eureka-client\1.10.17\eureka-client-1.10.17.jar;C:\Users\DIR-N-108\.m2\repository\com\netflix\netflix-commons\netflix-eventbus\0.3.0\netflix-eventbus-0.3.0.jar;C:\Users\DIR-N-108\.m2\repository\com\netflix\netflix-commons\netflix-infix\0.3.0\netflix-infix-0.3.0.jar;C:\Users\DIR-N-108\.m2\repository\commons-jxpath\commons-jxpath\1.3\commons-jxpath-1.3.jar;C:\Users\DIR-N-108\.m2\repository\joda-time\joda-time\2.3\joda-time-2.3.jar;C:\Users\DIR-N-108\.m2\repository\org\antlr\antlr-runtime\3.4\antlr-runtime-3.4.jar;C:\Users\DIR-N-108\.m2\repository\org\antlr\stringtemplate\3.2.1\stringtemplate-3.2.1.jar;C:\Users\DIR-N-108\.m2\repository\antlr\antlr\2.7.7\antlr-2.7.7.jar;C:\Users\DIR-N-108\.m2\repository\com\google\c
Launcher Type: SUN_STANDARD

[Global flags]
     bool BytecodeVerificationLocal                = false                                     {product} {command line}
     bool BytecodeVerificationRemote               = false                                     {product} {command line}
     intx CICompilerCount                          = 4                                         {product} {ergonomic}
     uint ConcGCThreads                            = 2                                         {product} {ergonomic}
     uint G1ConcRefinementThreads                  = 8                                         {product} {ergonomic}
   size_t G1HeapRegionSize                         = 1048576                                   {product} {ergonomic}
    uintx GCDrainStackTargetSize                   = 64                                        {product} {ergonomic}
   size_t InitialHeapSize                          = 266338304                                 {product} {ergonomic}
     bool ManagementServer                         = true                                      {product} {command line}
   size_t MarkStackSize                            = 4194304                                   {product} {ergonomic}
   size_t MaxHeapSize                              = 4253024256                                {product} {ergonomic}
   size_t MinHeapDeltaBytes                        = 1048576                                   {product} {ergonomic}
    uintx NonNMethodCodeHeapSize                   = 7549744                                {pd product} {ergonomic}
    uintx NonProfiledCodeHeapSize                  = 244108496                              {pd product} {ergonomic}
    uintx ProfiledCodeHeapSize                     = 0                                      {pd product} {ergonomic}
    uintx ReservedCodeCacheSize                    = 251658240                              {pd product} {ergonomic}
     bool SegmentedCodeCache                       = true                                      {product} {ergonomic}
     intx TieredStopAtLevel                        = 1                                         {product} {command line}
     bool UseCompressedClassPointers               = true                                 {lp64_product} {ergonomic}
     bool UseCompressedOops                        = true                                 {lp64_product} {ergonomic}
     bool UseG1GC                                  = true                                      {product} {ergonomic}
     bool UseLargePagesIndividualAllocation        = false                                  {pd product} {ergonomic}

Logging:
Log output configuration:
 #0: stdout all=warning uptime,level,tags
 #1: stderr all=off uptime,level,tags

Environment Variables:
JAVA_HOME=C:\Java\jdk-11.0.13
PATH=C:\Program Files (x86)\VMware\VMware Player\bin\;C:\Program Files\Common Files\Oracle\Java\javapath;C:\WINDOWS\system32;C:\WINDOWS;C:\WINDOWS\System32\Wbem;C:\WINDOWS\System32\WindowsPowerShell\v1.0\;C:\WINDOWS\System32\OpenSSH\;C:\Program Files\Bandizip\;C:\Program Files\Git\cmd;D:\Portable\apache-maven-3.8.6\bin;C:\Java\jdk-11.0.13\bin;C:\Program Files\JetBrains\IntelliJ IDEA Community Edition 2022.2.1\bin;;C:\Users\DIR-N-108\AppData\Local\GitHubDesktop\bin;C:\Program Files\JetBrains\IntelliJ IDEA 2022.2.1\bin;;C:\Program Files\RabbitMQ Server\rabbitmq_server-3.8.14\sbin;C:\Program Files\erl-23.1\bin;
USERNAME=DIR-N-108
OS=Windows_NT
PROCESSOR_IDENTIFIER=Intel64 Family 6 Model 142 Stepping 12, GenuineIntel



---------------  S Y S T E M  ---------------

OS: Windows 11 , 64 bit Build 22000 (10.0.22000.708)
Hyper-V role detected

CPU:total 8 (initial active 8) (4 cores per cpu, 2 threads per core) family 6 model 142 stepping 12 microcode 0xde, cmov, cx8, fxsr, mmx, sse, sse2, sse3, ssse3, sse4.1, sse4.2, popcnt, avx, avx2, aes, clmul, erms, 3dnowpref, lzcnt, ht, tsc, tscinvbit, bmi1, bmi2, adx, fma

Memory: 4k page, system-wide physical 16221M (5155M free)
TotalPageFile size 18269M (AvailPageFile size 117M)
current process WorkingSet (physical memory assigned to process): 10M, peak: 10M
current process commit charge ("private bytes"): 58M, peak: 312M

vm_info: Java HotSpot(TM) 64-Bit Server VM (11.0.16+11-LTS-199) for windows-amd64 JRE (11.0.16+11-LTS-199), built on Jun 28 2022 08:23:17 by "mach5one" with MS VC++ 15.9 (VS2017)

END.
