#
# There is insufficient memory for the Java Runtime Environment to continue.
# Native memory allocation (mmap) failed to map 53477376 bytes for Failed to commit area from 0x0000000712600000 to 0x0000000715900000 of length 53477376.
# Possible reasons:
#   The system is out of physical RAM or swap space
#   The process is running with CompressedOops enabled, and the Java Heap may be blocking the growth of the native heap
# Possible solutions:
#   Reduce memory load on the system
#   Increase physical memory or swap space
#   Check if swap backing store is full
#   Decrease Java heap size (-Xmx/-Xms)
#   Decrease number of Java threads
#   Decrease Java thread stack sizes (-Xss)
#   Set larger code cache with -XX:ReservedCodeCacheSize=
#   JVM is running with Zero Based Compressed Oops mode in which the Java heap is
#     placed in the first 32GB address space. The Java Heap base address is the
#     maximum limit for the native heap growth. Please use -XX:HeapBaseMinAddress
#     to set the Java Heap base and to place the Java Heap above 32GB virtual address.
# This output file may be truncated or incomplete.
#
#  Out of Memory Error (./open/src/hotspot/os/windows/os_windows.cpp:3287), pid=6180, tid=13572
#
# JRE version: Java(TM) SE Runtime Environment 18.9 (11.0.16+11) (build 11.0.16+11-LTS-199)
# Java VM: Java HotSpot(TM) 64-Bit Server VM 18.9 (11.0.16+11-LTS-199, mixed mode, tiered, compressed oops, g1 gc, windows-amd64)
# No core dump will be written. Minidumps are not enabled by default on client versions of Windows
#

---------------  S U M M A R Y ------------

Command Line: -XX:TieredStopAtLevel=1 -Xverify:none -Dspring.output.ansi.enabled=always -Dcom.sun.management.jmxremote -Dspring.jmx.enabled=true -Dspring.liveBeansView.mbeanDomain -Dspring.application.admin.enabled=true -javaagent:C:\Program Files\JetBrains\IntelliJ IDEA 2022.2.1\lib\idea_rt.jar=59682:C:\Program Files\JetBrains\IntelliJ IDEA 2022.2.1\bin -Dfile.encoding=UTF-8 com.example.orderservice.OrderServiceApplication

Host: Intel(R) Core(TM) i7-10510U CPU @ 1.80GHz, 8 cores, 15G,  Windows 11 , 64 bit Build 22000 (10.0.22000.708)
Time: Wed Aug 24 17:52:44 2022  Windows 11 , 64 bit Build 22000 (10.0.22000.708) elapsed time: 5.451822 seconds (0d 0h 0m 5s)

---------------  T H R E A D  ---------------

Current thread (0x00000212d79ad800):  VMThread "VM Thread" [stack: 0x0000004691c00000,0x0000004691d00000] [id=13572]

Stack: [0x0000004691c00000,0x0000004691d00000]
[error occurred during error reporting (printing stack bounds), id 0xc0000005, EXCEPTION_ACCESS_VIOLATION (0xc0000005) at pc=0x00000212bb490f2d]

Native frames: (J=compiled Java code, j=interpreted, Vv=VM code, C=native code)
V  [jvm.dll+0x62a3ea]
V  [jvm.dll+0x76418f]
V  [jvm.dll+0x765839]
V  [jvm.dll+0x765e25]
V  [jvm.dll+0x765ddb]
V  [jvm.dll+0x6298d3]
V  [jvm.dll+0x629fe8]
C  [ntdll.dll+0xa8fcf]
C  [ntdll.dll+0x35e9a]
C  [ntdll.dll+0xa7fde]
C  0x00000212bb490f2d

VM_Operation (0x0000004692ff9510): G1CollectForAllocation, mode: safepoint, requested by thread 0x00000212d9053000


---------------  P R O C E S S  ---------------

Threads class SMR info:
_java_thread_list=0x00000212db82ed60, length=21, elements={
0x00000212b261d800, 0x00000212d79d0000, 0x00000212d79d9000, 0x00000212d7a4c800,
0x00000212d7a50800, 0x00000212d7a58800, 0x00000212d7a59800, 0x00000212d7a69000,
0x00000212d7b9f800, 0x00000212d7d1c000, 0x00000212d8324000, 0x00000212d9051800,
0x00000212d9053000, 0x00000212d81f9800, 0x00000212d922a800, 0x00000212d9241000,
0x00000212db5b6000, 0x00000212db5b4800, 0x00000212db5b5800, 0x00000212db5b4000,
0x00000212db5b1800
}

Java Threads: ( => current thread )
  0x00000212b261d800 JavaThread "main" [_thread_blocked, id=7980, stack(0x0000004691600000,0x0000004691700000)]
  0x00000212d79d0000 JavaThread "Reference Handler" daemon [_thread_blocked, id=7944, stack(0x0000004691d00000,0x0000004691e00000)]
  0x00000212d79d9000 JavaThread "Finalizer" daemon [_thread_blocked, id=9748, stack(0x0000004691e00000,0x0000004691f00000)]
  0x00000212d7a4c800 JavaThread "Signal Dispatcher" daemon [_thread_blocked, id=10668, stack(0x0000004691f00000,0x0000004692000000)]
  0x00000212d7a50800 JavaThread "Attach Listener" daemon [_thread_blocked, id=17760, stack(0x0000004692000000,0x0000004692100000)]
  0x00000212d7a58800 JavaThread "Service Thread" daemon [_thread_blocked, id=15128, stack(0x0000004692100000,0x0000004692200000)]
  0x00000212d7a59800 JavaThread "C1 CompilerThread0" daemon [_thread_blocked, id=11104, stack(0x0000004692200000,0x0000004692300000)]
  0x00000212d7a69000 JavaThread "Sweeper thread" daemon [_thread_blocked, id=11344, stack(0x0000004692300000,0x0000004692400000)]
  0x00000212d7b9f800 JavaThread "Common-Cleaner" daemon [_thread_blocked, id=9280, stack(0x0000004692400000,0x0000004692500000)]
  0x00000212d7d1c000 JavaThread "Monitor Ctrl-Break" daemon [_thread_in_native, id=3140, stack(0x0000004692500000,0x0000004692600000)]
  0x00000212d8324000 JavaThread "RMI TCP Accept-0" daemon [_thread_in_native, id=13552, stack(0x0000004692600000,0x0000004692700000)]
  0x00000212d9051800 JavaThread "Thread-0" [_thread_blocked, id=1260, stack(0x0000004692e00000,0x0000004692f00000)]
  0x00000212d9053000 JavaThread "restartedMain" [_thread_blocked, id=7096, stack(0x0000004692f00000,0x0000004693000000)]
  0x00000212d81f9800 JavaThread "RMI TCP Connection(1)-192.168.230.1" daemon [_thread_in_native, id=9000, stack(0x0000004693000000,0x0000004693100000)]
  0x00000212d922a800 JavaThread "RMI Scheduler(0)" daemon [_thread_blocked, id=15088, stack(0x0000004693100000,0x0000004693200000)]
  0x00000212d9241000 JavaThread "spring.cloud.inetutils" daemon [_thread_in_native, id=14760, stack(0x0000004693200000,0x0000004693300000)]
  0x00000212db5b6000 JavaThread "HikariPool-1 housekeeper" daemon [_thread_blocked, id=6312, stack(0x0000004693700000,0x0000004693800000)]
  0x00000212db5b4800 JavaThread "Catalina-utility-1" [_thread_blocked, id=12180, stack(0x0000004693800000,0x0000004693900000)]
  0x00000212db5b5800 JavaThread "Catalina-utility-2" [_thread_blocked, id=7020, stack(0x0000004693900000,0x0000004693a00000)]
  0x00000212db5b4000 JavaThread "container-0" [_thread_blocked, id=6260, stack(0x0000004693a00000,0x0000004693b00000)]
  0x00000212db5b1800 JavaThread "HikariPool-1 connection adder" daemon [_thread_blocked, id=324, stack(0x0000004693b00000,0x0000004693c00000)]

Other Threads:
=>0x00000212d79ad800 VMThread "VM Thread" [stack: 0x0000004691c00000,0x0000004691d00000] [id=13572]
  0x00000212d8329000 WatcherThread [stack: 0x0000004692700000,0x0000004692800000] [id=15456]
  0x00000212b2631800 GCTaskThread "GC Thread#0" [stack: 0x0000004691700000,0x0000004691800000] [id=6244]
  0x00000212d8571000 GCTaskThread "GC Thread#1" [stack: 0x0000004692800000,0x0000004692900000] [id=10296]
  0x00000212d8571800 GCTaskThread "GC Thread#2" [stack: 0x0000004692900000,0x0000004692a00000] [id=8544]
  0x00000212d8572000 GCTaskThread "GC Thread#3" [stack: 0x0000004692a00000,0x0000004692b00000] [id=12008]
  0x00000212d8573000 GCTaskThread "GC Thread#4" [stack: 0x0000004692b00000,0x0000004692c00000] [id=2412]
  0x00000212d8f50000 GCTaskThread "GC Thread#5" [stack: 0x0000004692c00000,0x0000004692d00000] [id=17244]
  0x00000212d909d800 GCTaskThread "GC Thread#6" [stack: 0x0000004693400000,0x0000004693500000] [id=5044]
  0x00000212d9297800 GCTaskThread "GC Thread#7" [stack: 0x0000004693500000,0x0000004693600000] [id=3552]
  0x00000212b268d800 ConcurrentGCThread "G1 Main Marker" [stack: 0x0000004691800000,0x0000004691900000] [id=16164]
  0x00000212b2692800 ConcurrentGCThread "G1 Conc#0" [stack: 0x0000004691900000,0x0000004691a00000] [id=6604]
  0x00000212d92b3800 ConcurrentGCThread "G1 Conc#1" [stack: 0x0000004693600000,0x0000004693700000] [id=10936]
  0x00000212d7014800 ConcurrentGCThread "G1 Refine#0" [stack: 0x0000004691a00000,0x0000004691b00000] [id=1196]
  0x00000212d8f55800 ConcurrentGCThread "G1 Refine#1" [stack: 0x0000004692d00000,0x0000004692e00000] [id=17172]
  0x00000212d7019800 ConcurrentGCThread "G1 Young RemSet Sampling" [stack: 0x0000004691b00000,0x0000004691c00000] [id=17496]

Threads with active compile tasks:

VM state:at safepoint (normal execution)

VM Mutex/Monitor currently owned by a thread:  ([mutex/lock_event])
[0x00000212b2619e40] Threads_lock - owner thread: 0x00000212d79ad800
[0x00000212b261a500] Heap_lock - owner thread: 0x00000212d9053000

Heap address: 0x0000000702800000, size: 4056 MB, Compressed Oops mode: Zero based, Oop shift amount: 3
Narrow klass base: 0x0000000800000000, Narrow klass shift: 0
Compressed class space size: 1073741824 Address: 0x0000000800000000

Heap:
 garbage-first heap   total 312320K, used 26307K [0x0000000702800000, 0x0000000800000000)
  region size 1024K, 16 young (16384K), 16 survivors (16384K)
 Metaspace       used 48770K, capacity 50308K, committed 50432K, reserved 1093632K
  class space    used 6271K, capacity 6902K, committed 6912K, reserved 1048576K
Heap Regions: E=young(eden), S=young(survivor), O=old, HS=humongous(starts), HC=humongous(continues), CS=collection set, F=free, A=archive, TAMS=top-at-mark-start (previous, next)
|   0|0x0000000702800000, 0x0000000702900000, 0x0000000702900000|100%|HS|  |TAMS 0x0000000702900000, 0x0000000702800000| Complete 
|   1|0x0000000702900000, 0x0000000702900000, 0x0000000702a00000|  0%| F|  |TAMS 0x0000000702900000, 0x0000000702900000| Untracked 
|   2|0x0000000702a00000, 0x0000000702b00000, 0x0000000702b00000|100%| O|  |TAMS 0x0000000702b00000, 0x0000000702a00000| Untracked 
|   3|0x0000000702b00000, 0x0000000702c00000, 0x0000000702c00000|100%| O|  |TAMS 0x0000000702c00000, 0x0000000702b00000| Untracked 
|   4|0x0000000702c00000, 0x0000000702d00000, 0x0000000702d00000|100%| O|  |TAMS 0x0000000702d00000, 0x0000000702c00000| Untracked 
|   5|0x0000000702d00000, 0x0000000702e00000, 0x0000000702e00000|100%| O|  |TAMS 0x0000000702e00000, 0x0000000702d00000| Untracked 
|   6|0x0000000702e00000, 0x0000000702f00000, 0x0000000702f00000|100%| O|  |TAMS 0x0000000702f00000, 0x0000000702e00000| Untracked 
|   7|0x0000000702f00000, 0x0000000703000000, 0x0000000703000000|100%| O|  |TAMS 0x0000000703000000, 0x0000000702f00000| Untracked 
|   8|0x0000000703000000, 0x0000000703100000, 0x0000000703100000|100%| O|  |TAMS 0x0000000703100000, 0x0000000703000000| Untracked 
|   9|0x0000000703100000, 0x0000000703200000, 0x0000000703200000|100%| O|  |TAMS 0x0000000703200000, 0x0000000703100000| Untracked 
|  10|0x0000000703200000, 0x00000007032b0c00, 0x0000000703300000| 69%| O|  |TAMS 0x00000007032b0c00, 0x0000000703200000| Untracked 
|  11|0x0000000703300000, 0x0000000703300000, 0x0000000703400000|  0%| F|  |TAMS 0x0000000703300000, 0x0000000703300000| Untracked 
|  12|0x0000000703400000, 0x0000000703400000, 0x0000000703500000|  0%| F|  |TAMS 0x0000000703400000, 0x0000000703400000| Untracked 
|  13|0x0000000703500000, 0x0000000703500000, 0x0000000703600000|  0%| F|  |TAMS 0x0000000703500000, 0x0000000703500000| Untracked 
|  14|0x0000000703600000, 0x0000000703600000, 0x0000000703700000|  0%| F|  |TAMS 0x0000000703600000, 0x0000000703600000| Untracked 
|  15|0x0000000703700000, 0x0000000703700000, 0x0000000703800000|  0%| F|  |TAMS 0x0000000703700000, 0x0000000703700000| Untracked 
|  16|0x0000000703800000, 0x0000000703800000, 0x0000000703900000|  0%| F|  |TAMS 0x0000000703800000, 0x0000000703800000| Untracked 
|  17|0x0000000703900000, 0x0000000703900000, 0x0000000703a00000|  0%| F|  |TAMS 0x0000000703900000, 0x0000000703900000| Untracked 
|  18|0x0000000703a00000, 0x0000000703a00000, 0x0000000703b00000|  0%| F|  |TAMS 0x0000000703a00000, 0x0000000703a00000| Untracked 
|  19|0x0000000703b00000, 0x0000000703b00000, 0x0000000703c00000|  0%| F|  |TAMS 0x0000000703b00000, 0x0000000703b00000| Untracked 
|  20|0x0000000703c00000, 0x0000000703c00000, 0x0000000703d00000|  0%| F|  |TAMS 0x0000000703c00000, 0x0000000703c00000| Untracked 
|  21|0x0000000703d00000, 0x0000000703d00000, 0x0000000703e00000|  0%| F|  |TAMS 0x0000000703d00000, 0x0000000703d00000| Untracked 
|  22|0x0000000703e00000, 0x0000000703e00000, 0x0000000703f00000|  0%| F|  |TAMS 0x0000000703e00000, 0x0000000703e00000| Untracked 
|  23|0x0000000703f00000, 0x0000000703f00000, 0x0000000704000000|  0%| F|  |TAMS 0x0000000703f00000, 0x0000000703f00000| Untracked 
|  24|0x0000000704000000, 0x0000000704000000, 0x0000000704100000|  0%| F|  |TAMS 0x0000000704000000, 0x0000000704000000| Untracked 
|  25|0x0000000704100000, 0x0000000704100000, 0x0000000704200000|  0%| F|  |TAMS 0x0000000704100000, 0x0000000704100000| Untracked 
|  26|0x0000000704200000, 0x0000000704200000, 0x0000000704300000|  0%| F|  |TAMS 0x0000000704200000, 0x0000000704200000| Untracked 
|  27|0x0000000704300000, 0x0000000704300000, 0x0000000704400000|  0%| F|  |TAMS 0x0000000704300000, 0x0000000704300000| Untracked 
|  28|0x0000000704400000, 0x0000000704400000, 0x0000000704500000|  0%| F|  |TAMS 0x0000000704400000, 0x0000000704400000| Untracked 
|  29|0x0000000704500000, 0x0000000704500000, 0x0000000704600000|  0%| F|  |TAMS 0x0000000704500000, 0x0000000704500000| Untracked 
|  30|0x0000000704600000, 0x0000000704600000, 0x0000000704700000|  0%| F|  |TAMS 0x0000000704600000, 0x0000000704600000| Untracked 
|  31|0x0000000704700000, 0x0000000704700000, 0x0000000704800000|  0%| F|  |TAMS 0x0000000704700000, 0x0000000704700000| Untracked 
|  32|0x0000000704800000, 0x0000000704800000, 0x0000000704900000|  0%| F|  |TAMS 0x0000000704800000, 0x0000000704800000| Untracked 
|  33|0x0000000704900000, 0x0000000704900000, 0x0000000704a00000|  0%| F|  |TAMS 0x0000000704900000, 0x0000000704900000| Untracked 
|  34|0x0000000704a00000, 0x0000000704a00000, 0x0000000704b00000|  0%| F|  |TAMS 0x0000000704a00000, 0x0000000704a00000| Untracked 
|  35|0x0000000704b00000, 0x0000000704b00000, 0x0000000704c00000|  0%| F|  |TAMS 0x0000000704b00000, 0x0000000704b00000| Untracked 
|  36|0x0000000704c00000, 0x0000000704c00000, 0x0000000704d00000|  0%| F|  |TAMS 0x0000000704c00000, 0x0000000704c00000| Untracked 
|  37|0x0000000704d00000, 0x0000000704d00000, 0x0000000704e00000|  0%| F|  |TAMS 0x0000000704d00000, 0x0000000704d00000| Untracked 
|  38|0x0000000704e00000, 0x0000000704e00000, 0x0000000704f00000|  0%| F|  |TAMS 0x0000000704e00000, 0x0000000704e00000| Untracked 
|  39|0x0000000704f00000, 0x0000000704f00000, 0x0000000705000000|  0%| F|  |TAMS 0x0000000704f00000, 0x0000000704f00000| Untracked 
|  40|0x0000000705000000, 0x0000000705000000, 0x0000000705100000|  0%| F|  |TAMS 0x0000000705000000, 0x0000000705000000| Untracked 
|  41|0x0000000705100000, 0x0000000705100000, 0x0000000705200000|  0%| F|  |TAMS 0x0000000705100000, 0x0000000705100000| Untracked 
|  42|0x0000000705200000, 0x0000000705200000, 0x0000000705300000|  0%| F|  |TAMS 0x0000000705200000, 0x0000000705200000| Untracked 
|  43|0x0000000705300000, 0x0000000705300000, 0x0000000705400000|  0%| F|  |TAMS 0x0000000705300000, 0x0000000705300000| Untracked 
|  44|0x0000000705400000, 0x0000000705400000, 0x0000000705500000|  0%| F|  |TAMS 0x0000000705400000, 0x0000000705400000| Untracked 
|  45|0x0000000705500000, 0x0000000705500000, 0x0000000705600000|  0%| F|  |TAMS 0x0000000705500000, 0x0000000705500000| Untracked 
|  46|0x0000000705600000, 0x0000000705600000, 0x0000000705700000|  0%| F|  |TAMS 0x0000000705600000, 0x0000000705600000| Untracked 
|  47|0x0000000705700000, 0x0000000705700000, 0x0000000705800000|  0%| F|  |TAMS 0x0000000705700000, 0x0000000705700000| Untracked 
|  48|0x0000000705800000, 0x0000000705800000, 0x0000000705900000|  0%| F|  |TAMS 0x0000000705800000, 0x0000000705800000| Untracked 
|  49|0x0000000705900000, 0x0000000705900000, 0x0000000705a00000|  0%| F|  |TAMS 0x0000000705900000, 0x0000000705900000| Untracked 
|  50|0x0000000705a00000, 0x0000000705a00000, 0x0000000705b00000|  0%| F|  |TAMS 0x0000000705a00000, 0x0000000705a00000| Untracked 
|  51|0x0000000705b00000, 0x0000000705b00000, 0x0000000705c00000|  0%| F|  |TAMS 0x0000000705b00000, 0x0000000705b00000| Untracked 
|  52|0x0000000705c00000, 0x0000000705c00000, 0x0000000705d00000|  0%| F|  |TAMS 0x0000000705c00000, 0x0000000705c00000| Untracked 
|  53|0x0000000705d00000, 0x0000000705d00000, 0x0000000705e00000|  0%| F|  |TAMS 0x0000000705d00000, 0x0000000705d00000| Untracked 
|  54|0x0000000705e00000, 0x0000000705e00000, 0x0000000705f00000|  0%| F|  |TAMS 0x0000000705e00000, 0x0000000705e00000| Untracked 
|  55|0x0000000705f00000, 0x0000000705f00000, 0x0000000706000000|  0%| F|  |TAMS 0x0000000705f00000, 0x0000000705f00000| Untracked 
|  56|0x0000000706000000, 0x0000000706000000, 0x0000000706100000|  0%| F|  |TAMS 0x0000000706000000, 0x0000000706000000| Untracked 
|  57|0x0000000706100000, 0x0000000706100000, 0x0000000706200000|  0%| F|  |TAMS 0x0000000706100000, 0x0000000706100000| Untracked 
|  58|0x0000000706200000, 0x0000000706200000, 0x0000000706300000|  0%| F|  |TAMS 0x0000000706200000, 0x0000000706200000| Untracked 
|  59|0x0000000706300000, 0x0000000706300000, 0x0000000706400000|  0%| F|  |TAMS 0x0000000706300000, 0x0000000706300000| Untracked 
|  60|0x0000000706400000, 0x0000000706400000, 0x0000000706500000|  0%| F|  |TAMS 0x0000000706400000, 0x0000000706400000| Untracked 
|  61|0x0000000706500000, 0x0000000706500000, 0x0000000706600000|  0%| F|  |TAMS 0x0000000706500000, 0x0000000706500000| Untracked 
|  62|0x0000000706600000, 0x0000000706600000, 0x0000000706700000|  0%| F|  |TAMS 0x0000000706600000, 0x0000000706600000| Untracked 
|  63|0x0000000706700000, 0x0000000706700000, 0x0000000706800000|  0%| F|  |TAMS 0x0000000706700000, 0x0000000706700000| Untracked 
|  64|0x0000000706800000, 0x0000000706800000, 0x0000000706900000|  0%| F|  |TAMS 0x0000000706800000, 0x0000000706800000| Untracked 
|  65|0x0000000706900000, 0x0000000706900000, 0x0000000706a00000|  0%| F|  |TAMS 0x0000000706900000, 0x0000000706900000| Untracked 
|  66|0x0000000706a00000, 0x0000000706a00000, 0x0000000706b00000|  0%| F|  |TAMS 0x0000000706a00000, 0x0000000706a00000| Untracked 
|  67|0x0000000706b00000, 0x0000000706b00000, 0x0000000706c00000|  0%| F|  |TAMS 0x0000000706b00000, 0x0000000706b00000| Untracked 
|  68|0x0000000706c00000, 0x0000000706c00000, 0x0000000706d00000|  0%| F|  |TAMS 0x0000000706c00000, 0x0000000706c00000| Untracked 
|  69|0x0000000706d00000, 0x0000000706d00000, 0x0000000706e00000|  0%| F|  |TAMS 0x0000000706d00000, 0x0000000706d00000| Untracked 
|  70|0x0000000706e00000, 0x0000000706e00000, 0x0000000706f00000|  0%| F|  |TAMS 0x0000000706e00000, 0x0000000706e00000| Untracked 
|  71|0x0000000706f00000, 0x0000000706f00000, 0x0000000707000000|  0%| F|  |TAMS 0x0000000706f00000, 0x0000000706f00000| Untracked 
|  72|0x0000000707000000, 0x0000000707000000, 0x0000000707100000|  0%| F|  |TAMS 0x0000000707000000, 0x0000000707000000| Untracked 
|  73|0x0000000707100000, 0x0000000707100000, 0x0000000707200000|  0%| F|  |TAMS 0x0000000707100000, 0x0000000707100000| Untracked 
|  74|0x0000000707200000, 0x0000000707200000, 0x0000000707300000|  0%| F|  |TAMS 0x0000000707200000, 0x0000000707200000| Untracked 
|  75|0x0000000707300000, 0x0000000707300000, 0x0000000707400000|  0%| F|  |TAMS 0x0000000707300000, 0x0000000707300000| Untracked 
|  76|0x0000000707400000, 0x0000000707400000, 0x0000000707500000|  0%| F|  |TAMS 0x0000000707400000, 0x0000000707400000| Untracked 
|  77|0x0000000707500000, 0x0000000707500000, 0x0000000707600000|  0%| F|  |TAMS 0x0000000707500000, 0x0000000707500000| Untracked 
|  78|0x0000000707600000, 0x0000000707600000, 0x0000000707700000|  0%| F|  |TAMS 0x0000000707600000, 0x0000000707600000| Untracked 
|  79|0x0000000707700000, 0x0000000707700000, 0x0000000707800000|  0%| F|  |TAMS 0x0000000707700000, 0x0000000707700000| Untracked 
|  80|0x0000000707800000, 0x0000000707800000, 0x0000000707900000|  0%| F|  |TAMS 0x0000000707800000, 0x0000000707800000| Untracked 
|  81|0x0000000707900000, 0x0000000707900000, 0x0000000707a00000|  0%| F|  |TAMS 0x0000000707900000, 0x0000000707900000| Untracked 
|  82|0x0000000707a00000, 0x0000000707a00000, 0x0000000707b00000|  0%| F|  |TAMS 0x0000000707a00000, 0x0000000707a00000| Untracked 
|  83|0x0000000707b00000, 0x0000000707b00000, 0x0000000707c00000|  0%| F|  |TAMS 0x0000000707b00000, 0x0000000707b00000| Untracked 
|  84|0x0000000707c00000, 0x0000000707c00000, 0x0000000707d00000|  0%| F|  |TAMS 0x0000000707c00000, 0x0000000707c00000| Untracked 
|  85|0x0000000707d00000, 0x0000000707d00000, 0x0000000707e00000|  0%| F|  |TAMS 0x0000000707d00000, 0x0000000707d00000| Untracked 
|  86|0x0000000707e00000, 0x0000000707e00000, 0x0000000707f00000|  0%| F|  |TAMS 0x0000000707e00000, 0x0000000707e00000| Untracked 
|  87|0x0000000707f00000, 0x0000000707f00000, 0x0000000708000000|  0%| F|  |TAMS 0x0000000707f00000, 0x0000000707f00000| Untracked 
|  88|0x0000000708000000, 0x0000000708000000, 0x0000000708100000|  0%| F|  |TAMS 0x0000000708000000, 0x0000000708000000| Untracked 
|  89|0x0000000708100000, 0x0000000708100000, 0x0000000708200000|  0%| F|  |TAMS 0x0000000708100000, 0x0000000708100000| Untracked 
|  90|0x0000000708200000, 0x0000000708200000, 0x0000000708300000|  0%| F|  |TAMS 0x0000000708200000, 0x0000000708200000| Untracked 
|  91|0x0000000708300000, 0x0000000708300000, 0x0000000708400000|  0%| F|  |TAMS 0x0000000708300000, 0x0000000708300000| Untracked 
|  92|0x0000000708400000, 0x0000000708400000, 0x0000000708500000|  0%| F|  |TAMS 0x0000000708400000, 0x0000000708400000| Untracked 
|  93|0x0000000708500000, 0x0000000708500000, 0x0000000708600000|  0%| F|  |TAMS 0x0000000708500000, 0x0000000708500000| Untracked 
|  94|0x0000000708600000, 0x0000000708600000, 0x0000000708700000|  0%| F|  |TAMS 0x0000000708600000, 0x0000000708600000| Untracked 
|  95|0x0000000708700000, 0x0000000708700000, 0x0000000708800000|  0%| F|  |TAMS 0x0000000708700000, 0x0000000708700000| Untracked 
|  96|0x0000000708800000, 0x0000000708800000, 0x0000000708900000|  0%| F|  |TAMS 0x0000000708800000, 0x0000000708800000| Untracked 
|  97|0x0000000708900000, 0x0000000708900000, 0x0000000708a00000|  0%| F|  |TAMS 0x0000000708900000, 0x0000000708900000| Untracked 
|  98|0x0000000708a00000, 0x0000000708a00000, 0x0000000708b00000|  0%| F|  |TAMS 0x0000000708a00000, 0x0000000708a00000| Untracked 
|  99|0x0000000708b00000, 0x0000000708b00000, 0x0000000708c00000|  0%| F|  |TAMS 0x0000000708b00000, 0x0000000708b00000| Untracked 
| 100|0x0000000708c00000, 0x0000000708c00000, 0x0000000708d00000|  0%| F|  |TAMS 0x0000000708c00000, 0x0000000708c00000| Untracked 
| 101|0x0000000708d00000, 0x0000000708e00000, 0x0000000708e00000|100%| S|CS|TAMS 0x0000000708d00000, 0x0000000708d00000| Complete 
| 102|0x0000000708e00000, 0x0000000708f00000, 0x0000000708f00000|100%| S|CS|TAMS 0x0000000708e00000, 0x0000000708e00000| Complete 
| 103|0x0000000708f00000, 0x0000000709000000, 0x0000000709000000|100%| S|CS|TAMS 0x0000000708f00000, 0x0000000708f00000| Complete 
| 104|0x0000000709000000, 0x0000000709100000, 0x0000000709100000|100%| S|CS|TAMS 0x0000000709000000, 0x0000000709000000| Complete 
| 105|0x0000000709100000, 0x0000000709200000, 0x0000000709200000|100%| S|CS|TAMS 0x0000000709100000, 0x0000000709100000| Complete 
| 106|0x0000000709200000, 0x0000000709300000, 0x0000000709300000|100%| S|CS|TAMS 0x0000000709200000, 0x0000000709200000| Complete 
| 107|0x0000000709300000, 0x0000000709400000, 0x0000000709400000|100%| S|CS|TAMS 0x0000000709300000, 0x0000000709300000| Complete 
| 108|0x0000000709400000, 0x0000000709500000, 0x0000000709500000|100%| S|CS|TAMS 0x0000000709400000, 0x0000000709400000| Complete 
| 109|0x0000000709500000, 0x0000000709600000, 0x0000000709600000|100%| S|CS|TAMS 0x0000000709500000, 0x0000000709500000| Complete 
| 110|0x0000000709600000, 0x0000000709700000, 0x0000000709700000|100%| S|CS|TAMS 0x0000000709600000, 0x0000000709600000| Complete 
| 111|0x0000000709700000, 0x0000000709800000, 0x0000000709800000|100%| S|CS|TAMS 0x0000000709700000, 0x0000000709700000| Complete 
| 112|0x0000000709800000, 0x0000000709900000, 0x0000000709900000|100%| S|CS|TAMS 0x0000000709800000, 0x0000000709800000| Complete 
| 113|0x0000000709900000, 0x0000000709a00000, 0x0000000709a00000|100%| S|CS|TAMS 0x0000000709900000, 0x0000000709900000| Complete 
| 114|0x0000000709a00000, 0x0000000709b00000, 0x0000000709b00000|100%| S|CS|TAMS 0x0000000709a00000, 0x0000000709a00000| Complete 
| 115|0x0000000709b00000, 0x0000000709c00000, 0x0000000709c00000|100%| S|CS|TAMS 0x0000000709b00000, 0x0000000709b00000| Complete 
| 116|0x0000000709c00000, 0x0000000709d00000, 0x0000000709d00000|100%| S|CS|TAMS 0x0000000709c00000, 0x0000000709c00000| Complete 
| 117|0x0000000709d00000, 0x0000000709d00000, 0x0000000709e00000|  0%| F|  |TAMS 0x0000000709d00000, 0x0000000709d00000| Untracked 
| 118|0x0000000709e00000, 0x0000000709e00000, 0x0000000709f00000|  0%| F|  |TAMS 0x0000000709e00000, 0x0000000709e00000| Untracked 
| 119|0x0000000709f00000, 0x0000000709f00000, 0x000000070a000000|  0%| F|  |TAMS 0x0000000709f00000, 0x0000000709f00000| Untracked 
| 120|0x000000070a000000, 0x000000070a000000, 0x000000070a100000|  0%| F|  |TAMS 0x000000070a000000, 0x000000070a000000| Untracked 
| 121|0x000000070a100000, 0x000000070a100000, 0x000000070a200000|  0%| F|  |TAMS 0x000000070a100000, 0x000000070a100000| Untracked 
| 122|0x000000070a200000, 0x000000070a200000, 0x000000070a300000|  0%| F|  |TAMS 0x000000070a200000, 0x000000070a200000| Untracked 
| 123|0x000000070a300000, 0x000000070a300000, 0x000000070a400000|  0%| F|  |TAMS 0x000000070a300000, 0x000000070a300000| Untracked 
| 124|0x000000070a400000, 0x000000070a400000, 0x000000070a500000|  0%| F|  |TAMS 0x000000070a400000, 0x000000070a400000| Untracked 
| 125|0x000000070a500000, 0x000000070a500000, 0x000000070a600000|  0%| F|  |TAMS 0x000000070a500000, 0x000000070a500000| Untracked 
| 126|0x000000070a600000, 0x000000070a600000, 0x000000070a700000|  0%| F|  |TAMS 0x000000070a600000, 0x000000070a600000| Untracked 
| 127|0x000000070a700000, 0x000000070a700000, 0x000000070a800000|  0%| F|  |TAMS 0x000000070a700000, 0x000000070a700000| Untracked 
| 128|0x000000070a800000, 0x000000070a800000, 0x000000070a900000|  0%| F|  |TAMS 0x000000070a800000, 0x000000070a800000| Untracked 
| 129|0x000000070a900000, 0x000000070a900000, 0x000000070aa00000|  0%| F|  |TAMS 0x000000070a900000, 0x000000070a900000| Untracked 
| 130|0x000000070aa00000, 0x000000070aa00000, 0x000000070ab00000|  0%| F|  |TAMS 0x000000070aa00000, 0x000000070aa00000| Untracked 
| 131|0x000000070ab00000, 0x000000070ab00000, 0x000000070ac00000|  0%| F|  |TAMS 0x000000070ab00000, 0x000000070ab00000| Untracked 
| 132|0x000000070ac00000, 0x000000070ac00000, 0x000000070ad00000|  0%| F|  |TAMS 0x000000070ac00000, 0x000000070ac00000| Untracked 
| 133|0x000000070ad00000, 0x000000070ad00000, 0x000000070ae00000|  0%| F|  |TAMS 0x000000070ad00000, 0x000000070ad00000| Untracked 
| 134|0x000000070ae00000, 0x000000070ae00000, 0x000000070af00000|  0%| F|  |TAMS 0x000000070ae00000, 0x000000070ae00000| Untracked 
| 135|0x000000070af00000, 0x000000070af00000, 0x000000070b000000|  0%| F|  |TAMS 0x000000070af00000, 0x000000070af00000| Untracked 
| 136|0x000000070b000000, 0x000000070b000000, 0x000000070b100000|  0%| F|  |TAMS 0x000000070b000000, 0x000000070b000000| Untracked 
| 137|0x000000070b100000, 0x000000070b100000, 0x000000070b200000|  0%| F|  |TAMS 0x000000070b100000, 0x000000070b100000| Untracked 
| 138|0x000000070b200000, 0x000000070b200000, 0x000000070b300000|  0%| F|  |TAMS 0x000000070b200000, 0x000000070b200000| Untracked 
| 139|0x000000070b300000, 0x000000070b300000, 0x000000070b400000|  0%| F|  |TAMS 0x000000070b300000, 0x000000070b300000| Untracked 
| 140|0x000000070b400000, 0x000000070b400000, 0x000000070b500000|  0%| F|  |TAMS 0x000000070b400000, 0x000000070b400000| Untracked 
| 141|0x000000070b500000, 0x000000070b500000, 0x000000070b600000|  0%| F|  |TAMS 0x000000070b500000, 0x000000070b500000| Untracked 
| 142|0x000000070b600000, 0x000000070b600000, 0x000000070b700000|  0%| F|  |TAMS 0x000000070b600000, 0x000000070b600000| Untracked 
| 143|0x000000070b700000, 0x000000070b700000, 0x000000070b800000|  0%| F|  |TAMS 0x000000070b700000, 0x000000070b700000| Untracked 
| 144|0x000000070b800000, 0x000000070b800000, 0x000000070b900000|  0%| F|  |TAMS 0x000000070b800000, 0x000000070b800000| Untracked 
| 145|0x000000070b900000, 0x000000070b900000, 0x000000070ba00000|  0%| F|  |TAMS 0x000000070b900000, 0x000000070b900000| Untracked 
| 146|0x000000070ba00000, 0x000000070ba00000, 0x000000070bb00000|  0%| F|  |TAMS 0x000000070ba00000, 0x000000070ba00000| Untracked 
| 147|0x000000070bb00000, 0x000000070bb00000, 0x000000070bc00000|  0%| F|  |TAMS 0x000000070bb00000, 0x000000070bb00000| Untracked 
| 148|0x000000070bc00000, 0x000000070bc00000, 0x000000070bd00000|  0%| F|  |TAMS 0x000000070bc00000, 0x000000070bc00000| Untracked 
| 149|0x000000070bd00000, 0x000000070bd00000, 0x000000070be00000|  0%| F|  |TAMS 0x000000070bd00000, 0x000000070bd00000| Untracked 
| 150|0x000000070be00000, 0x000000070be00000, 0x000000070bf00000|  0%| F|  |TAMS 0x000000070be00000, 0x000000070be00000| Untracked 
| 151|0x000000070bf00000, 0x000000070bf00000, 0x000000070c000000|  0%| F|  |TAMS 0x000000070bf00000, 0x000000070bf00000| Untracked 
| 152|0x000000070c000000, 0x000000070c000000, 0x000000070c100000|  0%| F|  |TAMS 0x000000070c000000, 0x000000070c000000| Untracked 
| 153|0x000000070c100000, 0x000000070c100000, 0x000000070c200000|  0%| F|  |TAMS 0x000000070c100000, 0x000000070c100000| Untracked 
| 154|0x000000070c200000, 0x000000070c200000, 0x000000070c300000|  0%| F|  |TAMS 0x000000070c200000, 0x000000070c200000| Untracked 
| 155|0x000000070c300000, 0x000000070c300000, 0x000000070c400000|  0%| F|  |TAMS 0x000000070c300000, 0x000000070c300000| Untracked 
| 156|0x000000070c400000, 0x000000070c400000, 0x000000070c500000|  0%| F|  |TAMS 0x000000070c400000, 0x000000070c400000| Untracked 
| 157|0x000000070c500000, 0x000000070c500000, 0x000000070c600000|  0%| F|  |TAMS 0x000000070c500000, 0x000000070c500000| Untracked 
| 158|0x000000070c600000, 0x000000070c600000, 0x000000070c700000|  0%| F|  |TAMS 0x000000070c600000, 0x000000070c600000| Untracked 
| 159|0x000000070c700000, 0x000000070c700000, 0x000000070c800000|  0%| F|  |TAMS 0x000000070c700000, 0x000000070c700000| Untracked 
| 160|0x000000070c800000, 0x000000070c800000, 0x000000070c900000|  0%| F|  |TAMS 0x000000070c800000, 0x000000070c800000| Untracked 
| 161|0x000000070c900000, 0x000000070c900000, 0x000000070ca00000|  0%| F|  |TAMS 0x000000070c900000, 0x000000070c900000| Untracked 
| 162|0x000000070ca00000, 0x000000070ca00000, 0x000000070cb00000|  0%| F|  |TAMS 0x000000070ca00000, 0x000000070ca00000| Untracked 
| 163|0x000000070cb00000, 0x000000070cb00000, 0x000000070cc00000|  0%| F|  |TAMS 0x000000070cb00000, 0x000000070cb00000| Untracked 
| 164|0x000000070cc00000, 0x000000070cc00000, 0x000000070cd00000|  0%| F|  |TAMS 0x000000070cc00000, 0x000000070cc00000| Untracked 
| 165|0x000000070cd00000, 0x000000070cd00000, 0x000000070ce00000|  0%| F|  |TAMS 0x000000070cd00000, 0x000000070cd00000| Untracked 
| 166|0x000000070ce00000, 0x000000070ce00000, 0x000000070cf00000|  0%| F|  |TAMS 0x000000070ce00000, 0x000000070ce00000| Untracked 
| 167|0x000000070cf00000, 0x000000070cf00000, 0x000000070d000000|  0%| F|  |TAMS 0x000000070cf00000, 0x000000070cf00000| Untracked 
| 168|0x000000070d000000, 0x000000070d000000, 0x000000070d100000|  0%| F|  |TAMS 0x000000070d000000, 0x000000070d000000| Untracked 
| 169|0x000000070d100000, 0x000000070d100000, 0x000000070d200000|  0%| F|  |TAMS 0x000000070d100000, 0x000000070d100000| Untracked 
| 170|0x000000070d200000, 0x000000070d200000, 0x000000070d300000|  0%| F|  |TAMS 0x000000070d200000, 0x000000070d200000| Untracked 
| 171|0x000000070d300000, 0x000000070d300000, 0x000000070d400000|  0%| F|  |TAMS 0x000000070d300000, 0x000000070d300000| Untracked 
| 172|0x000000070d400000, 0x000000070d400000, 0x000000070d500000|  0%| F|  |TAMS 0x000000070d400000, 0x000000070d400000| Untracked 
| 173|0x000000070d500000, 0x000000070d500000, 0x000000070d600000|  0%| F|  |TAMS 0x000000070d500000, 0x000000070d500000| Untracked 
| 174|0x000000070d600000, 0x000000070d600000, 0x000000070d700000|  0%| F|  |TAMS 0x000000070d600000, 0x000000070d600000| Untracked 
| 175|0x000000070d700000, 0x000000070d700000, 0x000000070d800000|  0%| F|  |TAMS 0x000000070d700000, 0x000000070d700000| Untracked 
| 176|0x000000070d800000, 0x000000070d800000, 0x000000070d900000|  0%| F|  |TAMS 0x000000070d800000, 0x000000070d800000| Untracked 
| 177|0x000000070d900000, 0x000000070d900000, 0x000000070da00000|  0%| F|  |TAMS 0x000000070d900000, 0x000000070d900000| Untracked 
| 178|0x000000070da00000, 0x000000070da00000, 0x000000070db00000|  0%| F|  |TAMS 0x000000070da00000, 0x000000070da00000| Untracked 
| 179|0x000000070db00000, 0x000000070db00000, 0x000000070dc00000|  0%| F|  |TAMS 0x000000070db00000, 0x000000070db00000| Untracked 
| 180|0x000000070dc00000, 0x000000070dc00000, 0x000000070dd00000|  0%| F|  |TAMS 0x000000070dc00000, 0x000000070dc00000| Untracked 
| 181|0x000000070dd00000, 0x000000070dd00000, 0x000000070de00000|  0%| F|  |TAMS 0x000000070dd00000, 0x000000070dd00000| Untracked 
| 182|0x000000070de00000, 0x000000070de00000, 0x000000070df00000|  0%| F|  |TAMS 0x000000070de00000, 0x000000070de00000| Untracked 
| 183|0x000000070df00000, 0x000000070df00000, 0x000000070e000000|  0%| F|  |TAMS 0x000000070df00000, 0x000000070df00000| Untracked 
| 184|0x000000070e000000, 0x000000070e000000, 0x000000070e100000|  0%| F|  |TAMS 0x000000070e000000, 0x000000070e000000| Untracked 
| 185|0x000000070e100000, 0x000000070e100000, 0x000000070e200000|  0%| F|  |TAMS 0x000000070e100000, 0x000000070e100000| Untracked 
| 186|0x000000070e200000, 0x000000070e200000, 0x000000070e300000|  0%| F|  |TAMS 0x000000070e200000, 0x000000070e200000| Untracked 
| 187|0x000000070e300000, 0x000000070e300000, 0x000000070e400000|  0%| F|  |TAMS 0x000000070e300000, 0x000000070e300000| Untracked 
| 188|0x000000070e400000, 0x000000070e400000, 0x000000070e500000|  0%| F|  |TAMS 0x000000070e400000, 0x000000070e400000| Untracked 
| 189|0x000000070e500000, 0x000000070e500000, 0x000000070e600000|  0%| F|  |TAMS 0x000000070e500000, 0x000000070e500000| Untracked 
| 190|0x000000070e600000, 0x000000070e600000, 0x000000070e700000|  0%| F|  |TAMS 0x000000070e600000, 0x000000070e600000| Untracked 
| 191|0x000000070e700000, 0x000000070e700000, 0x000000070e800000|  0%| F|  |TAMS 0x000000070e700000, 0x000000070e700000| Untracked 
| 192|0x000000070e800000, 0x000000070e800000, 0x000000070e900000|  0%| F|  |TAMS 0x000000070e800000, 0x000000070e800000| Untracked 
| 193|0x000000070e900000, 0x000000070e900000, 0x000000070ea00000|  0%| F|  |TAMS 0x000000070e900000, 0x000000070e900000| Untracked 
| 194|0x000000070ea00000, 0x000000070ea00000, 0x000000070eb00000|  0%| F|  |TAMS 0x000000070ea00000, 0x000000070ea00000| Untracked 
| 195|0x000000070eb00000, 0x000000070eb00000, 0x000000070ec00000|  0%| F|  |TAMS 0x000000070eb00000, 0x000000070eb00000| Untracked 
| 196|0x000000070ec00000, 0x000000070ec00000, 0x000000070ed00000|  0%| F|  |TAMS 0x000000070ec00000, 0x000000070ec00000| Untracked 
| 197|0x000000070ed00000, 0x000000070ed00000, 0x000000070ee00000|  0%| F|  |TAMS 0x000000070ed00000, 0x000000070ed00000| Untracked 
| 198|0x000000070ee00000, 0x000000070ee00000, 0x000000070ef00000|  0%| F|  |TAMS 0x000000070ee00000, 0x000000070ee00000| Untracked 
| 199|0x000000070ef00000, 0x000000070ef00000, 0x000000070f000000|  0%| F|  |TAMS 0x000000070ef00000, 0x000000070ef00000| Untracked 
| 200|0x000000070f000000, 0x000000070f000000, 0x000000070f100000|  0%| F|  |TAMS 0x000000070f000000, 0x000000070f000000| Untracked 
| 201|0x000000070f100000, 0x000000070f100000, 0x000000070f200000|  0%| F|  |TAMS 0x000000070f100000, 0x000000070f100000| Untracked 
| 202|0x000000070f200000, 0x000000070f200000, 0x000000070f300000|  0%| F|  |TAMS 0x000000070f200000, 0x000000070f200000| Untracked 
| 203|0x000000070f300000, 0x000000070f300000, 0x000000070f400000|  0%| F|  |TAMS 0x000000070f300000, 0x000000070f300000| Untracked 
| 204|0x000000070f400000, 0x000000070f400000, 0x000000070f500000|  0%| F|  |TAMS 0x000000070f400000, 0x000000070f400000| Untracked 
| 205|0x000000070f500000, 0x000000070f500000, 0x000000070f600000|  0%| F|  |TAMS 0x000000070f500000, 0x000000070f500000| Untracked 
| 206|0x000000070f600000, 0x000000070f600000, 0x000000070f700000|  0%| F|  |TAMS 0x000000070f600000, 0x000000070f600000| Untracked 
| 207|0x000000070f700000, 0x000000070f700000, 0x000000070f800000|  0%| F|  |TAMS 0x000000070f700000, 0x000000070f700000| Untracked 
| 208|0x000000070f800000, 0x000000070f800000, 0x000000070f900000|  0%| F|  |TAMS 0x000000070f800000, 0x000000070f800000| Untracked 
| 209|0x000000070f900000, 0x000000070f900000, 0x000000070fa00000|  0%| F|  |TAMS 0x000000070f900000, 0x000000070f900000| Untracked 
| 210|0x000000070fa00000, 0x000000070fa00000, 0x000000070fb00000|  0%| F|  |TAMS 0x000000070fa00000, 0x000000070fa00000| Untracked 
| 211|0x000000070fb00000, 0x000000070fb00000, 0x000000070fc00000|  0%| F|  |TAMS 0x000000070fb00000, 0x000000070fb00000| Untracked 
| 212|0x000000070fc00000, 0x000000070fc00000, 0x000000070fd00000|  0%| F|  |TAMS 0x000000070fc00000, 0x000000070fc00000| Untracked 
| 213|0x000000070fd00000, 0x000000070fd00000, 0x000000070fe00000|  0%| F|  |TAMS 0x000000070fd00000, 0x000000070fd00000| Untracked 
| 214|0x000000070fe00000, 0x000000070fe00000, 0x000000070ff00000|  0%| F|  |TAMS 0x000000070fe00000, 0x000000070fe00000| Untracked 
| 215|0x000000070ff00000, 0x000000070ff00000, 0x0000000710000000|  0%| F|  |TAMS 0x000000070ff00000, 0x000000070ff00000| Untracked 
| 216|0x0000000710000000, 0x0000000710000000, 0x0000000710100000|  0%| F|  |TAMS 0x0000000710000000, 0x0000000710000000| Untracked 
| 217|0x0000000710100000, 0x0000000710100000, 0x0000000710200000|  0%| F|  |TAMS 0x0000000710100000, 0x0000000710100000| Untracked 
| 218|0x0000000710200000, 0x0000000710200000, 0x0000000710300000|  0%| F|  |TAMS 0x0000000710200000, 0x0000000710200000| Untracked 
| 219|0x0000000710300000, 0x0000000710300000, 0x0000000710400000|  0%| F|  |TAMS 0x0000000710300000, 0x0000000710300000| Untracked 
| 220|0x0000000710400000, 0x0000000710400000, 0x0000000710500000|  0%| F|  |TAMS 0x0000000710400000, 0x0000000710400000| Untracked 
| 221|0x0000000710500000, 0x0000000710500000, 0x0000000710600000|  0%| F|  |TAMS 0x0000000710500000, 0x0000000710500000| Untracked 
| 222|0x0000000710600000, 0x0000000710600000, 0x0000000710700000|  0%| F|  |TAMS 0x0000000710600000, 0x0000000710600000| Untracked 
| 223|0x0000000710700000, 0x0000000710700000, 0x0000000710800000|  0%| F|  |TAMS 0x0000000710700000, 0x0000000710700000| Untracked 
| 224|0x0000000710800000, 0x0000000710800000, 0x0000000710900000|  0%| F|  |TAMS 0x0000000710800000, 0x0000000710800000| Untracked 
| 225|0x0000000710900000, 0x0000000710900000, 0x0000000710a00000|  0%| F|  |TAMS 0x0000000710900000, 0x0000000710900000| Untracked 
| 226|0x0000000710a00000, 0x0000000710a00000, 0x0000000710b00000|  0%| F|  |TAMS 0x0000000710a00000, 0x0000000710a00000| Untracked 
| 227|0x0000000710b00000, 0x0000000710b00000, 0x0000000710c00000|  0%| F|  |TAMS 0x0000000710b00000, 0x0000000710b00000| Untracked 
| 228|0x0000000710c00000, 0x0000000710c00000, 0x0000000710d00000|  0%| F|  |TAMS 0x0000000710c00000, 0x0000000710c00000| Untracked 
| 229|0x0000000710d00000, 0x0000000710d00000, 0x0000000710e00000|  0%| F|  |TAMS 0x0000000710d00000, 0x0000000710d00000| Untracked 
| 230|0x0000000710e00000, 0x0000000710e00000, 0x0000000710f00000|  0%| F|  |TAMS 0x0000000710e00000, 0x0000000710e00000| Untracked 
| 231|0x0000000710f00000, 0x0000000710f00000, 0x0000000711000000|  0%| F|  |TAMS 0x0000000710f00000, 0x0000000710f00000| Untracked 
| 232|0x0000000711000000, 0x0000000711000000, 0x0000000711100000|  0%| F|  |TAMS 0x0000000711000000, 0x0000000711000000| Untracked 
| 233|0x0000000711100000, 0x0000000711100000, 0x0000000711200000|  0%| F|  |TAMS 0x0000000711100000, 0x0000000711100000| Untracked 
| 234|0x0000000711200000, 0x0000000711200000, 0x0000000711300000|  0%| F|  |TAMS 0x0000000711200000, 0x0000000711200000| Untracked 
| 235|0x0000000711300000, 0x0000000711300000, 0x0000000711400000|  0%| F|  |TAMS 0x0000000711300000, 0x0000000711300000| Untracked 
| 236|0x0000000711400000, 0x0000000711400000, 0x0000000711500000|  0%| F|  |TAMS 0x0000000711400000, 0x0000000711400000| Untracked 
| 237|0x0000000711500000, 0x0000000711500000, 0x0000000711600000|  0%| F|  |TAMS 0x0000000711500000, 0x0000000711500000| Untracked 
| 238|0x0000000711600000, 0x0000000711600000, 0x0000000711700000|  0%| F|  |TAMS 0x0000000711600000, 0x0000000711600000| Untracked 
| 239|0x0000000711700000, 0x0000000711700000, 0x0000000711800000|  0%| F|  |TAMS 0x0000000711700000, 0x0000000711700000| Untracked 
| 240|0x0000000711800000, 0x0000000711800000, 0x0000000711900000|  0%| F|  |TAMS 0x0000000711800000, 0x0000000711800000| Untracked 
| 241|0x0000000711900000, 0x0000000711900000, 0x0000000711a00000|  0%| F|  |TAMS 0x0000000711900000, 0x0000000711900000| Untracked 
| 242|0x0000000711a00000, 0x0000000711a00000, 0x0000000711b00000|  0%| F|  |TAMS 0x0000000711a00000, 0x0000000711a00000| Untracked 
| 243|0x0000000711b00000, 0x0000000711b00000, 0x0000000711c00000|  0%| F|  |TAMS 0x0000000711b00000, 0x0000000711b00000| Untracked 
| 244|0x0000000711c00000, 0x0000000711c00000, 0x0000000711d00000|  0%| F|  |TAMS 0x0000000711c00000, 0x0000000711c00000| Untracked 
| 245|0x0000000711d00000, 0x0000000711d00000, 0x0000000711e00000|  0%| F|  |TAMS 0x0000000711d00000, 0x0000000711d00000| Untracked 
| 246|0x0000000711e00000, 0x0000000711e00000, 0x0000000711f00000|  0%| F|  |TAMS 0x0000000711e00000, 0x0000000711e00000| Untracked 
| 247|0x0000000711f00000, 0x0000000711f00000, 0x0000000712000000|  0%| F|  |TAMS 0x0000000711f00000, 0x0000000711f00000| Untracked 
| 248|0x0000000712000000, 0x0000000712000000, 0x0000000712100000|  0%| F|  |TAMS 0x0000000712000000, 0x0000000712000000| Untracked 
| 249|0x0000000712100000, 0x0000000712100000, 0x0000000712200000|  0%| F|  |TAMS 0x0000000712100000, 0x0000000712100000| Untracked 
| 250|0x0000000712200000, 0x0000000712200000, 0x0000000712300000|  0%| F|  |TAMS 0x0000000712200000, 0x0000000712200000| Untracked 
| 251|0x0000000712300000, 0x0000000712300000, 0x0000000712400000|  0%| F|  |TAMS 0x0000000712300000, 0x0000000712300000| Untracked 
| 252|0x0000000712400000, 0x0000000712400000, 0x0000000712500000|  0%| F|  |TAMS 0x0000000712400000, 0x0000000712400000| Untracked 
| 253|0x0000000712500000, 0x0000000712500000, 0x0000000712600000|  0%| F|  |TAMS 0x0000000712500000, 0x0000000712500000| Untracked 

Card table byte_map: [0x00000212cb6f0000,0x00000212cbee0000] _byte_map_base: 0x00000212c7edc000

Marking Bits (Prev, Next): (CMBitMap*) 0x00000212b267cc98, (CMBitMap*) 0x00000212b267ccd0
 Prev Bits: [0x00000212cc6d0000, 0x00000212d0630000)
 Next Bits: [0x00000212d0630000, 0x00000212d4590000)

Polling page: 0x00000212b26f0000

Metaspace:

Usage:
  Non-class:     42.39 MB capacity,    41.50 MB ( 98%) used,   734.91 KB (  2%) free+waste,   171.69 KB ( <1%) overhead. 
      Class:      6.74 MB capacity,     6.12 MB ( 91%) used,   541.94 KB (  8%) free+waste,    88.63 KB (  1%) overhead. 
       Both:     49.13 MB capacity,    47.63 MB ( 97%) used,     1.25 MB (  3%) free+waste,   260.31 KB ( <1%) overhead. 

Virtual space:
  Non-class space:       44.00 MB reserved,      42.50 MB ( 97%) committed 
      Class space:        1.00 GB reserved,       6.75 MB ( <1%) committed 
             Both:        1.04 GB reserved,      49.25 MB (  5%) committed 

Chunk freelists:
   Non-Class:  6.25 KB
       Class:  1.25 KB
        Both:  7.50 KB

CodeHeap 'non-profiled nmethods': size=238336Kb used=6739Kb max_used=6739Kb free=231596Kb
 bounds [0x00000212bbbd0000, 0x00000212bc270000, 0x00000212ca490000]
CodeHeap 'non-nmethods': size=7424Kb used=1215Kb max_used=1215Kb free=6208Kb
 bounds [0x00000212bb490000, 0x00000212bb700000, 0x00000212bbbd0000]
 total_blobs=4819 nmethods=4260 adapters=484
 compilation: enabled
              stopped_count=0, restarted_count=0
 full_count=0

Compilation events (10 events):
Event: 5.364 Thread 0x00000212d7a59800 4256       1       java.lang.PublicMethods$Key::equals (52 bytes)
Event: 5.364 Thread 0x00000212d7a59800 nmethod 4256 0x00000212bc263710 code [0x00000212bc2638c0, 0x00000212bc263aa8]
Event: 5.382 Thread 0x00000212d7a59800 4257       1       org.hibernate.service.spi.ServiceBinding::getService (5 bytes)
Event: 5.382 Thread 0x00000212d7a59800 nmethod 4257 0x00000212bc263b90 code [0x00000212bc263d20, 0x00000212bc263dd8]
Event: 5.415 Thread 0x00000212d7a59800 4258       1       org.apache.logging.log4j.message.AbstractMessageFactory::<init> (5 bytes)
Event: 5.416 Thread 0x00000212d7a59800 nmethod 4258 0x00000212bc263e90 code [0x00000212bc264020, 0x00000212bc2640d8]
Event: 5.416 Thread 0x00000212d7a59800 4259       1       org.apache.logging.log4j.spi.AbstractLogger::narrow (21 bytes)
Event: 5.416 Thread 0x00000212d7a59800 nmethod 4259 0x00000212bc264190 code [0x00000212bc264340, 0x00000212bc264508]
Event: 5.419 Thread 0x00000212d7a59800 4260       1       java.lang.Class::privateGetDeclaredFields (64 bytes)
Event: 5.419 Thread 0x00000212d7a59800 nmethod 4260 0x00000212bc264610 code [0x00000212bc264800, 0x00000212bc264b78]

GC Heap History (10 events):
Event: 3.045 GC heap after
{Heap after GC invocations=3 (full 0):
 garbage-first heap   total 260096K, used 12311K [0x0000000702800000, 0x0000000800000000)
  region size 1024K, 3 young (3072K), 3 survivors (3072K)
 Metaspace       used 20057K, capacity 20769K, committed 20864K, reserved 1067008K
  class space    used 2354K, capacity 2657K, committed 2688K, reserved 1048576K
}
Event: 3.072 GC heap before
{Heap before GC invocations=3 (full 0):
 garbage-first heap   total 260096K, used 16407K [0x0000000702800000, 0x0000000800000000)
  region size 1024K, 8 young (8192K), 3 survivors (3072K)
 Metaspace       used 20428K, capacity 21108K, committed 21248K, reserved 1067008K
  class space    used 2435K, capacity 2728K, committed 2816K, reserved 1048576K
}
Event: 3.075 GC heap after
{Heap after GC invocations=4 (full 0):
 garbage-first heap   total 260096K, used 12497K [0x0000000702800000, 0x0000000800000000)
  region size 1024K, 3 young (3072K), 3 survivors (3072K)
 Metaspace       used 20428K, capacity 21108K, committed 21248K, reserved 1067008K
  class space    used 2435K, capacity 2728K, committed 2816K, reserved 1048576K
}
Event: 3.508 GC heap before
{Heap before GC invocations=5 (full 0):
 garbage-first heap   total 260096K, used 89297K [0x0000000702800000, 0x0000000800000000)
  region size 1024K, 78 young (79872K), 3 survivors (3072K)
 Metaspace       used 26890K, capacity 27779K, committed 28032K, reserved 1073152K
  class space    used 3241K, capacity 3619K, committed 3712K, reserved 1048576K
}
Event: 3.512 GC heap after
{Heap after GC invocations=6 (full 0):
 garbage-first heap   total 260096K, used 15107K [0x0000000702800000, 0x0000000800000000)
  region size 1024K, 6 young (6144K), 6 survivors (6144K)
 Metaspace       used 26890K, capacity 27779K, committed 28032K, reserved 1073152K
  class space    used 3241K, capacity 3619K, committed 3712K, reserved 1048576K
}
Event: 4.382 GC heap before
{Heap before GC invocations=6 (full 0):
 garbage-first heap   total 260096K, used 137987K [0x0000000702800000, 0x0000000800000000)
  region size 1024K, 126 young (129024K), 6 survivors (6144K)
 Metaspace       used 33954K, capacity 35293K, committed 35328K, reserved 1079296K
  class space    used 4321K, capacity 4843K, committed 4864K, reserved 1048576K
}
Event: 4.391 GC heap after
{Heap after GC invocations=7 (full 0):
 garbage-first heap   total 260096K, used 18944K [0x0000000702800000, 0x0000000800000000)
  region size 1024K, 9 young (9216K), 9 survivors (9216K)
 Metaspace       used 33954K, capacity 35293K, committed 35328K, reserved 1079296K
  class space    used 4321K, capacity 4843K, committed 4864K, reserved 1048576K
}
Event: 4.425 GC heap before
{Heap before GC invocations=7 (full 0):
 garbage-first heap   total 260096K, used 23040K [0x0000000702800000, 0x0000000800000000)
  region size 1024K, 14 young (14336K), 9 survivors (9216K)
 Metaspace       used 34418K, capacity 35773K, committed 35840K, reserved 1081344K
  class space    used 4370K, capacity 4939K, committed 4992K, reserved 1048576K
}
Event: 4.433 GC heap after
{Heap after GC invocations=8 (full 0):
 garbage-first heap   total 260096K, used 19639K [0x0000000702800000, 0x0000000800000000)
  region size 1024K, 10 young (10240K), 10 survivors (10240K)
 Metaspace       used 34418K, capacity 35773K, committed 35840K, reserved 1081344K
  class space    used 4370K, capacity 4939K, committed 4992K, reserved 1048576K
}
Event: 5.438 GC heap before
{Heap before GC invocations=9 (full 0):
 garbage-first heap   total 260096K, used 162999K [0x0000000702800000, 0x0000000800000000)
  region size 1024K, 137 young (140288K), 10 survivors (10240K)
 Metaspace       used 48770K, capacity 50308K, committed 50432K, reserved 1093632K
  class space    used 6271K, capacity 6902K, committed 6912K, reserved 1048576K
}

Deoptimization events (0 events):
No events

Classes redefined (0 events):
No events

Internal exceptions (10 events):
Event: 4.698 Thread 0x00000212d9053000 Exception <a 'sun/nio/fs/WindowsException'{0x000000070f7bb970}> (0x000000070f7bb970) thrown at [./open/src/hotspot/share/prims/jni.cpp, line 611]
Event: 4.698 Thread 0x00000212d9053000 Exception <a 'sun/nio/fs/WindowsException'{0x000000070f7bc068}> (0x000000070f7bc068) thrown at [./open/src/hotspot/share/prims/jni.cpp, line 611]
Event: 4.769 Thread 0x00000212d9053000 Exception <a 'java/io/FileNotFoundException'{0x000000070e959fc0}> (0x000000070e959fc0) thrown at [./open/src/hotspot/share/prims/jni.cpp, line 611]
Event: 4.790 Thread 0x00000212d9053000 Exception <a 'java/lang/NoSuchMethodError'{0x000000070e66ed38}: java.lang.invoke.DirectMethodHandle$Holder.invokeInterface(Ljava/lang/Object;Ljava/lang/Object;Ljava/lang/Object;Ljava/lang/Object;)I> (0x000000070e66ed38) thrown at [./open/src/hotspot/share
Event: 4.847 Thread 0x00000212d9053000 Exception <a 'java/lang/NoSuchMethodError'{0x000000070de5e340}: java.lang.invoke.DirectMethodHandle$Holder.newInvokeSpecial(Ljava/lang/Object;Ljava/lang/Object;Ljava/lang/Object;Ljava/lang/Object;I)Ljava/lang/Object;> (0x000000070de5e340) thrown at [./ope
Event: 4.851 Thread 0x00000212d9053000 Exception <a 'java/lang/NoClassDefFoundError'{0x000000070def94c0}: com/sun/jna/Platform> (0x000000070def94c0) thrown at [./open/src/hotspot/share/classfile/systemDictionary.cpp, line 215]
Event: 4.874 Thread 0x00000212d9053000 Exception <a 'java/lang/NoSuchMethodError'{0x000000070da63a78}: java.lang.invoke.DirectMethodHandle$Holder.invokeStaticInit(Ljava/lang/Object;Ljava/lang/Object;Ljava/lang/Object;Ljava/lang/Object;)Ljava/lang/Object;> (0x000000070da63a78) thrown at [./open
Event: 4.907 Thread 0x00000212d9053000 Exception <a 'java/io/FileNotFoundException'{0x000000070d68e890}> (0x000000070d68e890) thrown at [./open/src/hotspot/share/prims/jni.cpp, line 611]
Event: 5.148 Thread 0x00000212d81f9800 Exception <a 'java/lang/reflect/InvocationTargetException'{0x000000070fd164f0}> (0x000000070fd164f0) thrown at [./open/src/hotspot/share/runtime/reflection.cpp, line 1242]
Event: 5.330 Thread 0x00000212d9053000 Exception <a 'java/lang/NoSuchMethodError'{0x000000070a8afb28}: java.lang.invoke.DirectMethodHandle$Holder.newInvokeSpecial(Ljava/lang/Object;Ljava/lang/Object;ILjava/lang/Object;Ljava/lang/Object;)Ljava/lang/Object;> (0x000000070a8afb28) thrown at [./ope

Events (10 events):
Event: 5.437 loading class net/bytebuddy/dynamic/DynamicType$Builder$MethodDefinition done
Event: 5.437 loading class net/bytebuddy/dynamic/DynamicType$Builder$MethodDefinition$AbstractBase
Event: 5.437 loading class net/bytebuddy/dynamic/DynamicType$Builder$MethodDefinition$AbstractBase done
Event: 5.437 loading class net/bytebuddy/implementation/attribute/MethodAttributeAppender$NoOp
Event: 5.437 loading class net/bytebuddy/implementation/attribute/MethodAttributeAppender$NoOp done
Event: 5.438 loading class net/bytebuddy/implementation/attribute/MethodAttributeAppender
Event: 5.438 loading class net/bytebuddy/implementation/attribute/MethodAttributeAppender done
Event: 5.438 loading class net/bytebuddy/implementation/attribute/MethodAttributeAppender$Factory
Event: 5.438 loading class net/bytebuddy/implementation/attribute/MethodAttributeAppender$Factory done
Event: 5.438 Executing VM operation: G1CollectForAllocation


Dynamic libraries:
0x00007ff762430000 - 0x00007ff76243f000 	C:\Program Files\Java\jdk-11.0.16\bin\java.exe
0x00007ff9b4b20000 - 0x00007ff9b4d29000 	C:\WINDOWS\SYSTEM32\ntdll.dll
0x00007ff9b3fe0000 - 0x00007ff9b409d000 	C:\WINDOWS\System32\KERNEL32.DLL
0x00007ff9b2250000 - 0x00007ff9b25cd000 	C:\WINDOWS\System32\KERNELBASE.dll
0x00007ff9b2130000 - 0x00007ff9b2241000 	C:\WINDOWS\System32\ucrtbase.dll
0x00007ff942dd0000 - 0x00007ff942de8000 	C:\Program Files\Java\jdk-11.0.16\bin\jli.dll
0x00007ff953970000 - 0x00007ff953985000 	C:\Program Files\Java\jdk-11.0.16\bin\VCRUNTIME140.dll
0x00007ff9b3240000 - 0x00007ff9b32ee000 	C:\WINDOWS\System32\ADVAPI32.dll
0x00007ff9b3f20000 - 0x00007ff9b3fc3000 	C:\WINDOWS\System32\msvcrt.dll
0x00007ff9b40a0000 - 0x00007ff9b413e000 	C:\WINDOWS\System32\sechost.dll
0x00007ff9b45d0000 - 0x00007ff9b46f0000 	C:\WINDOWS\System32\RPCRT4.dll
0x00007ff9b3d70000 - 0x00007ff9b3f1d000 	C:\WINDOWS\System32\USER32.dll
0x00007ff99c9d0000 - 0x00007ff99cc75000 	C:\WINDOWS\WinSxS\amd64_microsoft.windows.common-controls_6595b64144ccf1df_6.0.22000.120_none_9d947278b86cc467\COMCTL32.dll
0x00007ff9b26f0000 - 0x00007ff9b2716000 	C:\WINDOWS\System32\win32u.dll
0x00007ff9b3700000 - 0x00007ff9b3729000 	C:\WINDOWS\System32\GDI32.dll
0x00007ff9b25d0000 - 0x00007ff9b26e8000 	C:\WINDOWS\System32\gdi32full.dll
0x00007ff9b2910000 - 0x00007ff9b29ad000 	C:\WINDOWS\System32\msvcp_win.dll
0x00007ff9a8260000 - 0x00007ff9a826a000 	C:\WINDOWS\SYSTEM32\VERSION.dll
0x00007ff9b3730000 - 0x00007ff9b3761000 	C:\WINDOWS\System32\IMM32.DLL
0x00007ff942d30000 - 0x00007ff942dcb000 	C:\Program Files\Java\jdk-11.0.16\bin\msvcp140.dll
0x00007ff940c30000 - 0x00007ff941748000 	C:\Program Files\Java\jdk-11.0.16\bin\server\jvm.dll
0x00007ff9b3d50000 - 0x00007ff9b3d58000 	C:\WINDOWS\System32\PSAPI.DLL
0x00007ff9ad3f0000 - 0x00007ff9ad3f9000 	C:\WINDOWS\SYSTEM32\WSOCK32.dll
0x00007ff9ac280000 - 0x00007ff9ac2b3000 	C:\WINDOWS\SYSTEM32\WINMM.dll
0x00007ff9b2a10000 - 0x00007ff9b2a7f000 	C:\WINDOWS\System32\WS2_32.dll
0x00007ff9b11b0000 - 0x00007ff9b11c8000 	C:\WINDOWS\SYSTEM32\kernel.appcore.dll
0x00007ff98c690000 - 0x00007ff98c6a0000 	C:\Program Files\Java\jdk-11.0.16\bin\verify.dll
0x00007ff9a31a0000 - 0x00007ff9a33c1000 	C:\WINDOWS\SYSTEM32\DBGHELP.DLL
0x00007ff9a1d20000 - 0x00007ff9a1d51000 	C:\WINDOWS\SYSTEM32\dbgcore.DLL
0x00007ff9b2890000 - 0x00007ff9b290f000 	C:\WINDOWS\System32\bcryptPrimitives.dll
0x00007ff942d00000 - 0x00007ff942d28000 	C:\Program Files\Java\jdk-11.0.16\bin\java.dll
0x00007ff98c5b0000 - 0x00007ff98c5ba000 	C:\Program Files\Java\jdk-11.0.16\bin\jimage.dll
0x00007ff9ac530000 - 0x00007ff9ac53e000 	C:\Program Files\Java\jdk-11.0.16\bin\instrument.dll
0x00007ff941f60000 - 0x00007ff941f76000 	C:\Program Files\Java\jdk-11.0.16\bin\zip.dll
0x00007ff9b2a80000 - 0x00007ff9b3238000 	C:\WINDOWS\System32\SHELL32.dll
0x00007ff9b0140000 - 0x00007ff9b09a8000 	C:\WINDOWS\SYSTEM32\windows.storage.dll
0x00007ff9b46f0000 - 0x00007ff9b4a69000 	C:\WINDOWS\System32\combase.dll
0x00007ff9affd0000 - 0x00007ff9b0136000 	C:\WINDOWS\SYSTEM32\wintypes.dll
0x00007ff9b37f0000 - 0x00007ff9b38da000 	C:\WINDOWS\System32\SHCORE.dll
0x00007ff9b29b0000 - 0x00007ff9b2a0d000 	C:\WINDOWS\System32\shlwapi.dll
0x00007ff9b1f30000 - 0x00007ff9b1f51000 	C:\WINDOWS\SYSTEM32\profapi.dll
0x00007ff941f40000 - 0x00007ff941f59000 	C:\Program Files\Java\jdk-11.0.16\bin\net.dll
0x00007ff9abed0000 - 0x00007ff9abfdc000 	C:\WINDOWS\SYSTEM32\WINHTTP.dll
0x00007ff9b15d0000 - 0x00007ff9b1637000 	C:\WINDOWS\system32\mswsock.dll
0x00007ff941f20000 - 0x00007ff941f32000 	C:\Program Files\Java\jdk-11.0.16\bin\nio.dll
0x00007ff9a12c0000 - 0x00007ff9a12da000 	C:\Program Files\JetBrains\IntelliJ IDEA 2022.2.1\bin\breakgen64.dll
0x00007ff9b0d50000 - 0x00007ff9b0e38000 	C:\WINDOWS\SYSTEM32\DNSAPI.dll
0x00007ff9b0ce0000 - 0x00007ff9b0d0d000 	C:\WINDOWS\SYSTEM32\IPHLPAPI.DLL
0x00007ff9b3d60000 - 0x00007ff9b3d69000 	C:\WINDOWS\System32\NSI.dll
0x00007ff9a8770000 - 0x00007ff9a877a000 	C:\Windows\System32\rasadhlp.dll
0x00007ff9aa3b0000 - 0x00007ff9aa431000 	C:\WINDOWS\System32\fwpuclnt.dll
0x00007ff9709e0000 - 0x00007ff9709e9000 	C:\Program Files\Java\jdk-11.0.16\bin\management.dll
0x00007ff95e0f0000 - 0x00007ff95e0fb000 	C:\Program Files\Java\jdk-11.0.16\bin\management_ext.dll
0x00007ff9b18a0000 - 0x00007ff9b18b8000 	C:\WINDOWS\SYSTEM32\CRYPTSP.dll
0x00007ff9b1110000 - 0x00007ff9b1145000 	C:\WINDOWS\system32\rsaenh.dll
0x00007ff9b1670000 - 0x00007ff9b1699000 	C:\WINDOWS\SYSTEM32\USERENV.dll
0x00007ff9b19e0000 - 0x00007ff9b1a07000 	C:\WINDOWS\SYSTEM32\bcrypt.dll
0x00007ff9b17c0000 - 0x00007ff9b17cc000 	C:\WINDOWS\SYSTEM32\CRYPTBASE.dll
0x00007ff9abda0000 - 0x00007ff9abdb9000 	C:\WINDOWS\SYSTEM32\dhcpcsvc6.DLL
0x00007ff9ac5c0000 - 0x00007ff9ac5de000 	C:\WINDOWS\SYSTEM32\dhcpcsvc.DLL
0x00007ff99a820000 - 0x00007ff99a837000 	C:\WINDOWS\system32\napinsp.dll
0x00007ff99a6f0000 - 0x00007ff99a70b000 	C:\WINDOWS\system32\pnrpnsp.dll
0x00007ff99a800000 - 0x00007ff99a812000 	C:\WINDOWS\System32\winrnr.dll
0x00007ff9aabb0000 - 0x00007ff9aabc5000 	C:\WINDOWS\system32\wshbth.dll
0x00007ff99a7e0000 - 0x00007ff99a7ff000 	C:\WINDOWS\system32\nlansp_c.dll
0x00007ff9ac4c0000 - 0x00007ff9ac4cd000 	C:\Program Files\Java\jdk-11.0.16\bin\sunmscapi.dll
0x00007ff9b2720000 - 0x00007ff9b2882000 	C:\WINDOWS\System32\CRYPT32.dll
0x00007ff9b19b0000 - 0x00007ff9b19d8000 	C:\WINDOWS\SYSTEM32\ncrypt.dll
0x00007ff9b1970000 - 0x00007ff9b19a7000 	C:\WINDOWS\SYSTEM32\NTASN1.dll
0x00007ff9926b0000 - 0x00007ff9926d5000 	C:\Program Files\Java\jdk-11.0.16\bin\sunec.dll

dbghelp: loaded successfully - version: 4.0.5 - missing functions: none
symbol engine: initialized successfully - sym options: 0x614 - pdb path: .;C:\Program Files\Java\jdk-11.0.16\bin;C:\WINDOWS\SYSTEM32;C:\WINDOWS\WinSxS\amd64_microsoft.windows.common-controls_6595b64144ccf1df_6.0.22000.120_none_9d947278b86cc467;C:\Program Files\Java\jdk-11.0.16\bin\server;C:\Program Files\JetBrains\IntelliJ IDEA 2022.2.1\bin

VM Arguments:
jvm_args: -XX:TieredStopAtLevel=1 -Xverify:none -Dspring.output.ansi.enabled=always -Dcom.sun.management.jmxremote -Dspring.jmx.enabled=true -Dspring.liveBeansView.mbeanDomain -Dspring.application.admin.enabled=true -javaagent:C:\Program Files\JetBrains\IntelliJ IDEA 2022.2.1\lib\idea_rt.jar=59682:C:\Program Files\JetBrains\IntelliJ IDEA 2022.2.1\bin -Dfile.encoding=UTF-8 
java_command: com.example.orderservice.OrderServiceApplication
java_class_path (initial): C:\Users\DIR-N-108\Desktop\direa_kjy\SpringCloud\order-service\target\classes;C:\Users\DIR-N-108\.m2\repository\org\springframework\boot\spring-boot-starter-data-jpa\2.7.3\spring-boot-starter-data-jpa-2.7.3.jar;C:\Users\DIR-N-108\.m2\repository\org\springframework\boot\spring-boot-starter-aop\2.7.3\spring-boot-starter-aop-2.7.3.jar;C:\Users\DIR-N-108\.m2\repository\org\springframework\spring-aop\5.3.22\spring-aop-5.3.22.jar;C:\Users\DIR-N-108\.m2\repository\org\aspectj\aspectjweaver\1.9.7\aspectjweaver-1.9.7.jar;C:\Users\DIR-N-108\.m2\repository\org\springframework\boot\spring-boot-starter-jdbc\2.7.3\spring-boot-starter-jdbc-2.7.3.jar;C:\Users\DIR-N-108\.m2\repository\com\zaxxer\HikariCP\4.0.3\HikariCP-4.0.3.jar;C:\Users\DIR-N-108\.m2\repository\org\springframework\spring-jdbc\5.3.22\spring-jdbc-5.3.22.jar;C:\Users\DIR-N-108\.m2\repository\jakarta\transaction\jakarta.transaction-api\1.3.3\jakarta.transaction-api-1.3.3.jar;C:\Users\DIR-N-108\.m2\repository\jakarta\persistence\jakarta.persistence-api\2.2.3\jakarta.persistence-api-2.2.3.jar;C:\Users\DIR-N-108\.m2\repository\org\hibernate\hibernate-core\5.6.10.Final\hibernate-core-5.6.10.Final.jar;C:\Users\DIR-N-108\.m2\repository\org\jboss\logging\jboss-logging\3.4.3.Final\jboss-logging-3.4.3.Final.jar;C:\Users\DIR-N-108\.m2\repository\net\bytebuddy\byte-buddy\1.12.13\byte-buddy-1.12.13.jar;C:\Users\DIR-N-108\.m2\repository\antlr\antlr\2.7.7\antlr-2.7.7.jar;C:\Users\DIR-N-108\.m2\repository\org\jboss\jandex\2.4.2.Final\jandex-2.4.2.Final.jar;C:\Users\DIR-N-108\.m2\repository\com\fasterxml\classmate\1.5.1\classmate-1.5.1.jar;C:\Users\DIR-N-108\.m2\repository\org\hibernate\common\hibernate-commons-annotations\5.1.2.Final\hibernate-commons-annotations-5.1.2.Final.jar;C:\Users\DIR-N-108\.m2\repository\org\glassfish\jaxb\jaxb-runtime\2.3.6\jaxb-runtime-2.3.6.jar;C:\Users\DIR-N-108\.m2\repository\org\glassfish\jaxb\txw2\2.3.6\txw2-2.3.6.jar;C:\Users\DIR-N-108\.m2\repository\com\sun\istack\istack-
Launcher Type: SUN_STANDARD

[Global flags]
     bool BytecodeVerificationLocal                = false                                     {product} {command line}
     bool BytecodeVerificationRemote               = false                                     {product} {command line}
     intx CICompilerCount                          = 4                                         {product} {ergonomic}
     uint ConcGCThreads                            = 2                                         {product} {ergonomic}
     uint G1ConcRefinementThreads                  = 8                                         {product} {ergonomic}
   size_t G1HeapRegionSize                         = 1048576                                   {product} {ergonomic}
    uintx GCDrainStackTargetSize                   = 64                                        {product} {ergonomic}
   size_t InitialHeapSize                          = 266338304                                 {product} {ergonomic}
     bool ManagementServer                         = true                                      {product} {command line}
   size_t MarkStackSize                            = 4194304                                   {product} {ergonomic}
   size_t MaxHeapSize                              = 4253024256                                {product} {ergonomic}
   size_t MaxNewSize                               = 2551185408                                {product} {ergonomic}
   size_t MinHeapDeltaBytes                        = 1048576                                   {product} {ergonomic}
    uintx NonNMethodCodeHeapSize                   = 7549744                                {pd product} {ergonomic}
    uintx NonProfiledCodeHeapSize                  = 244108496                              {pd product} {ergonomic}
    uintx ProfiledCodeHeapSize                     = 0                                      {pd product} {ergonomic}
    uintx ReservedCodeCacheSize                    = 251658240                              {pd product} {ergonomic}
     bool SegmentedCodeCache                       = true                                      {product} {ergonomic}
     intx TieredStopAtLevel                        = 1                                         {product} {command line}
     bool UseCompressedClassPointers               = true                                 {lp64_product} {ergonomic}
     bool UseCompressedOops                        = true                                 {lp64_product} {ergonomic}
     bool UseG1GC                                  = true                                      {product} {ergonomic}
     bool UseLargePagesIndividualAllocation        = false                                  {pd product} {ergonomic}

Logging:
Log output configuration:
 #0: stdout all=warning uptime,level,tags
 #1: stderr all=off uptime,level,tags

Environment Variables:
JAVA_HOME=C:\Java\jdk-11.0.13
PATH=C:\Program Files (x86)\VMware\VMware Player\bin\;C:\Program Files\Common Files\Oracle\Java\javapath;C:\WINDOWS\system32;C:\WINDOWS;C:\WINDOWS\System32\Wbem;C:\WINDOWS\System32\WindowsPowerShell\v1.0\;C:\WINDOWS\System32\OpenSSH\;C:\Program Files\Bandizip\;C:\Program Files\Git\cmd;D:\Portable\apache-maven-3.8.6\bin;C:\Java\jdk-11.0.13\bin;C:\Program Files\JetBrains\IntelliJ IDEA Community Edition 2022.2.1\bin;;C:\Users\DIR-N-108\AppData\Local\GitHubDesktop\bin;C:\Program Files\JetBrains\IntelliJ IDEA 2022.2.1\bin;;C:\Program Files\RabbitMQ Server\rabbitmq_server-3.8.14\sbin;C:\Program Files\erl-23.1\bin;
USERNAME=DIR-N-108
OS=Windows_NT
PROCESSOR_IDENTIFIER=Intel64 Family 6 Model 142 Stepping 12, GenuineIntel



---------------  S Y S T E M  ---------------

OS: Windows 11 , 64 bit Build 22000 (10.0.22000.708)
Hyper-V role detected

CPU:total 8 (initial active 8) (4 cores per cpu, 2 threads per core) family 6 model 142 stepping 12 microcode 0xde, cmov, cx8, fxsr, mmx, sse, sse2, sse3, ssse3, sse4.1, sse4.2, popcnt, avx, avx2, aes, clmul, erms, 3dnowpref, lzcnt, ht, tsc, tscinvbit, bmi1, bmi2, adx, fma

Memory: 4k page, system-wide physical 16221M (4085M free)
TotalPageFile size 18269M (AvailPageFile size 16M)
current process WorkingSet (physical memory assigned to process): 286M, peak: 286M
current process commit charge ("private bytes"): 416M, peak: 467M

vm_info: Java HotSpot(TM) 64-Bit Server VM (11.0.16+11-LTS-199) for windows-amd64 JRE (11.0.16+11-LTS-199), built on Jun 28 2022 08:23:17 by "mach5one" with MS VC++ 15.9 (VS2017)

END.
