#
# There is insufficient memory for the Java Runtime Environment to continue.
# Native memory allocation (malloc) failed to allocate 1048576 bytes for AllocateHeap
# Possible reasons:
#   The system is out of physical RAM or swap space
#   The process is running with CompressedOops enabled, and the Java Heap may be blocking the growth of the native heap
# Possible solutions:
#   Reduce memory load on the system
#   Increase physical memory or swap space
#   Check if swap backing store is full
#   Decrease Java heap size (-Xmx/-Xms)
#   Decrease number of Java threads
#   Decrease Java thread stack sizes (-Xss)
#   Set larger code cache with -XX:ReservedCodeCacheSize=
#   JVM is running with Zero Based Compressed Oops mode in which the Java heap is
#     placed in the first 32GB address space. The Java Heap base address is the
#     maximum limit for the native heap growth. Please use -XX:HeapBaseMinAddress
#     to set the Java Heap base and to place the Java Heap above 32GB virtual address.
# This output file may be truncated or incomplete.
#
#  Out of Memory Error (./open/src/hotspot/share/memory/allocation.cpp:46), pid=14952, tid=1316
#
# JRE version: Java(TM) SE Runtime Environment 18.9 (11.0.16+11) (build 11.0.16+11-LTS-199)
# Java VM: Java HotSpot(TM) 64-Bit Server VM 18.9 (11.0.16+11-LTS-199, mixed mode, tiered, compressed oops, g1 gc, windows-amd64)
# No core dump will be written. Minidumps are not enabled by default on client versions of Windows
#

---------------  S U M M A R Y ------------

Command Line: -XX:TieredStopAtLevel=1 -Xverify:none -Dspring.output.ansi.enabled=always -Dcom.sun.management.jmxremote -Dspring.jmx.enabled=true -Dspring.liveBeansView.mbeanDomain -Dspring.application.admin.enabled=true -javaagent:C:\Program Files\JetBrains\IntelliJ IDEA 2022.2.1\lib\idea_rt.jar=55100:C:\Program Files\JetBrains\IntelliJ IDEA 2022.2.1\bin -Dfile.encoding=UTF-8 com.example.userservice.UserServiceApplication

Host: Intel(R) Core(TM) i7-10510U CPU @ 1.80GHz, 8 cores, 15G,  Windows 11 , 64 bit Build 22000 (10.0.22000.708)
Time: Wed Aug 24 17:33:49 2022  Windows 11 , 64 bit Build 22000 (10.0.22000.708) elapsed time: 20.310276 seconds (0d 0h 0m 20s)

---------------  T H R E A D  ---------------

Current thread (0x0000025376efb000):  VMThread "VM Thread" [stack: 0x000000f274600000,0x000000f274700000] [id=1316]

Stack: [0x000000f274600000,0x000000f274700000]
[error occurred during error reporting (printing stack bounds), id 0xc0000005, EXCEPTION_ACCESS_VIOLATION (0xc0000005) at pc=0x000002535b9d0f2d]


[error occurred during error reporting (printing native stack), id 0xc00000fd, EXCEPTION_STACK_OVERFLOW (0xc00000fd) at pc=0x00007ff9b217fe38]

VM_Operation (0x000000f2759f8bd0): CollectForMetadataAllocation, mode: safepoint, requested by thread 0x0000025378ec3800


---------------  P R O C E S S  ---------------

Threads class SMR info:
_java_thread_list=0x0000025378d38330, length=29, elements={
0x0000025354331800, 0x0000025376efe000, 0x0000025376f09000, 0x000002537781b800,
0x000002537781d800, 0x0000025377821800, 0x0000025377825000, 0x0000025377829800,
0x0000025376eb9000, 0x0000025378071800, 0x0000025378134800, 0x0000025378da7800,
0x0000025378ec3800, 0x0000025378fd0800, 0x0000025378fff800, 0x00000253795b5000,
0x00000253795b4800, 0x00000253795b3000, 0x00000253795b3800, 0x000002537b78b000,
0x000002537b792000, 0x000002537b791000, 0x000002537b78c000, 0x000002537b792800,
0x000002537b78d000, 0x000002537b78f800, 0x000002537b793800, 0x000002537b796000,
0x000002537b78d800
}

Java Threads: ( => current thread )
  0x0000025354331800 JavaThread "main" [_thread_blocked, id=10428, stack(0x000000f274000000,0x000000f274100000)]
  0x0000025376efe000 JavaThread "Reference Handler" daemon [_thread_blocked, id=7464, stack(0x000000f274700000,0x000000f274800000)]
  0x0000025376f09000 JavaThread "Finalizer" daemon [_thread_blocked, id=7192, stack(0x000000f274800000,0x000000f274900000)]
  0x000002537781b800 JavaThread "Signal Dispatcher" daemon [_thread_blocked, id=13724, stack(0x000000f274900000,0x000000f274a00000)]
  0x000002537781d800 JavaThread "Attach Listener" daemon [_thread_blocked, id=5076, stack(0x000000f274a00000,0x000000f274b00000)]
  0x0000025377821800 JavaThread "Service Thread" daemon [_thread_blocked, id=14368, stack(0x000000f274b00000,0x000000f274c00000)]
  0x0000025377825000 JavaThread "C1 CompilerThread0" daemon [_thread_blocked, id=11508, stack(0x000000f274c00000,0x000000f274d00000)]
  0x0000025377829800 JavaThread "Sweeper thread" daemon [_thread_blocked, id=9604, stack(0x000000f274d00000,0x000000f274e00000)]
  0x0000025376eb9000 JavaThread "Common-Cleaner" daemon [_thread_blocked, id=14292, stack(0x000000f274e00000,0x000000f274f00000)]
  0x0000025378071800 JavaThread "Monitor Ctrl-Break" daemon [_thread_in_native, id=16884, stack(0x000000f274f00000,0x000000f275000000)]
  0x0000025378134800 JavaThread "RMI TCP Accept-0" daemon [_thread_in_native, id=11332, stack(0x000000f275000000,0x000000f275100000)]
  0x0000025378da7800 JavaThread "Thread-0" [_thread_blocked, id=3440, stack(0x000000f275800000,0x000000f275900000)]
  0x0000025378ec3800 JavaThread "restartedMain" [_thread_blocked, id=8944, stack(0x000000f275900000,0x000000f275a00000)]
  0x0000025378fd0800 JavaThread "RMI TCP Connection(2)-192.168.230.1" daemon [_thread_in_native, id=16896, stack(0x000000f275a00000,0x000000f275b00000)]
  0x0000025378fff800 JavaThread "RMI Scheduler(0)" daemon [_thread_blocked, id=18268, stack(0x000000f275b00000,0x000000f275c00000)]
  0x00000253795b5000 JavaThread "Keep-Alive-Timer" daemon [_thread_blocked, id=10992, stack(0x000000f276200000,0x000000f276300000)]
  0x00000253795b4800 JavaThread "H2 File Lock Watchdog C:/Users/DIR-N-108/test.lock.db" daemon [_thread_blocked, id=3432, stack(0x000000f276300000,0x000000f276400000)]
  0x00000253795b3000 JavaThread "H2 TCP Server (tcp://192.168.230.1:55108)" daemon [_thread_in_native, id=17996, stack(0x000000f276400000,0x000000f276500000)]
  0x00000253795b3800 JavaThread "RMI TCP Connection(4)-192.168.230.1" daemon [_thread_in_native, id=12532, stack(0x000000f275c00000,0x000000f275d00000)]
  0x000002537b78b000 JavaThread "MVStore background writer C:/Users/DIR-N-108/test.mv.db" daemon [_thread_blocked, id=3364, stack(0x000000f275e00000,0x000000f275f00000)]
  0x000002537b792000 JavaThread "HikariPool-1 housekeeper" daemon [_thread_blocked, id=11104, stack(0x000000f276500000,0x000000f276600000)]
  0x000002537b791000 JavaThread "H2-serialization" daemon [_thread_blocked, id=9804, stack(0x000000f276700000,0x000000f276800000)]
  0x000002537b78c000 JavaThread "H2-save" daemon [_thread_blocked, id=10300, stack(0x000000f276800000,0x000000f276900000)]
  0x000002537b792800 JavaThread "Catalina-utility-1" [_thread_blocked, id=7744, stack(0x000000f276900000,0x000000f276a00000)]
  0x000002537b78d000 JavaThread "Catalina-utility-2" [_thread_blocked, id=13056, stack(0x000000f276a00000,0x000000f276b00000)]
  0x000002537b78f800 JavaThread "container-0" [_thread_blocked, id=17948, stack(0x000000f276b00000,0x000000f276c00000)]
  0x000002537b793800 JavaThread "RMI TCP Connection(idle)" daemon [_thread_blocked, id=17680, stack(0x000000f276c00000,0x000000f276d00000)]
  0x000002537b796000 JavaThread "Live Reload Server" daemon [_thread_in_native, id=16828, stack(0x000000f276e00000,0x000000f276f00000)]
  0x000002537b78d800 JavaThread "spring.cloud.inetutils" daemon [_thread_in_native, id=11828, stack(0x000000f276600000,0x000000f276700000)]

Other Threads:
=>0x0000025376efb000 VMThread "VM Thread" [stack: 0x000000f274600000,0x000000f274700000] [id=1316]
  0x0000025378155800 WatcherThread [stack: 0x000000f275100000,0x000000f275200000] [id=2288]
  0x0000025354346800 GCTaskThread "GC Thread#0" [stack: 0x000000f274100000,0x000000f274200000] [id=9148]
  0x0000025378bca800 GCTaskThread "GC Thread#1" [stack: 0x000000f275200000,0x000000f275300000] [id=6832]
  0x0000025378d92800 GCTaskThread "GC Thread#2" [stack: 0x000000f275300000,0x000000f275400000] [id=15516]
  0x0000025378d93800 GCTaskThread "GC Thread#3" [stack: 0x000000f275400000,0x000000f275500000] [id=15608]
  0x000002537832d800 GCTaskThread "GC Thread#4" [stack: 0x000000f275500000,0x000000f275600000] [id=17208]
  0x000002537832e000 GCTaskThread "GC Thread#5" [stack: 0x000000f275600000,0x000000f275700000] [id=10928]
  0x0000025379360800 GCTaskThread "GC Thread#6" [stack: 0x000000f275f00000,0x000000f276000000] [id=14564]
  0x0000025379309800 GCTaskThread "GC Thread#7" [stack: 0x000000f276000000,0x000000f276100000] [id=16328]
  0x00000253543a1800 ConcurrentGCThread "G1 Main Marker" [stack: 0x000000f274200000,0x000000f274300000] [id=2476]
  0x00000253543a5000 ConcurrentGCThread "G1 Conc#0" [stack: 0x000000f274300000,0x000000f274400000] [id=11636]
  0x0000025378f40000 ConcurrentGCThread "G1 Conc#1" [stack: 0x000000f275d00000,0x000000f275e00000] [id=18768]
  0x00000253543fe800 ConcurrentGCThread "G1 Refine#0" [stack: 0x000000f274400000,0x000000f274500000] [id=7652]
  0x0000025377b1d800 ConcurrentGCThread "G1 Refine#1" [stack: 0x000000f275700000,0x000000f275800000] [id=8868]
  0x0000025376dea800 ConcurrentGCThread "G1 Young RemSet Sampling" [stack: 0x000000f274500000,0x000000f274600000] [id=15232]

Threads with active compile tasks:

VM state:at safepoint (normal execution)

VM Mutex/Monitor currently owned by a thread:  ([mutex/lock_event])
[0x000002535432e990] Threads_lock - owner thread: 0x0000025376efb000
[0x000002535432ed80] Heap_lock - owner thread: 0x0000025378ec3800

OutOfMemory and StackOverflow Exception counts:
OutOfMemoryError java_heap_errors=1
LinkageErrors=113

Heap address: 0x0000000702800000, size: 4056 MB, Compressed Oops mode: Zero based, Oop shift amount: 3
Narrow klass base: 0x0000000800000000, Narrow klass shift: 0
Compressed class space size: 1073741824 Address: 0x0000000800000000

Heap:
 garbage-first heap   total 260096K, used 41401K [0x0000000702800000, 0x0000000800000000)
  region size 1024K, 8 young (8192K), 8 survivors (8192K)
 Metaspace       used 69605K, capacity 71920K, committed 72064K, reserved 1120256K
  class space    used 9320K, capacity 10286K, committed 10368K, reserved 1048576K
Heap Regions: E=young(eden), S=young(survivor), O=old, HS=humongous(starts), HC=humongous(continues), CS=collection set, F=free, A=archive, TAMS=top-at-mark-start (previous, next)
|   0|0x0000000702800000, 0x0000000702900000, 0x0000000702900000|100%| O|  |TAMS 0x0000000702900000, 0x0000000702900000| Untracked 
|   1|0x0000000702900000, 0x0000000702a00000, 0x0000000702a00000|100%|HS|  |TAMS 0x0000000702a00000, 0x0000000702a00000| Complete 
|   2|0x0000000702a00000, 0x0000000702b00000, 0x0000000702b00000|100%| O|  |TAMS 0x0000000702b00000, 0x0000000702b00000| Untracked 
|   3|0x0000000702b00000, 0x0000000702c00000, 0x0000000702c00000|100%| O|  |TAMS 0x0000000702c00000, 0x0000000702c00000| Untracked 
|   4|0x0000000702c00000, 0x0000000702d00000, 0x0000000702d00000|100%| O|  |TAMS 0x0000000702d00000, 0x0000000702d00000| Untracked 
|   5|0x0000000702d00000, 0x0000000702e00000, 0x0000000702e00000|100%| O|  |TAMS 0x0000000702e00000, 0x0000000702e00000| Untracked 
|   6|0x0000000702e00000, 0x0000000702f00000, 0x0000000702f00000|100%| O|  |TAMS 0x0000000702f00000, 0x0000000702f00000| Untracked 
|   7|0x0000000702f00000, 0x0000000703000000, 0x0000000703000000|100%| O|  |TAMS 0x0000000703000000, 0x0000000703000000| Untracked 
|   8|0x0000000703000000, 0x0000000703100000, 0x0000000703100000|100%| O|  |TAMS 0x0000000703100000, 0x0000000703100000| Untracked 
|   9|0x0000000703100000, 0x0000000703200000, 0x0000000703200000|100%| O|  |TAMS 0x0000000703200000, 0x0000000703200000| Untracked 
|  10|0x0000000703200000, 0x0000000703300000, 0x0000000703300000|100%| O|  |TAMS 0x0000000703300000, 0x0000000703300000| Untracked 
|  11|0x0000000703300000, 0x0000000703400000, 0x0000000703400000|100%| O|  |TAMS 0x0000000703400000, 0x0000000703400000| Untracked 
|  12|0x0000000703400000, 0x0000000703500000, 0x0000000703500000|100%| O|  |TAMS 0x0000000703500000, 0x0000000703500000| Untracked 
|  13|0x0000000703500000, 0x0000000703600000, 0x0000000703600000|100%| O|  |TAMS 0x0000000703600000, 0x0000000703600000| Untracked 
|  14|0x0000000703600000, 0x0000000703700000, 0x0000000703700000|100%| O|  |TAMS 0x0000000703700000, 0x0000000703700000| Untracked 
|  15|0x0000000703700000, 0x0000000703800000, 0x0000000703800000|100%| O|  |TAMS 0x0000000703800000, 0x0000000703800000| Untracked 
|  16|0x0000000703800000, 0x0000000703900000, 0x0000000703900000|100%| O|  |TAMS 0x0000000703900000, 0x0000000703900000| Untracked 
|  17|0x0000000703900000, 0x0000000703a00000, 0x0000000703a00000|100%| O|  |TAMS 0x0000000703a00000, 0x0000000703a00000| Untracked 
|  18|0x0000000703a00000, 0x0000000703b00000, 0x0000000703b00000|100%| O|  |TAMS 0x0000000703a24800, 0x0000000703b00000| Untracked 
|  19|0x0000000703b00000, 0x0000000703c00000, 0x0000000703c00000|100%| O|  |TAMS 0x0000000703b00000, 0x0000000703c00000| Untracked 
|  20|0x0000000703c00000, 0x0000000703d00000, 0x0000000703d00000|100%| O|  |TAMS 0x0000000703c00000, 0x0000000703d00000| Untracked 
|  21|0x0000000703d00000, 0x0000000703e00000, 0x0000000703e00000|100%|HS|  |TAMS 0x0000000703e00000, 0x0000000703e00000| Complete 
|  22|0x0000000703e00000, 0x0000000703f00000, 0x0000000703f00000|100%|HC|  |TAMS 0x0000000703f00000, 0x0000000703f00000| Complete 
|  23|0x0000000703f00000, 0x0000000704000000, 0x0000000704000000|100%| O|  |TAMS 0x0000000704000000, 0x0000000704000000| Untracked 
|  24|0x0000000704000000, 0x0000000704100000, 0x0000000704100000|100%| O|  |TAMS 0x0000000704100000, 0x0000000704100000| Untracked 
|  25|0x0000000704100000, 0x0000000704200000, 0x0000000704200000|100%| O|  |TAMS 0x0000000704200000, 0x0000000704200000| Untracked 
|  26|0x0000000704200000, 0x0000000704300000, 0x0000000704300000|100%| O|  |TAMS 0x0000000704300000, 0x0000000704300000| Untracked 
|  27|0x0000000704300000, 0x0000000704400000, 0x0000000704400000|100%| O|  |TAMS 0x0000000704400000, 0x0000000704400000| Untracked 
|  28|0x0000000704400000, 0x0000000704500000, 0x0000000704500000|100%| O|  |TAMS 0x0000000704500000, 0x0000000704500000| Untracked 
|  29|0x0000000704500000, 0x0000000704600000, 0x0000000704600000|100%| O|  |TAMS 0x0000000704600000, 0x0000000704600000| Untracked 
|  30|0x0000000704600000, 0x0000000704700000, 0x0000000704700000|100%| O|  |TAMS 0x0000000704700000, 0x0000000704700000| Untracked 
|  31|0x0000000704700000, 0x0000000704800000, 0x0000000704800000|100%| O|  |TAMS 0x0000000704700000, 0x0000000704800000| Untracked 
|  32|0x0000000704800000, 0x0000000704900000, 0x0000000704900000|100%| O|  |TAMS 0x0000000704800000, 0x0000000704900000| Untracked 
|  33|0x0000000704900000, 0x0000000704900000, 0x0000000704a00000|  0%| F|  |TAMS 0x0000000704900000, 0x0000000704900000| Untracked 
|  34|0x0000000704a00000, 0x0000000704a00000, 0x0000000704b00000|  0%| F|  |TAMS 0x0000000704a00000, 0x0000000704a00000| Untracked 
|  35|0x0000000704b00000, 0x0000000704b00000, 0x0000000704c00000|  0%| F|  |TAMS 0x0000000704b00000, 0x0000000704b00000| Untracked 
|  36|0x0000000704c00000, 0x0000000704c00000, 0x0000000704d00000|  0%| F|  |TAMS 0x0000000704c00000, 0x0000000704c00000| Untracked 
|  37|0x0000000704d00000, 0x0000000704d00000, 0x0000000704e00000|  0%| F|  |TAMS 0x0000000704d00000, 0x0000000704d00000| Untracked 
|  38|0x0000000704e00000, 0x0000000704e00000, 0x0000000704f00000|  0%| F|  |TAMS 0x0000000704e00000, 0x0000000704e00000| Untracked 
|  39|0x0000000704f00000, 0x0000000704f00000, 0x0000000705000000|  0%| F|  |TAMS 0x0000000704f00000, 0x0000000704f00000| Untracked 
|  40|0x0000000705000000, 0x0000000705000000, 0x0000000705100000|  0%| F|  |TAMS 0x0000000705000000, 0x0000000705000000| Untracked 
|  41|0x0000000705100000, 0x0000000705100000, 0x0000000705200000|  0%| F|  |TAMS 0x0000000705100000, 0x0000000705100000| Untracked 
|  42|0x0000000705200000, 0x0000000705200000, 0x0000000705300000|  0%| F|  |TAMS 0x0000000705200000, 0x0000000705200000| Untracked 
|  43|0x0000000705300000, 0x0000000705300000, 0x0000000705400000|  0%| F|  |TAMS 0x0000000705300000, 0x0000000705300000| Untracked 
|  44|0x0000000705400000, 0x0000000705400000, 0x0000000705500000|  0%| F|  |TAMS 0x0000000705400000, 0x0000000705400000| Untracked 
|  45|0x0000000705500000, 0x0000000705500000, 0x0000000705600000|  0%| F|  |TAMS 0x0000000705500000, 0x0000000705500000| Untracked 
|  46|0x0000000705600000, 0x0000000705600000, 0x0000000705700000|  0%| F|  |TAMS 0x0000000705600000, 0x0000000705600000| Untracked 
|  47|0x0000000705700000, 0x0000000705700000, 0x0000000705800000|  0%| F|  |TAMS 0x0000000705700000, 0x0000000705700000| Untracked 
|  48|0x0000000705800000, 0x0000000705800000, 0x0000000705900000|  0%| F|  |TAMS 0x0000000705800000, 0x0000000705800000| Untracked 
|  49|0x0000000705900000, 0x0000000705900000, 0x0000000705a00000|  0%| F|  |TAMS 0x0000000705900000, 0x0000000705900000| Untracked 
|  50|0x0000000705a00000, 0x0000000705a00000, 0x0000000705b00000|  0%| F|  |TAMS 0x0000000705a00000, 0x0000000705a00000| Untracked 
|  51|0x0000000705b00000, 0x0000000705b00000, 0x0000000705c00000|  0%| F|  |TAMS 0x0000000705b00000, 0x0000000705b00000| Untracked 
|  52|0x0000000705c00000, 0x0000000705c00000, 0x0000000705d00000|  0%| F|  |TAMS 0x0000000705c00000, 0x0000000705c00000| Untracked 
|  53|0x0000000705d00000, 0x0000000705d00000, 0x0000000705e00000|  0%| F|  |TAMS 0x0000000705d00000, 0x0000000705d00000| Untracked 
|  54|0x0000000705e00000, 0x0000000705e00000, 0x0000000705f00000|  0%| F|  |TAMS 0x0000000705e00000, 0x0000000705e00000| Untracked 
|  55|0x0000000705f00000, 0x0000000705f00000, 0x0000000706000000|  0%| F|  |TAMS 0x0000000705f00000, 0x0000000705f00000| Untracked 
|  56|0x0000000706000000, 0x0000000706000000, 0x0000000706100000|  0%| F|  |TAMS 0x0000000706000000, 0x0000000706000000| Untracked 
|  57|0x0000000706100000, 0x0000000706100000, 0x0000000706200000|  0%| F|  |TAMS 0x0000000706100000, 0x0000000706100000| Untracked 
|  58|0x0000000706200000, 0x0000000706200000, 0x0000000706300000|  0%| F|  |TAMS 0x0000000706200000, 0x0000000706200000| Untracked 
|  59|0x0000000706300000, 0x0000000706300000, 0x0000000706400000|  0%| F|  |TAMS 0x0000000706300000, 0x0000000706300000| Untracked 
|  60|0x0000000706400000, 0x0000000706400000, 0x0000000706500000|  0%| F|  |TAMS 0x0000000706400000, 0x0000000706400000| Untracked 
|  61|0x0000000706500000, 0x0000000706500000, 0x0000000706600000|  0%| F|  |TAMS 0x0000000706500000, 0x0000000706500000| Untracked 
|  62|0x0000000706600000, 0x0000000706600000, 0x0000000706700000|  0%| F|  |TAMS 0x0000000706600000, 0x0000000706600000| Untracked 
|  63|0x0000000706700000, 0x0000000706700000, 0x0000000706800000|  0%| F|  |TAMS 0x0000000706700000, 0x0000000706700000| Untracked 
|  64|0x0000000706800000, 0x0000000706800000, 0x0000000706900000|  0%| F|  |TAMS 0x0000000706800000, 0x0000000706800000| Untracked 
|  65|0x0000000706900000, 0x0000000706900000, 0x0000000706a00000|  0%| F|  |TAMS 0x0000000706900000, 0x0000000706900000| Untracked 
|  66|0x0000000706a00000, 0x0000000706a00000, 0x0000000706b00000|  0%| F|  |TAMS 0x0000000706a00000, 0x0000000706a00000| Untracked 
|  67|0x0000000706b00000, 0x0000000706b00000, 0x0000000706c00000|  0%| F|  |TAMS 0x0000000706b00000, 0x0000000706b00000| Untracked 
|  68|0x0000000706c00000, 0x0000000706c00000, 0x0000000706d00000|  0%| F|  |TAMS 0x0000000706c00000, 0x0000000706c00000| Untracked 
|  69|0x0000000706d00000, 0x0000000706d00000, 0x0000000706e00000|  0%| F|  |TAMS 0x0000000706d00000, 0x0000000706d00000| Untracked 
|  70|0x0000000706e00000, 0x0000000706e00000, 0x0000000706f00000|  0%| F|  |TAMS 0x0000000706e00000, 0x0000000706e00000| Untracked 
|  71|0x0000000706f00000, 0x0000000706f00000, 0x0000000707000000|  0%| F|  |TAMS 0x0000000706f00000, 0x0000000706f00000| Untracked 
|  72|0x0000000707000000, 0x0000000707000000, 0x0000000707100000|  0%| F|  |TAMS 0x0000000707000000, 0x0000000707000000| Untracked 
|  73|0x0000000707100000, 0x0000000707100000, 0x0000000707200000|  0%| F|  |TAMS 0x0000000707100000, 0x0000000707100000| Untracked 
|  74|0x0000000707200000, 0x0000000707200000, 0x0000000707300000|  0%| F|  |TAMS 0x0000000707200000, 0x0000000707200000| Untracked 
|  75|0x0000000707300000, 0x0000000707300000, 0x0000000707400000|  0%| F|  |TAMS 0x0000000707300000, 0x0000000707300000| Untracked 
|  76|0x0000000707400000, 0x0000000707400000, 0x0000000707500000|  0%| F|  |TAMS 0x0000000707400000, 0x0000000707400000| Untracked 
|  77|0x0000000707500000, 0x0000000707500000, 0x0000000707600000|  0%| F|  |TAMS 0x0000000707500000, 0x0000000707500000| Untracked 
|  78|0x0000000707600000, 0x0000000707600000, 0x0000000707700000|  0%| F|  |TAMS 0x0000000707600000, 0x0000000707600000| Untracked 
|  79|0x0000000707700000, 0x0000000707700000, 0x0000000707800000|  0%| F|  |TAMS 0x0000000707700000, 0x0000000707700000| Untracked 
|  80|0x0000000707800000, 0x0000000707800000, 0x0000000707900000|  0%| F|  |TAMS 0x0000000707800000, 0x0000000707800000| Untracked 
|  81|0x0000000707900000, 0x0000000707900000, 0x0000000707a00000|  0%| F|  |TAMS 0x0000000707900000, 0x0000000707900000| Untracked 
|  82|0x0000000707a00000, 0x0000000707a00000, 0x0000000707b00000|  0%| F|  |TAMS 0x0000000707a00000, 0x0000000707a00000| Untracked 
|  83|0x0000000707b00000, 0x0000000707b00000, 0x0000000707c00000|  0%| F|  |TAMS 0x0000000707b00000, 0x0000000707b00000| Untracked 
|  84|0x0000000707c00000, 0x0000000707c00000, 0x0000000707d00000|  0%| F|  |TAMS 0x0000000707c00000, 0x0000000707c00000| Untracked 
|  85|0x0000000707d00000, 0x0000000707d00000, 0x0000000707e00000|  0%| F|  |TAMS 0x0000000707d00000, 0x0000000707d00000| Untracked 
|  86|0x0000000707e00000, 0x0000000707e00000, 0x0000000707f00000|  0%| F|  |TAMS 0x0000000707e00000, 0x0000000707e00000| Untracked 
|  87|0x0000000707f00000, 0x0000000707f00000, 0x0000000708000000|  0%| F|  |TAMS 0x0000000707f00000, 0x0000000707f00000| Untracked 
|  88|0x0000000708000000, 0x0000000708000000, 0x0000000708100000|  0%| F|  |TAMS 0x0000000708000000, 0x0000000708000000| Untracked 
|  89|0x0000000708100000, 0x0000000708100000, 0x0000000708200000|  0%| F|  |TAMS 0x0000000708100000, 0x0000000708100000| Untracked 
|  90|0x0000000708200000, 0x0000000708200000, 0x0000000708300000|  0%| F|  |TAMS 0x0000000708200000, 0x0000000708200000| Untracked 
|  91|0x0000000708300000, 0x0000000708300000, 0x0000000708400000|  0%| F|  |TAMS 0x0000000708300000, 0x0000000708300000| Untracked 
|  92|0x0000000708400000, 0x0000000708400000, 0x0000000708500000|  0%| F|  |TAMS 0x0000000708400000, 0x0000000708400000| Untracked 
|  93|0x0000000708500000, 0x0000000708500000, 0x0000000708600000|  0%| F|  |TAMS 0x0000000708500000, 0x0000000708500000| Untracked 
|  94|0x0000000708600000, 0x0000000708600000, 0x0000000708700000|  0%| F|  |TAMS 0x0000000708600000, 0x0000000708600000| Untracked 
|  95|0x0000000708700000, 0x0000000708700000, 0x0000000708800000|  0%| F|  |TAMS 0x0000000708700000, 0x0000000708700000| Untracked 
|  96|0x0000000708800000, 0x0000000708800000, 0x0000000708900000|  0%| F|  |TAMS 0x0000000708800000, 0x0000000708800000| Untracked 
|  97|0x0000000708900000, 0x0000000708900000, 0x0000000708a00000|  0%| F|  |TAMS 0x0000000708900000, 0x0000000708900000| Untracked 
|  98|0x0000000708a00000, 0x0000000708a00000, 0x0000000708b00000|  0%| F|  |TAMS 0x0000000708a00000, 0x0000000708a00000| Untracked 
|  99|0x0000000708b00000, 0x0000000708b00000, 0x0000000708c00000|  0%| F|  |TAMS 0x0000000708b00000, 0x0000000708b00000| Untracked 
| 100|0x0000000708c00000, 0x0000000708c00000, 0x0000000708d00000|  0%| F|  |TAMS 0x0000000708c00000, 0x0000000708c00000| Untracked 
| 101|0x0000000708d00000, 0x0000000708d00000, 0x0000000708e00000|  0%| F|  |TAMS 0x0000000708d00000, 0x0000000708d00000| Untracked 
| 102|0x0000000708e00000, 0x0000000708e00000, 0x0000000708f00000|  0%| F|  |TAMS 0x0000000708e00000, 0x0000000708e00000| Untracked 
| 103|0x0000000708f00000, 0x0000000708f00000, 0x0000000709000000|  0%| F|  |TAMS 0x0000000708f00000, 0x0000000708f00000| Untracked 
| 104|0x0000000709000000, 0x0000000709000000, 0x0000000709100000|  0%| F|  |TAMS 0x0000000709000000, 0x0000000709000000| Untracked 
| 105|0x0000000709100000, 0x0000000709100000, 0x0000000709200000|  0%| F|  |TAMS 0x0000000709100000, 0x0000000709100000| Untracked 
| 106|0x0000000709200000, 0x0000000709200000, 0x0000000709300000|  0%| F|  |TAMS 0x0000000709200000, 0x0000000709200000| Untracked 
| 107|0x0000000709300000, 0x0000000709300000, 0x0000000709400000|  0%| F|  |TAMS 0x0000000709300000, 0x0000000709300000| Untracked 
| 108|0x0000000709400000, 0x0000000709400000, 0x0000000709500000|  0%| F|  |TAMS 0x0000000709400000, 0x0000000709400000| Untracked 
| 109|0x0000000709500000, 0x0000000709500000, 0x0000000709600000|  0%| F|  |TAMS 0x0000000709500000, 0x0000000709500000| Untracked 
| 110|0x0000000709600000, 0x0000000709600000, 0x0000000709700000|  0%| F|  |TAMS 0x0000000709600000, 0x0000000709600000| Untracked 
| 111|0x0000000709700000, 0x0000000709700000, 0x0000000709800000|  0%| F|  |TAMS 0x0000000709700000, 0x0000000709700000| Untracked 
| 112|0x0000000709800000, 0x0000000709800000, 0x0000000709900000|  0%| F|  |TAMS 0x0000000709800000, 0x0000000709800000| Untracked 
| 113|0x0000000709900000, 0x0000000709900000, 0x0000000709a00000|  0%| F|  |TAMS 0x0000000709900000, 0x0000000709900000| Untracked 
| 114|0x0000000709a00000, 0x0000000709a00000, 0x0000000709b00000|  0%| F|  |TAMS 0x0000000709a00000, 0x0000000709a00000| Untracked 
| 115|0x0000000709b00000, 0x0000000709b00000, 0x0000000709c00000|  0%| F|  |TAMS 0x0000000709b00000, 0x0000000709b00000| Untracked 
| 116|0x0000000709c00000, 0x0000000709c00000, 0x0000000709d00000|  0%| F|  |TAMS 0x0000000709c00000, 0x0000000709c00000| Untracked 
| 117|0x0000000709d00000, 0x0000000709d00000, 0x0000000709e00000|  0%| F|  |TAMS 0x0000000709d00000, 0x0000000709d00000| Untracked 
| 118|0x0000000709e00000, 0x0000000709e00000, 0x0000000709f00000|  0%| F|  |TAMS 0x0000000709e00000, 0x0000000709e00000| Untracked 
| 119|0x0000000709f00000, 0x0000000709f00000, 0x000000070a000000|  0%| F|  |TAMS 0x0000000709f00000, 0x0000000709f00000| Untracked 
| 120|0x000000070a000000, 0x000000070a000000, 0x000000070a100000|  0%| F|  |TAMS 0x000000070a000000, 0x000000070a000000| Untracked 
| 121|0x000000070a100000, 0x000000070a100000, 0x000000070a200000|  0%| F|  |TAMS 0x000000070a100000, 0x000000070a100000| Untracked 
| 122|0x000000070a200000, 0x000000070a200000, 0x000000070a300000|  0%| F|  |TAMS 0x000000070a200000, 0x000000070a200000| Untracked 
| 123|0x000000070a300000, 0x000000070a300000, 0x000000070a400000|  0%| F|  |TAMS 0x000000070a300000, 0x000000070a300000| Untracked 
| 124|0x000000070a400000, 0x000000070a400000, 0x000000070a500000|  0%| F|  |TAMS 0x000000070a400000, 0x000000070a400000| Untracked 
| 125|0x000000070a500000, 0x000000070a500000, 0x000000070a600000|  0%| F|  |TAMS 0x000000070a500000, 0x000000070a500000| Untracked 
| 126|0x000000070a600000, 0x000000070a600000, 0x000000070a700000|  0%| F|  |TAMS 0x000000070a600000, 0x000000070a600000| Untracked 
| 127|0x000000070a700000, 0x000000070a700000, 0x000000070a800000|  0%| F|  |TAMS 0x000000070a700000, 0x000000070a700000| Untracked 
| 128|0x000000070a800000, 0x000000070a800000, 0x000000070a900000|  0%| F|  |TAMS 0x000000070a800000, 0x000000070a800000| Untracked 
| 129|0x000000070a900000, 0x000000070a900000, 0x000000070aa00000|  0%| F|  |TAMS 0x000000070a900000, 0x000000070a900000| Untracked 
| 130|0x000000070aa00000, 0x000000070aa00000, 0x000000070ab00000|  0%| F|  |TAMS 0x000000070aa00000, 0x000000070aa00000| Untracked 
| 131|0x000000070ab00000, 0x000000070ab00000, 0x000000070ac00000|  0%| F|  |TAMS 0x000000070ab00000, 0x000000070ab00000| Untracked 
| 132|0x000000070ac00000, 0x000000070ac00000, 0x000000070ad00000|  0%| F|  |TAMS 0x000000070ac00000, 0x000000070ac00000| Untracked 
| 133|0x000000070ad00000, 0x000000070ad00000, 0x000000070ae00000|  0%| F|  |TAMS 0x000000070ad00000, 0x000000070ad00000| Untracked 
| 134|0x000000070ae00000, 0x000000070ae00000, 0x000000070af00000|  0%| F|  |TAMS 0x000000070ae00000, 0x000000070ae00000| Untracked 
| 135|0x000000070af00000, 0x000000070af00000, 0x000000070b000000|  0%| F|  |TAMS 0x000000070af00000, 0x000000070af00000| Untracked 
| 136|0x000000070b000000, 0x000000070b000000, 0x000000070b100000|  0%| F|  |TAMS 0x000000070b000000, 0x000000070b000000| Untracked 
| 137|0x000000070b100000, 0x000000070b100000, 0x000000070b200000|  0%| F|  |TAMS 0x000000070b100000, 0x000000070b100000| Untracked 
| 138|0x000000070b200000, 0x000000070b200000, 0x000000070b300000|  0%| F|  |TAMS 0x000000070b200000, 0x000000070b200000| Untracked 
| 139|0x000000070b300000, 0x000000070b300000, 0x000000070b400000|  0%| F|  |TAMS 0x000000070b300000, 0x000000070b300000| Untracked 
| 140|0x000000070b400000, 0x000000070b400000, 0x000000070b500000|  0%| F|  |TAMS 0x000000070b400000, 0x000000070b400000| Untracked 
| 141|0x000000070b500000, 0x000000070b500000, 0x000000070b600000|  0%| F|  |TAMS 0x000000070b500000, 0x000000070b500000| Untracked 
| 142|0x000000070b600000, 0x000000070b600000, 0x000000070b700000|  0%| F|  |TAMS 0x000000070b600000, 0x000000070b600000| Untracked 
| 143|0x000000070b700000, 0x000000070b700000, 0x000000070b800000|  0%| F|  |TAMS 0x000000070b700000, 0x000000070b700000| Untracked 
| 144|0x000000070b800000, 0x000000070b800000, 0x000000070b900000|  0%| F|  |TAMS 0x000000070b800000, 0x000000070b800000| Untracked 
| 145|0x000000070b900000, 0x000000070b900000, 0x000000070ba00000|  0%| F|  |TAMS 0x000000070b900000, 0x000000070b900000| Untracked 
| 146|0x000000070ba00000, 0x000000070ba00000, 0x000000070bb00000|  0%| F|  |TAMS 0x000000070ba00000, 0x000000070ba00000| Untracked 
| 147|0x000000070bb00000, 0x000000070bb00000, 0x000000070bc00000|  0%| F|  |TAMS 0x000000070bb00000, 0x000000070bb00000| Untracked 
| 148|0x000000070bc00000, 0x000000070bc00000, 0x000000070bd00000|  0%| F|  |TAMS 0x000000070bc00000, 0x000000070bc00000| Untracked 
| 149|0x000000070bd00000, 0x000000070bd00000, 0x000000070be00000|  0%| F|  |TAMS 0x000000070bd00000, 0x000000070bd00000| Untracked 
| 150|0x000000070be00000, 0x000000070be00000, 0x000000070bf00000|  0%| F|  |TAMS 0x000000070be00000, 0x000000070be00000| Untracked 
| 151|0x000000070bf00000, 0x000000070bf00000, 0x000000070c000000|  0%| F|  |TAMS 0x000000070bf00000, 0x000000070bf00000| Untracked 
| 152|0x000000070c000000, 0x000000070c000000, 0x000000070c100000|  0%| F|  |TAMS 0x000000070c000000, 0x000000070c000000| Untracked 
| 153|0x000000070c100000, 0x000000070c100000, 0x000000070c200000|  0%| F|  |TAMS 0x000000070c100000, 0x000000070c100000| Untracked 
| 154|0x000000070c200000, 0x000000070c200000, 0x000000070c300000|  0%| F|  |TAMS 0x000000070c200000, 0x000000070c200000| Untracked 
| 155|0x000000070c300000, 0x000000070c300000, 0x000000070c400000|  0%| F|  |TAMS 0x000000070c300000, 0x000000070c300000| Untracked 
| 156|0x000000070c400000, 0x000000070c400000, 0x000000070c500000|  0%| F|  |TAMS 0x000000070c400000, 0x000000070c400000| Untracked 
| 157|0x000000070c500000, 0x000000070c500000, 0x000000070c600000|  0%| F|  |TAMS 0x000000070c500000, 0x000000070c500000| Untracked 
| 158|0x000000070c600000, 0x000000070c600000, 0x000000070c700000|  0%| F|  |TAMS 0x000000070c600000, 0x000000070c600000| Untracked 
| 159|0x000000070c700000, 0x000000070c700000, 0x000000070c800000|  0%| F|  |TAMS 0x000000070c700000, 0x000000070c700000| Untracked 
| 160|0x000000070c800000, 0x000000070c800000, 0x000000070c900000|  0%| F|  |TAMS 0x000000070c800000, 0x000000070c800000| Untracked 
| 161|0x000000070c900000, 0x000000070c900000, 0x000000070ca00000|  0%| F|  |TAMS 0x000000070c900000, 0x000000070c900000| Untracked 
| 162|0x000000070ca00000, 0x000000070ca00000, 0x000000070cb00000|  0%| F|  |TAMS 0x000000070ca00000, 0x000000070ca00000| Untracked 
| 163|0x000000070cb00000, 0x000000070cb00000, 0x000000070cc00000|  0%| F|  |TAMS 0x000000070cb00000, 0x000000070cb00000| Untracked 
| 164|0x000000070cc00000, 0x000000070cc00000, 0x000000070cd00000|  0%| F|  |TAMS 0x000000070cc00000, 0x000000070cc00000| Untracked 
| 165|0x000000070cd00000, 0x000000070cd00000, 0x000000070ce00000|  0%| F|  |TAMS 0x000000070cd00000, 0x000000070cd00000| Untracked 
| 166|0x000000070ce00000, 0x000000070ce00000, 0x000000070cf00000|  0%| F|  |TAMS 0x000000070ce00000, 0x000000070ce00000| Untracked 
| 167|0x000000070cf00000, 0x000000070cf00000, 0x000000070d000000|  0%| F|  |TAMS 0x000000070cf00000, 0x000000070cf00000| Untracked 
| 168|0x000000070d000000, 0x000000070d000000, 0x000000070d100000|  0%| F|  |TAMS 0x000000070d000000, 0x000000070d000000| Untracked 
| 169|0x000000070d100000, 0x000000070d100000, 0x000000070d200000|  0%| F|  |TAMS 0x000000070d100000, 0x000000070d100000| Untracked 
| 170|0x000000070d200000, 0x000000070d200000, 0x000000070d300000|  0%| F|  |TAMS 0x000000070d200000, 0x000000070d200000| Untracked 
| 171|0x000000070d300000, 0x000000070d300000, 0x000000070d400000|  0%| F|  |TAMS 0x000000070d300000, 0x000000070d300000| Untracked 
| 172|0x000000070d400000, 0x000000070d400000, 0x000000070d500000|  0%| F|  |TAMS 0x000000070d400000, 0x000000070d400000| Untracked 
| 173|0x000000070d500000, 0x000000070d500000, 0x000000070d600000|  0%| F|  |TAMS 0x000000070d500000, 0x000000070d500000| Untracked 
| 174|0x000000070d600000, 0x000000070d600000, 0x000000070d700000|  0%| F|  |TAMS 0x000000070d600000, 0x000000070d600000| Untracked 
| 175|0x000000070d700000, 0x000000070d700000, 0x000000070d800000|  0%| F|  |TAMS 0x000000070d700000, 0x000000070d700000| Untracked 
| 176|0x000000070d800000, 0x000000070d800000, 0x000000070d900000|  0%| F|  |TAMS 0x000000070d800000, 0x000000070d800000| Untracked 
| 177|0x000000070d900000, 0x000000070d900000, 0x000000070da00000|  0%| F|  |TAMS 0x000000070d900000, 0x000000070d900000| Untracked 
| 178|0x000000070da00000, 0x000000070da00000, 0x000000070db00000|  0%| F|  |TAMS 0x000000070da00000, 0x000000070da00000| Untracked 
| 179|0x000000070db00000, 0x000000070db00000, 0x000000070dc00000|  0%| F|  |TAMS 0x000000070db00000, 0x000000070db00000| Untracked 
| 180|0x000000070dc00000, 0x000000070dc00000, 0x000000070dd00000|  0%| F|  |TAMS 0x000000070dc00000, 0x000000070dc00000| Untracked 
| 181|0x000000070dd00000, 0x000000070dd00000, 0x000000070de00000|  0%| F|  |TAMS 0x000000070dd00000, 0x000000070dd00000| Untracked 
| 182|0x000000070de00000, 0x000000070de00000, 0x000000070df00000|  0%| F|  |TAMS 0x000000070de00000, 0x000000070de00000| Untracked 
| 183|0x000000070df00000, 0x000000070df00000, 0x000000070e000000|  0%| F|  |TAMS 0x000000070df00000, 0x000000070df00000| Untracked 
| 184|0x000000070e000000, 0x000000070e000000, 0x000000070e100000|  0%| F|  |TAMS 0x000000070e000000, 0x000000070e000000| Untracked 
| 185|0x000000070e100000, 0x000000070e100000, 0x000000070e200000|  0%| F|  |TAMS 0x000000070e100000, 0x000000070e100000| Untracked 
| 186|0x000000070e200000, 0x000000070e200000, 0x000000070e300000|  0%| F|  |TAMS 0x000000070e200000, 0x000000070e200000| Untracked 
| 187|0x000000070e300000, 0x000000070e300000, 0x000000070e400000|  0%| F|  |TAMS 0x000000070e300000, 0x000000070e300000| Untracked 
| 188|0x000000070e400000, 0x000000070e400000, 0x000000070e500000|  0%| F|  |TAMS 0x000000070e400000, 0x000000070e400000| Untracked 
| 189|0x000000070e500000, 0x000000070e500000, 0x000000070e600000|  0%| F|  |TAMS 0x000000070e500000, 0x000000070e500000| Untracked 
| 190|0x000000070e600000, 0x000000070e600000, 0x000000070e700000|  0%| F|  |TAMS 0x000000070e600000, 0x000000070e600000| Untracked 
| 191|0x000000070e700000, 0x000000070e700000, 0x000000070e800000|  0%| F|  |TAMS 0x000000070e700000, 0x000000070e700000| Untracked 
| 192|0x000000070e800000, 0x000000070e800000, 0x000000070e900000|  0%| F|  |TAMS 0x000000070e800000, 0x000000070e800000| Untracked 
| 193|0x000000070e900000, 0x000000070e900000, 0x000000070ea00000|  0%| F|  |TAMS 0x000000070e900000, 0x000000070e900000| Untracked 
| 194|0x000000070ea00000, 0x000000070ea00000, 0x000000070eb00000|  0%| F|  |TAMS 0x000000070ea00000, 0x000000070ea00000| Untracked 
| 195|0x000000070eb00000, 0x000000070eb00000, 0x000000070ec00000|  0%| F|  |TAMS 0x000000070eb00000, 0x000000070eb00000| Untracked 
| 196|0x000000070ec00000, 0x000000070ec00000, 0x000000070ed00000|  0%| F|  |TAMS 0x000000070ec00000, 0x000000070ec00000| Untracked 
| 197|0x000000070ed00000, 0x000000070ed00000, 0x000000070ee00000|  0%| F|  |TAMS 0x000000070ed00000, 0x000000070ed00000| Untracked 
| 198|0x000000070ee00000, 0x000000070ee00000, 0x000000070ef00000|  0%| F|  |TAMS 0x000000070ee00000, 0x000000070ee00000| Untracked 
| 199|0x000000070ef00000, 0x000000070ef00000, 0x000000070f000000|  0%| F|  |TAMS 0x000000070ef00000, 0x000000070ef00000| Untracked 
| 200|0x000000070f000000, 0x000000070f000000, 0x000000070f100000|  0%| F|  |TAMS 0x000000070f000000, 0x000000070f000000| Untracked 
| 201|0x000000070f100000, 0x000000070f100000, 0x000000070f200000|  0%| F|  |TAMS 0x000000070f100000, 0x000000070f100000| Untracked 
| 202|0x000000070f200000, 0x000000070f200000, 0x000000070f300000|  0%| F|  |TAMS 0x000000070f200000, 0x000000070f200000| Untracked 
| 203|0x000000070f300000, 0x000000070f300000, 0x000000070f400000|  0%| F|  |TAMS 0x000000070f300000, 0x000000070f300000| Untracked 
| 204|0x000000070f400000, 0x000000070f400000, 0x000000070f500000|  0%| F|  |TAMS 0x000000070f400000, 0x000000070f400000| Untracked 
| 205|0x000000070f500000, 0x000000070f500000, 0x000000070f600000|  0%| F|  |TAMS 0x000000070f500000, 0x000000070f500000| Untracked 
| 206|0x000000070f600000, 0x000000070f600000, 0x000000070f700000|  0%| F|  |TAMS 0x000000070f600000, 0x000000070f600000| Untracked 
| 207|0x000000070f700000, 0x000000070f700000, 0x000000070f800000|  0%| F|  |TAMS 0x000000070f700000, 0x000000070f700000| Untracked 
| 208|0x000000070f800000, 0x000000070f800000, 0x000000070f900000|  0%| F|  |TAMS 0x000000070f800000, 0x000000070f800000| Untracked 
| 209|0x000000070f900000, 0x000000070f900000, 0x000000070fa00000|  0%| F|  |TAMS 0x000000070f900000, 0x000000070f900000| Untracked 
| 210|0x000000070fa00000, 0x000000070fa00000, 0x000000070fb00000|  0%| F|  |TAMS 0x000000070fa00000, 0x000000070fa00000| Untracked 
| 211|0x000000070fb00000, 0x000000070fb00000, 0x000000070fc00000|  0%| F|  |TAMS 0x000000070fb00000, 0x000000070fb00000| Untracked 
| 212|0x000000070fc00000, 0x000000070fc00000, 0x000000070fd00000|  0%| F|  |TAMS 0x000000070fc00000, 0x000000070fc00000| Untracked 
| 213|0x000000070fd00000, 0x000000070fd00000, 0x000000070fe00000|  0%| F|  |TAMS 0x000000070fd00000, 0x000000070fd00000| Untracked 
| 214|0x000000070fe00000, 0x000000070fe00000, 0x000000070ff00000|  0%| F|  |TAMS 0x000000070fe00000, 0x000000070fe00000| Untracked 
| 215|0x000000070ff00000, 0x000000070ff00000, 0x0000000710000000|  0%| F|  |TAMS 0x000000070ff00000, 0x000000070ff00000| Untracked 
| 216|0x0000000710000000, 0x0000000710000000, 0x0000000710100000|  0%| F|  |TAMS 0x0000000710000000, 0x0000000710000000| Untracked 
| 217|0x0000000710100000, 0x0000000710100000, 0x0000000710200000|  0%| F|  |TAMS 0x0000000710100000, 0x0000000710100000| Untracked 
| 218|0x0000000710200000, 0x0000000710200000, 0x0000000710300000|  0%| F|  |TAMS 0x0000000710200000, 0x0000000710200000| Untracked 
| 219|0x0000000710300000, 0x0000000710300000, 0x0000000710400000|  0%| F|  |TAMS 0x0000000710300000, 0x0000000710300000| Untracked 
| 220|0x0000000710400000, 0x0000000710400000, 0x0000000710500000|  0%| F|  |TAMS 0x0000000710400000, 0x0000000710400000| Untracked 
| 221|0x0000000710500000, 0x0000000710500000, 0x0000000710600000|  0%| F|  |TAMS 0x0000000710500000, 0x0000000710500000| Untracked 
| 222|0x0000000710600000, 0x0000000710600000, 0x0000000710700000|  0%| F|  |TAMS 0x0000000710600000, 0x0000000710600000| Untracked 
| 223|0x0000000710700000, 0x0000000710700000, 0x0000000710800000|  0%| F|  |TAMS 0x0000000710700000, 0x0000000710700000| Untracked 
| 224|0x0000000710800000, 0x000000071086e630, 0x0000000710900000| 43%| S|CS|TAMS 0x0000000710800000, 0x0000000710800000| Complete 
| 225|0x0000000710900000, 0x0000000710a00000, 0x0000000710a00000|100%| S|CS|TAMS 0x0000000710900000, 0x0000000710900000| Complete 
| 226|0x0000000710a00000, 0x0000000710b00000, 0x0000000710b00000|100%| S|CS|TAMS 0x0000000710a00000, 0x0000000710a00000| Complete 
| 227|0x0000000710b00000, 0x0000000710c00000, 0x0000000710c00000|100%| S|CS|TAMS 0x0000000710b00000, 0x0000000710b00000| Complete 
| 228|0x0000000710c00000, 0x0000000710d00000, 0x0000000710d00000|100%| S|CS|TAMS 0x0000000710c00000, 0x0000000710c00000| Complete 
| 229|0x0000000710d00000, 0x0000000710e00000, 0x0000000710e00000|100%| S|CS|TAMS 0x0000000710d00000, 0x0000000710d00000| Complete 
| 230|0x0000000710e00000, 0x0000000710f00000, 0x0000000710f00000|100%| S|CS|TAMS 0x0000000710e00000, 0x0000000710e00000| Complete 
| 231|0x0000000710f00000, 0x0000000711000000, 0x0000000711000000|100%| S|CS|TAMS 0x0000000710f00000, 0x0000000710f00000| Complete 
| 232|0x0000000711000000, 0x0000000711000000, 0x0000000711100000|  0%| F|  |TAMS 0x0000000711000000, 0x0000000711000000| Untracked 
| 233|0x0000000711100000, 0x0000000711100000, 0x0000000711200000|  0%| F|  |TAMS 0x0000000711100000, 0x0000000711100000| Untracked 
| 234|0x0000000711200000, 0x0000000711200000, 0x0000000711300000|  0%| F|  |TAMS 0x0000000711200000, 0x0000000711200000| Untracked 
| 235|0x0000000711300000, 0x0000000711300000, 0x0000000711400000|  0%| F|  |TAMS 0x0000000711300000, 0x0000000711300000| Untracked 
| 236|0x0000000711400000, 0x0000000711400000, 0x0000000711500000|  0%| F|  |TAMS 0x0000000711400000, 0x0000000711400000| Untracked 
| 237|0x0000000711500000, 0x0000000711500000, 0x0000000711600000|  0%| F|  |TAMS 0x0000000711500000, 0x0000000711500000| Untracked 
| 238|0x0000000711600000, 0x0000000711600000, 0x0000000711700000|  0%| F|  |TAMS 0x0000000711600000, 0x0000000711600000| Untracked 
| 239|0x0000000711700000, 0x0000000711700000, 0x0000000711800000|  0%| F|  |TAMS 0x0000000711700000, 0x0000000711700000| Untracked 
| 240|0x0000000711800000, 0x0000000711800000, 0x0000000711900000|  0%| F|  |TAMS 0x0000000711800000, 0x0000000711800000| Untracked 
| 241|0x0000000711900000, 0x0000000711900000, 0x0000000711a00000|  0%| F|  |TAMS 0x0000000711900000, 0x0000000711900000| Untracked 
| 242|0x0000000711a00000, 0x0000000711a00000, 0x0000000711b00000|  0%| F|  |TAMS 0x0000000711a00000, 0x0000000711a00000| Untracked 
| 243|0x0000000711b00000, 0x0000000711b00000, 0x0000000711c00000|  0%| F|  |TAMS 0x0000000711b00000, 0x0000000711b00000| Untracked 
| 244|0x0000000711c00000, 0x0000000711c00000, 0x0000000711d00000|  0%| F|  |TAMS 0x0000000711c00000, 0x0000000711c00000| Untracked 
| 245|0x0000000711d00000, 0x0000000711d00000, 0x0000000711e00000|  0%| F|  |TAMS 0x0000000711d00000, 0x0000000711d00000| Untracked 
| 246|0x0000000711e00000, 0x0000000711e00000, 0x0000000711f00000|  0%| F|  |TAMS 0x0000000711e00000, 0x0000000711e00000| Untracked 
| 247|0x0000000711f00000, 0x0000000711f00000, 0x0000000712000000|  0%| F|  |TAMS 0x0000000711f00000, 0x0000000711f00000| Untracked 
| 248|0x0000000712000000, 0x0000000712000000, 0x0000000712100000|  0%| F|  |TAMS 0x0000000712000000, 0x0000000712000000| Untracked 
| 249|0x0000000712100000, 0x0000000712100000, 0x0000000712200000|  0%| F|  |TAMS 0x0000000712100000, 0x0000000712100000| Untracked 
| 250|0x0000000712200000, 0x0000000712200000, 0x0000000712300000|  0%| F|  |TAMS 0x0000000712200000, 0x0000000712200000| Untracked 
| 251|0x0000000712300000, 0x0000000712300000, 0x0000000712400000|  0%| F|  |TAMS 0x0000000712300000, 0x0000000712300000| Untracked 
| 252|0x0000000712400000, 0x0000000712400000, 0x0000000712500000|  0%| F|  |TAMS 0x0000000712400000, 0x0000000712400000| Untracked 
| 253|0x0000000712500000, 0x0000000712500000, 0x0000000712600000|  0%| F|  |TAMS 0x0000000712500000, 0x0000000712500000| Untracked 

Card table byte_map: [0x000002536b4f0000,0x000002536bce0000] _byte_map_base: 0x0000025367cdc000

Marking Bits (Prev, Next): (CMBitMap*) 0x0000025354390fd0, (CMBitMap*) 0x0000025354390f98
 Prev Bits: [0x0000025370430000, 0x0000025374390000)
 Next Bits: [0x000002536c4d0000, 0x0000025370430000)

Polling page: 0x0000025353b00000

Metaspace:

Usage:
  Non-class:     60.19 MB capacity,    58.87 MB ( 98%) used,     1.05 MB (  2%) free+waste,   269.19 KB ( <1%) overhead. 
      Class:     10.04 MB capacity,     9.10 MB ( 91%) used,   826.30 KB (  8%) free+waste,   139.25 KB (  1%) overhead. 
       Both:     70.23 MB capacity,    67.97 MB ( 97%) used,     1.86 MB (  3%) free+waste,   408.44 KB ( <1%) overhead. 

Virtual space:
  Non-class space:       70.00 MB reserved,      60.25 MB ( 86%) committed 
      Class space:        1.00 GB reserved,      10.13 MB ( <1%) committed 
             Both:        1.07 GB reserved,      70.38 MB (  6%) committed 

Chunk freelists:
   Non-Class:  7.75 KB
       Class:  2.25 KB
        Both:  10.00 KB

CodeHeap 'non-profiled nmethods': size=238336Kb used=9348Kb max_used=9348Kb free=228987Kb
 bounds [0x000002535c110000, 0x000002535ca40000, 0x000002536a9d0000]
CodeHeap 'non-nmethods': size=7424Kb used=1266Kb max_used=1266Kb free=6157Kb
 bounds [0x000002535b9d0000, 0x000002535bc40000, 0x000002535c110000]
 total_blobs=6429 nmethods=5782 adapters=573
 compilation: enabled
              stopped_count=0, restarted_count=0
 full_count=0

Compilation events (10 events):
Event: 20.258 Thread 0x0000025377825000 5780   !   1       com.sun.proxy.$Proxy52::annotationType (29 bytes)
Event: 20.258 Thread 0x0000025377825000 nmethod 5780 0x000002535ca2f990 code [0x000002535ca2fb40, 0x000002535ca2fd18]
Event: 20.258 Thread 0x0000025377825000 5779   !   1       com.sun.proxy.$Proxy43::annotationType (29 bytes)
Event: 20.259 Thread 0x0000025377825000 nmethod 5779 0x000002535ca2fe90 code [0x000002535ca30040, 0x000002535ca30218]
Event: 20.269 Thread 0x0000025377825000 5781   !   1       com.sun.proxy.$Proxy64::annotationType (29 bytes)
Event: 20.269 Thread 0x0000025377825000 nmethod 5781 0x000002535ca30390 code [0x000002535ca30540, 0x000002535ca30718]
Event: 20.269 Thread 0x0000025377825000 5782   !   1       com.sun.proxy.$Proxy66::annotationType (29 bytes)
Event: 20.270 Thread 0x0000025377825000 nmethod 5782 0x000002535ca30890 code [0x000002535ca30a40, 0x000002535ca30c18]
Event: 20.279 Thread 0x0000025377825000 5783       1       sun.reflect.generics.tree.ClassSignature::getFormalTypeParameters (5 bytes)
Event: 20.280 Thread 0x0000025377825000 nmethod 5783 0x000002535ca30d90 code [0x000002535ca30f20, 0x000002535ca30fd8]

GC Heap History (10 events):
Event: 6.660 GC heap before
{Heap before GC invocations=8 (full 0):
 garbage-first heap   total 260096K, used 153791K [0x0000000702800000, 0x0000000800000000)
  region size 1024K, 134 young (137216K), 9 survivors (9216K)
 Metaspace       used 42844K, capacity 44351K, committed 44672K, reserved 1087488K
  class space    used 5548K, capacity 6171K, committed 6272K, reserved 1048576K
}
Event: 6.675 GC heap after
{Heap after GC invocations=9 (full 0):
 garbage-first heap   total 260096K, used 31460K [0x0000000702800000, 0x0000000800000000)
  region size 1024K, 17 young (17408K), 17 survivors (17408K)
 Metaspace       used 42844K, capacity 44351K, committed 44672K, reserved 1087488K
  class space    used 5548K, capacity 6171K, committed 6272K, reserved 1048576K
}
Event: 15.445 GC heap before
{Heap before GC invocations=9 (full 0):
 garbage-first heap   total 260096K, used 178916K [0x0000000702800000, 0x0000000800000000)
  region size 1024K, 152 young (155648K), 17 survivors (17408K)
 Metaspace       used 53916K, capacity 55647K, committed 55936K, reserved 1097728K
  class space    used 7014K, capacity 7770K, committed 7808K, reserved 1048576K
}
Event: 15.461 GC heap after
{Heap after GC invocations=10 (full 0):
 garbage-first heap   total 260096K, used 34677K [0x0000000702800000, 0x0000000800000000)
  region size 1024K, 14 young (14336K), 14 survivors (14336K)
 Metaspace       used 53916K, capacity 55647K, committed 55936K, reserved 1097728K
  class space    used 7014K, capacity 7770K, committed 7808K, reserved 1048576K
}
Event: 16.350 GC heap before
{Heap before GC invocations=10 (full 0):
 garbage-first heap   total 260096K, used 77685K [0x0000000702800000, 0x0000000800000000)
  region size 1024K, 57 young (58368K), 14 survivors (14336K)
 Metaspace       used 58231K, capacity 59977K, committed 60160K, reserved 1101824K
  class space    used 7568K, capacity 8322K, committed 8448K, reserved 1048576K
}
Event: 16.362 GC heap after
{Heap after GC invocations=11 (full 0):
 garbage-first heap   total 260096K, used 35868K [0x0000000702800000, 0x0000000800000000)
  region size 1024K, 7 young (7168K), 7 survivors (7168K)
 Metaspace       used 58231K, capacity 59977K, committed 60160K, reserved 1101824K
  class space    used 7568K, capacity 8322K, committed 8448K, reserved 1048576K
}
Event: 18.562 GC heap before
{Heap before GC invocations=12 (full 0):
 garbage-first heap   total 260096K, used 184348K [0x0000000702800000, 0x0000000800000000)
  region size 1024K, 152 young (155648K), 7 survivors (7168K)
 Metaspace       used 68628K, capacity 70825K, committed 71168K, reserved 1110016K
  class space    used 9173K, capacity 10116K, committed 10240K, reserved 1048576K
}
Event: 18.572 GC heap after
{Heap after GC invocations=13 (full 0):
 garbage-first heap   total 260096K, used 40238K [0x0000000702800000, 0x0000000800000000)
  region size 1024K, 12 young (12288K), 12 survivors (12288K)
 Metaspace       used 68628K, capacity 70825K, committed 71168K, reserved 1110016K
  class space    used 9173K, capacity 10116K, committed 10240K, reserved 1048576K
}
Event: 20.294 GC heap before
{Heap before GC invocations=13 (full 0):
 garbage-first heap   total 260096K, used 61742K [0x0000000702800000, 0x0000000800000000)
  region size 1024K, 34 young (34816K), 12 survivors (12288K)
 Metaspace       used 69605K, capacity 71920K, committed 72064K, reserved 1118208K
  class space    used 9320K, capacity 10286K, committed 10368K, reserved 1048576K
}
Event: 20.309 GC heap after
{Heap after GC invocations=14 (full 0):
 garbage-first heap   total 260096K, used 41401K [0x0000000702800000, 0x0000000800000000)
  region size 1024K, 8 young (8192K), 8 survivors (8192K)
 Metaspace       used 69605K, capacity 71920K, committed 72064K, reserved 1118208K
  class space    used 9320K, capacity 10286K, committed 10368K, reserved 1048576K
}

Deoptimization events (0 events):
No events

Classes redefined (0 events):
No events

Internal exceptions (10 events):
Event: 18.085 Thread 0x0000025378ec3800 Exception <a 'java/lang/ClassNotFoundException'{0x000000070b3ea3f8}: java/lang/ObjectCustomizer> (0x000000070b3ea3f8) thrown at [./open/src/hotspot/share/classfile/systemDictionary.cpp, line 226]
Event: 18.087 Thread 0x0000025378ec3800 Exception <a 'java/lang/ClassNotFoundException'{0x000000070b213e08}: org/springframework/security/config/annotation/web/configuration/HttpSecurityConfigurationCustomizer> (0x000000070b213e08) thrown at [./open/src/hotspot/share/classfile/systemDictionary.
Event: 18.310 Thread 0x0000025378ec3800 Exception <a 'java/lang/NoSuchMethodError'{0x0000000709ef08a0}: java.lang.invoke.DirectMethodHandle$Holder.invokeInterface(Ljava/lang/Object;Ljava/lang/Object;Ljava/lang/Object;Ljava/lang/Object;)Ljava/lang/Object;> (0x0000000709ef08a0) thrown at [./open/
Event: 18.476 Thread 0x0000025378ec3800 Exception <a 'java/lang/NoSuchMethodError'{0x00000007093b6ba0}: java.lang.invoke.DirectMethodHandle$Holder.invokeVirtual(Ljava/lang/Object;Ljava/lang/Object;I)V> (0x00000007093b6ba0) thrown at [./open/src/hotspot/share/interpreter/linkResolver.cpp, line 7
Event: 18.478 Thread 0x0000025378ec3800 Exception <a 'java/lang/NoSuchMethodError'{0x00000007093d0288}: java.lang.invoke.DirectMethodHandle$Holder.invokeVirtual(Ljava/lang/Object;Ljava/lang/Object;J)V> (0x00000007093d0288) thrown at [./open/src/hotspot/share/interpreter/linkResolver.cpp, line 7
Event: 18.609 Thread 0x0000025378ec3800 Exception <a 'java/lang/IncompatibleClassChangeError'{0x0000000712358e70}: Found class java.lang.Object, but interface was expected> (0x0000000712358e70) thrown at [./open/src/hotspot/share/interpreter/linkResolver.cpp, line 838]
Event: 18.640 Thread 0x0000025378ec3800 Exception <a 'java/lang/NoSuchMethodError'{0x0000000712114920}: java.lang.invoke.DirectMethodHandle$Holder.invokeStaticInit(Ljava/lang/Object;Ljava/lang/Object;Ljava/lang/Object;Ljava/lang/Object;)I> (0x0000000712114920) thrown at [./open/src/hotspot/shar
Event: 18.683 Thread 0x0000025378ec3800 Exception <a 'java/lang/NoSuchMethodError'{0x0000000711ee9b28}: java.lang.invoke.DirectMethodHandle$Holder.invokeSpecial(Ljava/lang/Object;Ljava/lang/Object;Ljava/lang/Object;Ljava/lang/Object;Ljava/lang/Object;Ljava/lang/Object;Ljava/lang/Object;Ljava/la
Event: 18.684 Thread 0x0000025378ec3800 Exception <a 'java/lang/NoSuchMethodError'{0x0000000711eedd00}: java.lang.invoke.Invokers$Holder.linkToTargetMethod(Ljava/lang/Object;Ljava/lang/Object;Ljava/lang/Object;Ljava/lang/Object;Ljava/lang/Object;Ljava/lang/Object;Ljava/lang/Object;Ljava/lang/Ob
Event: 20.160 Thread 0x000002537b793800 Exception <a 'java/lang/OutOfMemoryError'{0x00000007121a2b88}: unable to create native thread: possibly out of memory or process/resource limits reached> (0x00000007121a2b88) thrown at [./open/src/hotspot/share/prims/jvm.cpp, line 2923]

Events (10 events):
Event: 20.289 loading class org/springframework/boot/actuate/endpoint/web/WebEndpointHttpMethod done
Event: 20.290 loading class org/springframework/boot/actuate/endpoint/web/WebEndpointResponse
Event: 20.290 loading class org/springframework/boot/actuate/endpoint/web/WebEndpointResponse done
Event: 20.291 loading class org/springframework/boot/actuate/endpoint/web/WebOperationRequestPredicate
Event: 20.291 loading class org/springframework/boot/actuate/endpoint/web/WebOperationRequestPredicate done
Event: 20.292 loading class org/springframework/boot/actuate/endpoint/web/annotation/DiscoveredWebOperation
Event: 20.292 loading class org/springframework/boot/actuate/endpoint/web/annotation/DiscoveredWebOperation done
Event: 20.293 loading class org/springframework/boot/actuate/endpoint/annotation/AbstractDiscoveredOperation
Event: 20.293 loading class org/springframework/boot/actuate/endpoint/annotation/AbstractDiscoveredOperation done
Event: 20.294 Executing VM operation: CollectForMetadataAllocation


Dynamic libraries:
0x00007ff762430000 - 0x00007ff76243f000 	C:\Program Files\Java\jdk-11.0.16\bin\java.exe
0x00007ff9b4b20000 - 0x00007ff9b4d29000 	C:\WINDOWS\SYSTEM32\ntdll.dll
0x00007ff9b3fe0000 - 0x00007ff9b409d000 	C:\WINDOWS\System32\KERNEL32.DLL
0x00007ff9b2250000 - 0x00007ff9b25cd000 	C:\WINDOWS\System32\KERNELBASE.dll
0x00007ff9b2130000 - 0x00007ff9b2241000 	C:\WINDOWS\System32\ucrtbase.dll
0x00007ff953970000 - 0x00007ff953985000 	C:\Program Files\Java\jdk-11.0.16\bin\VCRUNTIME140.dll
0x00007ff942dd0000 - 0x00007ff942de8000 	C:\Program Files\Java\jdk-11.0.16\bin\jli.dll
0x00007ff9b3240000 - 0x00007ff9b32ee000 	C:\WINDOWS\System32\ADVAPI32.dll
0x00007ff9b3f20000 - 0x00007ff9b3fc3000 	C:\WINDOWS\System32\msvcrt.dll
0x00007ff9b40a0000 - 0x00007ff9b413e000 	C:\WINDOWS\System32\sechost.dll
0x00007ff9b45d0000 - 0x00007ff9b46f0000 	C:\WINDOWS\System32\RPCRT4.dll
0x00007ff9b3d70000 - 0x00007ff9b3f1d000 	C:\WINDOWS\System32\USER32.dll
0x00007ff9b26f0000 - 0x00007ff9b2716000 	C:\WINDOWS\System32\win32u.dll
0x00007ff99c9d0000 - 0x00007ff99cc75000 	C:\WINDOWS\WinSxS\amd64_microsoft.windows.common-controls_6595b64144ccf1df_6.0.22000.120_none_9d947278b86cc467\COMCTL32.dll
0x00007ff9b3700000 - 0x00007ff9b3729000 	C:\WINDOWS\System32\GDI32.dll
0x00007ff9b25d0000 - 0x00007ff9b26e8000 	C:\WINDOWS\System32\gdi32full.dll
0x00007ff9b2910000 - 0x00007ff9b29ad000 	C:\WINDOWS\System32\msvcp_win.dll
0x00007ff9a8260000 - 0x00007ff9a826a000 	C:\WINDOWS\SYSTEM32\VERSION.dll
0x00007ff9b3730000 - 0x00007ff9b3761000 	C:\WINDOWS\System32\IMM32.DLL
0x00007ff942d30000 - 0x00007ff942dcb000 	C:\Program Files\Java\jdk-11.0.16\bin\msvcp140.dll
0x00007ff940c30000 - 0x00007ff941748000 	C:\Program Files\Java\jdk-11.0.16\bin\server\jvm.dll
0x00007ff9b3d50000 - 0x00007ff9b3d58000 	C:\WINDOWS\System32\PSAPI.DLL
0x00007ff9ac280000 - 0x00007ff9ac2b3000 	C:\WINDOWS\SYSTEM32\WINMM.dll
0x00007ff9ad3f0000 - 0x00007ff9ad3f9000 	C:\WINDOWS\SYSTEM32\WSOCK32.dll
0x00007ff9b2a10000 - 0x00007ff9b2a7f000 	C:\WINDOWS\System32\WS2_32.dll
0x00007ff9b11b0000 - 0x00007ff9b11c8000 	C:\WINDOWS\SYSTEM32\kernel.appcore.dll
0x00007ff98c690000 - 0x00007ff98c6a0000 	C:\Program Files\Java\jdk-11.0.16\bin\verify.dll
0x00007ff9a31a0000 - 0x00007ff9a33c1000 	C:\WINDOWS\SYSTEM32\DBGHELP.DLL
0x00007ff9a1d20000 - 0x00007ff9a1d51000 	C:\WINDOWS\SYSTEM32\dbgcore.DLL
0x00007ff9b2890000 - 0x00007ff9b290f000 	C:\WINDOWS\System32\bcryptPrimitives.dll
0x00007ff942d00000 - 0x00007ff942d28000 	C:\Program Files\Java\jdk-11.0.16\bin\java.dll
0x00007ff98c5b0000 - 0x00007ff98c5ba000 	C:\Program Files\Java\jdk-11.0.16\bin\jimage.dll
0x00007ff9ac530000 - 0x00007ff9ac53e000 	C:\Program Files\Java\jdk-11.0.16\bin\instrument.dll
0x00007ff941f60000 - 0x00007ff941f76000 	C:\Program Files\Java\jdk-11.0.16\bin\zip.dll
0x00007ff9b2a80000 - 0x00007ff9b3238000 	C:\WINDOWS\System32\SHELL32.dll
0x00007ff9b0140000 - 0x00007ff9b09a8000 	C:\WINDOWS\SYSTEM32\windows.storage.dll
0x00007ff9b46f0000 - 0x00007ff9b4a69000 	C:\WINDOWS\System32\combase.dll
0x00007ff9affd0000 - 0x00007ff9b0136000 	C:\WINDOWS\SYSTEM32\wintypes.dll
0x00007ff9b37f0000 - 0x00007ff9b38da000 	C:\WINDOWS\System32\SHCORE.dll
0x00007ff9b29b0000 - 0x00007ff9b2a0d000 	C:\WINDOWS\System32\shlwapi.dll
0x00007ff9b1f30000 - 0x00007ff9b1f51000 	C:\WINDOWS\SYSTEM32\profapi.dll
0x00007ff941f40000 - 0x00007ff941f59000 	C:\Program Files\Java\jdk-11.0.16\bin\net.dll
0x00007ff9abed0000 - 0x00007ff9abfdc000 	C:\WINDOWS\SYSTEM32\WINHTTP.dll
0x00007ff9b15d0000 - 0x00007ff9b1637000 	C:\WINDOWS\system32\mswsock.dll
0x00007ff941f20000 - 0x00007ff941f32000 	C:\Program Files\Java\jdk-11.0.16\bin\nio.dll
0x00007ff9a12c0000 - 0x00007ff9a12da000 	C:\Program Files\JetBrains\IntelliJ IDEA 2022.2.1\bin\breakgen64.dll
0x00007ff9b0d50000 - 0x00007ff9b0e38000 	C:\WINDOWS\SYSTEM32\DNSAPI.dll
0x00007ff9b0ce0000 - 0x00007ff9b0d0d000 	C:\WINDOWS\SYSTEM32\IPHLPAPI.DLL
0x00007ff9b3d60000 - 0x00007ff9b3d69000 	C:\WINDOWS\System32\NSI.dll
0x00007ff9a8770000 - 0x00007ff9a877a000 	C:\Windows\System32\rasadhlp.dll
0x00007ff9aa3b0000 - 0x00007ff9aa431000 	C:\WINDOWS\System32\fwpuclnt.dll
0x00007ff9709e0000 - 0x00007ff9709e9000 	C:\Program Files\Java\jdk-11.0.16\bin\management.dll
0x00007ff95e0f0000 - 0x00007ff95e0fb000 	C:\Program Files\Java\jdk-11.0.16\bin\management_ext.dll
0x00007ff9b18a0000 - 0x00007ff9b18b8000 	C:\WINDOWS\SYSTEM32\CRYPTSP.dll
0x00007ff9b1110000 - 0x00007ff9b1145000 	C:\WINDOWS\system32\rsaenh.dll
0x00007ff9b1670000 - 0x00007ff9b1699000 	C:\WINDOWS\SYSTEM32\USERENV.dll
0x00007ff9b19e0000 - 0x00007ff9b1a07000 	C:\WINDOWS\SYSTEM32\bcrypt.dll
0x00007ff9b17c0000 - 0x00007ff9b17cc000 	C:\WINDOWS\SYSTEM32\CRYPTBASE.dll
0x00007ff9abda0000 - 0x00007ff9abdb9000 	C:\WINDOWS\SYSTEM32\dhcpcsvc6.DLL
0x00007ff9ac5c0000 - 0x00007ff9ac5de000 	C:\WINDOWS\SYSTEM32\dhcpcsvc.DLL
0x00007ff99a820000 - 0x00007ff99a837000 	C:\WINDOWS\system32\napinsp.dll
0x00007ff99a6f0000 - 0x00007ff99a70b000 	C:\WINDOWS\system32\pnrpnsp.dll
0x00007ff99a800000 - 0x00007ff99a812000 	C:\WINDOWS\System32\winrnr.dll
0x00007ff9aabb0000 - 0x00007ff9aabc5000 	C:\WINDOWS\system32\wshbth.dll
0x00007ff99a7e0000 - 0x00007ff99a7ff000 	C:\WINDOWS\system32\nlansp_c.dll
0x00007ff9926b0000 - 0x00007ff9926d5000 	C:\Program Files\Java\jdk-11.0.16\bin\sunec.dll
0x00007ff9ac4c0000 - 0x00007ff9ac4cd000 	C:\Program Files\Java\jdk-11.0.16\bin\sunmscapi.dll
0x00007ff9b2720000 - 0x00007ff9b2882000 	C:\WINDOWS\System32\CRYPT32.dll
0x00007ff9b19b0000 - 0x00007ff9b19d8000 	C:\WINDOWS\SYSTEM32\ncrypt.dll
0x00007ff9b1970000 - 0x00007ff9b19a7000 	C:\WINDOWS\SYSTEM32\NTASN1.dll

dbghelp: loaded successfully - version: 4.0.5 - missing functions: none
symbol engine: initialized successfully - sym options: 0x614 - pdb path: (cannot be retrieved)

VM Arguments:
jvm_args: -XX:TieredStopAtLevel=1 -Xverify:none -Dspring.output.ansi.enabled=always -Dcom.sun.management.jmxremote -Dspring.jmx.enabled=true -Dspring.liveBeansView.mbeanDomain -Dspring.application.admin.enabled=true -javaagent:C:\Program Files\JetBrains\IntelliJ IDEA 2022.2.1\lib\idea_rt.jar=55100:C:\Program Files\JetBrains\IntelliJ IDEA 2022.2.1\bin -Dfile.encoding=UTF-8 
java_command: com.example.userservice.UserServiceApplication
java_class_path (initial): C:\Users\DIR-N-108\Desktop\direa_kjy\SpringCloud\user-service\target\classes;C:\Users\DIR-N-108\.m2\repository\org\springframework\boot\spring-boot-starter-web\2.7.3\spring-boot-starter-web-2.7.3.jar;C:\Users\DIR-N-108\.m2\repository\org\springframework\boot\spring-boot-starter\2.7.3\spring-boot-starter-2.7.3.jar;C:\Users\DIR-N-108\.m2\repository\org\springframework\boot\spring-boot-starter-logging\2.7.3\spring-boot-starter-logging-2.7.3.jar;C:\Users\DIR-N-108\.m2\repository\ch\qos\logback\logback-classic\1.2.11\logback-classic-1.2.11.jar;C:\Users\DIR-N-108\.m2\repository\ch\qos\logback\logback-core\1.2.11\logback-core-1.2.11.jar;C:\Users\DIR-N-108\.m2\repository\org\apache\logging\log4j\log4j-to-slf4j\2.17.2\log4j-to-slf4j-2.17.2.jar;C:\Users\DIR-N-108\.m2\repository\org\apache\logging\log4j\log4j-api\2.17.2\log4j-api-2.17.2.jar;C:\Users\DIR-N-108\.m2\repository\org\slf4j\jul-to-slf4j\1.7.36\jul-to-slf4j-1.7.36.jar;C:\Users\DIR-N-108\.m2\repository\jakarta\annotation\jakarta.annotation-api\1.3.5\jakarta.annotation-api-1.3.5.jar;C:\Users\DIR-N-108\.m2\repository\org\yaml\snakeyaml\1.30\snakeyaml-1.30.jar;C:\Users\DIR-N-108\.m2\repository\org\springframework\boot\spring-boot-starter-json\2.7.3\spring-boot-starter-json-2.7.3.jar;C:\Users\DIR-N-108\.m2\repository\com\fasterxml\jackson\datatype\jackson-datatype-jdk8\2.13.3\jackson-datatype-jdk8-2.13.3.jar;C:\Users\DIR-N-108\.m2\repository\com\fasterxml\jackson\datatype\jackson-datatype-jsr310\2.13.3\jackson-datatype-jsr310-2.13.3.jar;C:\Users\DIR-N-108\.m2\repository\com\fasterxml\jackson\module\jackson-module-parameter-names\2.13.3\jackson-module-parameter-names-2.13.3.jar;C:\Users\DIR-N-108\.m2\repository\org\springframework\boot\spring-boot-starter-tomcat\2.7.3\spring-boot-starter-tomcat-2.7.3.jar;C:\Users\DIR-N-108\.m2\repository\org\apache\tomcat\embed\tomcat-embed-core\9.0.65\tomcat-embed-core-9.0.65.jar;C:\Users\DIR-N-108\.m2\repository\org\apache\tomcat\embed\tomcat-embed-websocket\9
Launcher Type: SUN_STANDARD

[Global flags]
     bool BytecodeVerificationLocal                = false                                     {product} {command line}
     bool BytecodeVerificationRemote               = false                                     {product} {command line}
     intx CICompilerCount                          = 4                                         {product} {ergonomic}
     uint ConcGCThreads                            = 2                                         {product} {ergonomic}
     uint G1ConcRefinementThreads                  = 8                                         {product} {ergonomic}
   size_t G1HeapRegionSize                         = 1048576                                   {product} {ergonomic}
    uintx GCDrainStackTargetSize                   = 64                                        {product} {ergonomic}
   size_t InitialHeapSize                          = 266338304                                 {product} {ergonomic}
     bool ManagementServer                         = true                                      {product} {command line}
   size_t MarkStackSize                            = 4194304                                   {product} {ergonomic}
   size_t MaxHeapSize                              = 4253024256                                {product} {ergonomic}
   size_t MaxNewSize                               = 2551185408                                {product} {ergonomic}
   size_t MinHeapDeltaBytes                        = 1048576                                   {product} {ergonomic}
    uintx NonNMethodCodeHeapSize                   = 7549744                                {pd product} {ergonomic}
    uintx NonProfiledCodeHeapSize                  = 244108496                              {pd product} {ergonomic}
    uintx ProfiledCodeHeapSize                     = 0                                      {pd product} {ergonomic}
    uintx ReservedCodeCacheSize                    = 251658240                              {pd product} {ergonomic}
     bool SegmentedCodeCache                       = true                                      {product} {ergonomic}
     intx TieredStopAtLevel                        = 1                                         {product} {command line}
     bool UseCompressedClassPointers               = true                                 {lp64_product} {ergonomic}
     bool UseCompressedOops                        = true                                 {lp64_product} {ergonomic}
     bool UseG1GC                                  = true                                      {product} {ergonomic}
     bool UseLargePagesIndividualAllocation        = false                                  {pd product} {ergonomic}

Logging:
Log output configuration:
 #0: stdout all=warning uptime,level,tags
 #1: stderr all=off uptime,level,tags

Environment Variables:
JAVA_HOME=C:\Java\jdk-11.0.13
PATH=C:\Program Files (x86)\VMware\VMware Player\bin\;C:\Program Files\Common Files\Oracle\Java\javapath;C:\WINDOWS\system32;C:\WINDOWS;C:\WINDOWS\System32\Wbem;C:\WINDOWS\System32\WindowsPowerShell\v1.0\;C:\WINDOWS\System32\OpenSSH\;C:\Program Files\Bandizip\;C:\Program Files\Git\cmd;D:\Portable\apache-maven-3.8.6\bin;C:\Java\jdk-11.0.13\bin;C:\Program Files\JetBrains\IntelliJ IDEA Community Edition 2022.2.1\bin;;C:\Users\DIR-N-108\AppData\Local\GitHubDesktop\bin;C:\Program Files\JetBrains\IntelliJ IDEA 2022.2.1\bin;;C:\Program Files\RabbitMQ Server\rabbitmq_server-3.8.14\sbin;C:\Program Files\erl-23.1\bin;
USERNAME=DIR-N-108
OS=Windows_NT
PROCESSOR_IDENTIFIER=Intel64 Family 6 Model 142 Stepping 12, GenuineIntel



---------------  S Y S T E M  ---------------

OS: Windows 11 , 64 bit Build 22000 (10.0.22000.708)
Hyper-V role detected

CPU:total 8 (initial active 8) (4 cores per cpu, 2 threads per core) family 6 model 142 stepping 12 microcode 0xde, cmov, cx8, fxsr, mmx, sse, sse2, sse3, ssse3, sse4.1, sse4.2, popcnt, avx, avx2, aes, clmul, erms, 3dnowpref, lzcnt, ht, tsc, tscinvbit, bmi1, bmi2, adx, fma

Memory: 4k page, system-wide physical 16221M (4378M free)
TotalPageFile size 18269M (AvailPageFile size 2M)
current process WorkingSet (physical memory assigned to process): 347M, peak: 347M
current process commit charge ("private bytes"): 451M, peak: 452M

vm_info: Java HotSpot(TM) 64-Bit Server VM (11.0.16+11-LTS-199) for windows-amd64 JRE (11.0.16+11-LTS-199), built on Jun 28 2022 08:23:17 by "mach5one" with MS VC++ 15.9 (VS2017)

END.
