#
# There is insufficient memory for the Java Runtime Environment to continue.
# Native memory allocation (malloc) failed to allocate 1048576 bytes for AllocateHeap
# Possible reasons:
#   The system is out of physical RAM or swap space
#   The process is running with CompressedOops enabled, and the Java Heap may be blocking the growth of the native heap
# Possible solutions:
#   Reduce memory load on the system
#   Increase physical memory or swap space
#   Check if swap backing store is full
#   Decrease Java heap size (-Xmx/-Xms)
#   Decrease number of Java threads
#   Decrease Java thread stack sizes (-Xss)
#   Set larger code cache with -XX:ReservedCodeCacheSize=
#   JVM is running with Zero Based Compressed Oops mode in which the Java heap is
#     placed in the first 32GB address space. The Java Heap base address is the
#     maximum limit for the native heap growth. Please use -XX:HeapBaseMinAddress
#     to set the Java Heap base and to place the Java Heap above 32GB virtual address.
# This output file may be truncated or incomplete.
#
#  Out of Memory Error (./open/src/hotspot/share/memory/allocation.cpp:46), pid=15072, tid=18348
#
# JRE version: Java(TM) SE Runtime Environment 18.9 (11.0.16+11) (build 11.0.16+11-LTS-199)
# Java VM: Java HotSpot(TM) 64-Bit Server VM 18.9 (11.0.16+11-LTS-199, mixed mode, tiered, compressed oops, g1 gc, windows-amd64)
# No core dump will be written. Minidumps are not enabled by default on client versions of Windows
#

---------------  S U M M A R Y ------------

Command Line: -XX:TieredStopAtLevel=1 -Xverify:none -Dspring.output.ansi.enabled=always -Dcom.sun.management.jmxremote -Dspring.jmx.enabled=true -Dspring.liveBeansView.mbeanDomain -Dspring.application.admin.enabled=true -javaagent:C:\Program Files\JetBrains\IntelliJ IDEA 2022.2.1\lib\idea_rt.jar=55933:C:\Program Files\JetBrains\IntelliJ IDEA 2022.2.1\bin -Dfile.encoding=UTF-8 com.example.userservice.UserServiceApplication

Host: Intel(R) Core(TM) i7-10510U CPU @ 1.80GHz, 8 cores, 15G,  Windows 11 , 64 bit Build 22000 (10.0.22000.708)
Time: Tue Aug 23 15:55:00 2022  Windows 11 , 64 bit Build 22000 (10.0.22000.708) elapsed time: 10.921948 seconds (0d 0h 0m 10s)

---------------  T H R E A D  ---------------

Current thread (0x000001c3738ca800):  VMThread "VM Thread" [stack: 0x0000002f31b00000,0x0000002f31c00000] [id=18348]

Stack: [0x0000002f31b00000,0x0000002f31c00000]
[error occurred during error reporting (printing stack bounds), id 0xc0000005, EXCEPTION_ACCESS_VIOLATION (0xc0000005) at pc=0x000001c358380f2d]

Native frames: (J=compiled Java code, j=interpreted, Vv=VM code, C=native code)
V  [jvm.dll+0x62a3ea]
V  [jvm.dll+0x76418f]
V  [jvm.dll+0x765839]
V  [jvm.dll+0x765e25]
V  [jvm.dll+0x765ddb]
V  [jvm.dll+0x6298d3]
V  [jvm.dll+0x629fe8]
C  [ntdll.dll+0xa8fcf]
C  [ntdll.dll+0x35e9a]
C  [ntdll.dll+0xa7fde]
C  0x000001c358380f2d

VM_Operation (0x0000002f32ffa340): CollectForMetadataAllocation, mode: safepoint, requested by thread 0x000001c3758fb800


---------------  P R O C E S S  ---------------

Threads class SMR info:
_java_thread_list=0x000001c377b73050, length=22, elements={
0x000001c350ce0800, 0x000001c3738cf800, 0x000001c3738d9000, 0x000001c3741f4800,
0x000001c3741f8800, 0x000001c3741fb800, 0x000001c3741fd000, 0x000001c374200000,
0x000001c374170800, 0x000001c3744eb000, 0x000001c374b33000, 0x000001c375885000,
0x000001c3755c0800, 0x000001c3757b2800, 0x000001c3758fb800, 0x000001c374b41800,
0x000001c375ff6800, 0x000001c375ff8800, 0x000001c375ff8000, 0x000001c37821e000,
0x000001c378222800, 0x000001c37821f000
}

Java Threads: ( => current thread )
  0x000001c350ce0800 JavaThread "main" [_thread_blocked, id=9924, stack(0x0000002f31500000,0x0000002f31600000)]
  0x000001c3738cf800 JavaThread "Reference Handler" daemon [_thread_blocked, id=6592, stack(0x0000002f31c00000,0x0000002f31d00000)]
  0x000001c3738d9000 JavaThread "Finalizer" daemon [_thread_blocked, id=9096, stack(0x0000002f31d00000,0x0000002f31e00000)]
  0x000001c3741f4800 JavaThread "Signal Dispatcher" daemon [_thread_blocked, id=6240, stack(0x0000002f31e00000,0x0000002f31f00000)]
  0x000001c3741f8800 JavaThread "Attach Listener" daemon [_thread_blocked, id=9208, stack(0x0000002f31f00000,0x0000002f32000000)]
  0x000001c3741fb800 JavaThread "Service Thread" daemon [_thread_blocked, id=5692, stack(0x0000002f32000000,0x0000002f32100000)]
  0x000001c3741fd000 JavaThread "C1 CompilerThread0" daemon [_thread_blocked, id=9180, stack(0x0000002f32100000,0x0000002f32200000)]
  0x000001c374200000 JavaThread "Sweeper thread" daemon [_thread_blocked, id=7896, stack(0x0000002f32200000,0x0000002f32300000)]
  0x000001c374170800 JavaThread "Common-Cleaner" daemon [_thread_blocked, id=18412, stack(0x0000002f32300000,0x0000002f32400000)]
  0x000001c3744eb000 JavaThread "Monitor Ctrl-Break" daemon [_thread_in_native, id=17940, stack(0x0000002f32400000,0x0000002f32500000)]
  0x000001c374b33000 JavaThread "RMI TCP Accept-0" daemon [_thread_in_native, id=17828, stack(0x0000002f32500000,0x0000002f32600000)]
  0x000001c375885000 JavaThread "RMI TCP Connection(2)-192.168.230.1" daemon [_thread_in_native, id=2172, stack(0x0000002f32c00000,0x0000002f32d00000)]
  0x000001c3755c0800 JavaThread "RMI Scheduler(0)" daemon [_thread_blocked, id=11296, stack(0x0000002f32d00000,0x0000002f32e00000)]
  0x000001c3757b2800 JavaThread "Thread-0" [_thread_blocked, id=2808, stack(0x0000002f32e00000,0x0000002f32f00000)]
  0x000001c3758fb800 JavaThread "restartedMain" [_thread_blocked, id=5568, stack(0x0000002f32f00000,0x0000002f33000000)]
  0x000001c374b41800 JavaThread "RMI TCP Connection(3)-192.168.230.1" daemon [_thread_in_native, id=6156, stack(0x0000002f33100000,0x0000002f33200000)]
  0x000001c375ff6800 JavaThread "Keep-Alive-Timer" daemon [_thread_blocked, id=6452, stack(0x0000002f33700000,0x0000002f33800000)]
  0x000001c375ff8800 JavaThread "HikariPool-1 housekeeper" daemon [_thread_blocked, id=14056, stack(0x0000002f33000000,0x0000002f33100000)]
  0x000001c375ff8000 JavaThread "Catalina-utility-1" [_thread_blocked, id=2456, stack(0x0000002f33800000,0x0000002f33900000)]
  0x000001c37821e000 JavaThread "Catalina-utility-2" [_thread_blocked, id=15128, stack(0x0000002f33900000,0x0000002f33a00000)]
  0x000001c378222800 JavaThread "container-0" [_thread_blocked, id=7296, stack(0x0000002f33a00000,0x0000002f33b00000)]
  0x000001c37821f000 JavaThread "HikariPool-1 connection adder" daemon [_thread_blocked, id=6944, stack(0x0000002f33b00000,0x0000002f33c00000)]

Other Threads:
=>0x000001c3738ca800 VMThread "VM Thread" [stack: 0x0000002f31b00000,0x0000002f31c00000] [id=18348]
  0x000001c374b39000 WatcherThread [stack: 0x0000002f32600000,0x0000002f32700000] [id=14236]
  0x000001c350cf4800 GCTaskThread "GC Thread#0" [stack: 0x0000002f31600000,0x0000002f31700000] [id=14788]
  0x000001c374c8e800 GCTaskThread "GC Thread#1" [stack: 0x0000002f32700000,0x0000002f32800000] [id=10440]
  0x000001c374c5e000 GCTaskThread "GC Thread#2" [stack: 0x0000002f32800000,0x0000002f32900000] [id=2288]
  0x000001c375728000 GCTaskThread "GC Thread#3" [stack: 0x0000002f32900000,0x0000002f32a00000] [id=6888]
  0x000001c37565c000 GCTaskThread "GC Thread#4" [stack: 0x0000002f32a00000,0x0000002f32b00000] [id=15396]
  0x000001c37565d000 GCTaskThread "GC Thread#5" [stack: 0x0000002f32b00000,0x0000002f32c00000] [id=15220]
  0x000001c375c18000 GCTaskThread "GC Thread#6" [stack: 0x0000002f33400000,0x0000002f33500000] [id=13304]
  0x000001c375c8d000 GCTaskThread "GC Thread#7" [stack: 0x0000002f33500000,0x0000002f33600000] [id=14752]
  0x000001c350d52000 ConcurrentGCThread "G1 Main Marker" [stack: 0x0000002f31700000,0x0000002f31800000] [id=16548]
  0x000001c350d54800 ConcurrentGCThread "G1 Conc#0" [stack: 0x0000002f31800000,0x0000002f31900000] [id=14764]
  0x000001c3757c0800 ConcurrentGCThread "G1 Conc#1" [stack: 0x0000002f33200000,0x0000002f33300000] [id=9656]
  0x000001c3737b6800 ConcurrentGCThread "G1 Refine#0" [stack: 0x0000002f31900000,0x0000002f31a00000] [id=2096]
  0x000001c3737bb800 ConcurrentGCThread "G1 Young RemSet Sampling" [stack: 0x0000002f31a00000,0x0000002f31b00000] [id=2672]

Threads with active compile tasks:

VM state:at safepoint (normal execution)

VM Mutex/Monitor currently owned by a thread:  ([mutex/lock_event])
[0x000001c350cddd00] Threads_lock - owner thread: 0x000001c3738ca800
[0x000001c350cdccb0] Heap_lock - owner thread: 0x000001c3758fb800

Heap address: 0x0000000702800000, size: 4056 MB, Compressed Oops mode: Zero based, Oop shift amount: 3
Narrow klass base: 0x0000000800000000, Narrow klass shift: 0
Compressed class space size: 1073741824 Address: 0x0000000800000000

Heap:
 garbage-first heap   total 260096K, used 33793K [0x0000000702800000, 0x0000000800000000)
  region size 1024K, 16 young (16384K), 16 survivors (16384K)
 Metaspace       used 54785K, capacity 56552K, committed 56576K, reserved 1105920K
  class space    used 7170K, capacity 7927K, committed 7936K, reserved 1048576K
Heap Regions: E=young(eden), S=young(survivor), O=old, HS=humongous(starts), HC=humongous(continues), CS=collection set, F=free, A=archive, TAMS=top-at-mark-start (previous, next)
|   0|0x0000000702800000, 0x0000000702800000, 0x0000000702900000|  0%| F|  |TAMS 0x0000000702800000, 0x0000000702800000| Untracked 
|   1|0x0000000702900000, 0x0000000702a00000, 0x0000000702a00000|100%|HS|  |TAMS 0x0000000702a00000, 0x0000000702a00000| Complete 
|   2|0x0000000702a00000, 0x0000000702b00000, 0x0000000702b00000|100%| O|  |TAMS 0x0000000702b00000, 0x0000000702b00000| Untracked 
|   3|0x0000000702b00000, 0x0000000702c00000, 0x0000000702c00000|100%| O|  |TAMS 0x0000000702c00000, 0x0000000702c00000| Untracked 
|   4|0x0000000702c00000, 0x0000000702d00000, 0x0000000702d00000|100%| O|  |TAMS 0x0000000702d00000, 0x0000000702d00000| Untracked 
|   5|0x0000000702d00000, 0x0000000702e00000, 0x0000000702e00000|100%| O|  |TAMS 0x0000000702e00000, 0x0000000702e00000| Untracked 
|   6|0x0000000702e00000, 0x0000000702f00000, 0x0000000702f00000|100%| O|  |TAMS 0x0000000702f00000, 0x0000000702f00000| Untracked 
|   7|0x0000000702f00000, 0x0000000703000000, 0x0000000703000000|100%| O|  |TAMS 0x0000000703000000, 0x0000000703000000| Untracked 
|   8|0x0000000703000000, 0x0000000703100000, 0x0000000703100000|100%| O|  |TAMS 0x0000000703100000, 0x0000000703100000| Untracked 
|   9|0x0000000703100000, 0x0000000703200000, 0x0000000703200000|100%| O|  |TAMS 0x0000000703200000, 0x0000000703200000| Untracked 
|  10|0x0000000703200000, 0x0000000703300000, 0x0000000703300000|100%| O|  |TAMS 0x0000000703300000, 0x0000000703300000| Untracked 
|  11|0x0000000703300000, 0x0000000703400000, 0x0000000703400000|100%| O|  |TAMS 0x00000007033d8c00, 0x0000000703400000| Untracked 
|  12|0x0000000703400000, 0x0000000703500000, 0x0000000703500000|100%| O|  |TAMS 0x0000000703400000, 0x0000000703500000| Untracked 
|  13|0x0000000703500000, 0x0000000703600000, 0x0000000703600000|100%| O|  |TAMS 0x0000000703500000, 0x0000000703600000| Untracked 
|  14|0x0000000703600000, 0x0000000703700000, 0x0000000703700000|100%| O|  |TAMS 0x0000000703600000, 0x0000000703700000| Untracked 
|  15|0x0000000703700000, 0x0000000703800000, 0x0000000703800000|100%| O|  |TAMS 0x0000000703700000, 0x0000000703800000| Untracked 
|  16|0x0000000703800000, 0x0000000703900000, 0x0000000703900000|100%| O|  |TAMS 0x0000000703800000, 0x0000000703900000| Untracked 
|  17|0x0000000703900000, 0x0000000703a00000, 0x0000000703a00000|100%| O|  |TAMS 0x0000000703900000, 0x0000000703a00000| Untracked 
|  18|0x0000000703a00000, 0x0000000703aa8400, 0x0000000703b00000| 65%| O|  |TAMS 0x0000000703a00000, 0x0000000703aa8400| Untracked 
|  19|0x0000000703b00000, 0x0000000703b00000, 0x0000000703c00000|  0%| F|  |TAMS 0x0000000703b00000, 0x0000000703b00000| Untracked 
|  20|0x0000000703c00000, 0x0000000703c00000, 0x0000000703d00000|  0%| F|  |TAMS 0x0000000703c00000, 0x0000000703c00000| Untracked 
|  21|0x0000000703d00000, 0x0000000703d00000, 0x0000000703e00000|  0%| F|  |TAMS 0x0000000703d00000, 0x0000000703d00000| Untracked 
|  22|0x0000000703e00000, 0x0000000703e00000, 0x0000000703f00000|  0%| F|  |TAMS 0x0000000703e00000, 0x0000000703e00000| Untracked 
|  23|0x0000000703f00000, 0x0000000703f00000, 0x0000000704000000|  0%| F|  |TAMS 0x0000000703f00000, 0x0000000703f00000| Untracked 
|  24|0x0000000704000000, 0x0000000704000000, 0x0000000704100000|  0%| F|  |TAMS 0x0000000704000000, 0x0000000704000000| Untracked 
|  25|0x0000000704100000, 0x0000000704100000, 0x0000000704200000|  0%| F|  |TAMS 0x0000000704100000, 0x0000000704100000| Untracked 
|  26|0x0000000704200000, 0x0000000704200000, 0x0000000704300000|  0%| F|  |TAMS 0x0000000704200000, 0x0000000704200000| Untracked 
|  27|0x0000000704300000, 0x0000000704300000, 0x0000000704400000|  0%| F|  |TAMS 0x0000000704300000, 0x0000000704300000| Untracked 
|  28|0x0000000704400000, 0x0000000704400000, 0x0000000704500000|  0%| F|  |TAMS 0x0000000704400000, 0x0000000704400000| Untracked 
|  29|0x0000000704500000, 0x0000000704500000, 0x0000000704600000|  0%| F|  |TAMS 0x0000000704500000, 0x0000000704500000| Untracked 
|  30|0x0000000704600000, 0x0000000704600000, 0x0000000704700000|  0%| F|  |TAMS 0x0000000704600000, 0x0000000704600000| Untracked 
|  31|0x0000000704700000, 0x0000000704700000, 0x0000000704800000|  0%| F|  |TAMS 0x0000000704700000, 0x0000000704700000| Untracked 
|  32|0x0000000704800000, 0x0000000704800000, 0x0000000704900000|  0%| F|  |TAMS 0x0000000704800000, 0x0000000704800000| Untracked 
|  33|0x0000000704900000, 0x0000000704900000, 0x0000000704a00000|  0%| F|  |TAMS 0x0000000704900000, 0x0000000704900000| Untracked 
|  34|0x0000000704a00000, 0x0000000704a00000, 0x0000000704b00000|  0%| F|  |TAMS 0x0000000704a00000, 0x0000000704a00000| Untracked 
|  35|0x0000000704b00000, 0x0000000704b00000, 0x0000000704c00000|  0%| F|  |TAMS 0x0000000704b00000, 0x0000000704b00000| Untracked 
|  36|0x0000000704c00000, 0x0000000704c00000, 0x0000000704d00000|  0%| F|  |TAMS 0x0000000704c00000, 0x0000000704c00000| Untracked 
|  37|0x0000000704d00000, 0x0000000704d00000, 0x0000000704e00000|  0%| F|  |TAMS 0x0000000704d00000, 0x0000000704d00000| Untracked 
|  38|0x0000000704e00000, 0x0000000704e00000, 0x0000000704f00000|  0%| F|  |TAMS 0x0000000704e00000, 0x0000000704e00000| Untracked 
|  39|0x0000000704f00000, 0x0000000704f00000, 0x0000000705000000|  0%| F|  |TAMS 0x0000000704f00000, 0x0000000704f00000| Untracked 
|  40|0x0000000705000000, 0x0000000705000000, 0x0000000705100000|  0%| F|  |TAMS 0x0000000705000000, 0x0000000705000000| Untracked 
|  41|0x0000000705100000, 0x0000000705100000, 0x0000000705200000|  0%| F|  |TAMS 0x0000000705100000, 0x0000000705100000| Untracked 
|  42|0x0000000705200000, 0x0000000705200000, 0x0000000705300000|  0%| F|  |TAMS 0x0000000705200000, 0x0000000705200000| Untracked 
|  43|0x0000000705300000, 0x0000000705300000, 0x0000000705400000|  0%| F|  |TAMS 0x0000000705300000, 0x0000000705300000| Untracked 
|  44|0x0000000705400000, 0x0000000705400000, 0x0000000705500000|  0%| F|  |TAMS 0x0000000705400000, 0x0000000705400000| Untracked 
|  45|0x0000000705500000, 0x0000000705500000, 0x0000000705600000|  0%| F|  |TAMS 0x0000000705500000, 0x0000000705500000| Untracked 
|  46|0x0000000705600000, 0x0000000705600000, 0x0000000705700000|  0%| F|  |TAMS 0x0000000705600000, 0x0000000705600000| Untracked 
|  47|0x0000000705700000, 0x0000000705700000, 0x0000000705800000|  0%| F|  |TAMS 0x0000000705700000, 0x0000000705700000| Untracked 
|  48|0x0000000705800000, 0x0000000705800000, 0x0000000705900000|  0%| F|  |TAMS 0x0000000705800000, 0x0000000705800000| Untracked 
|  49|0x0000000705900000, 0x0000000705900000, 0x0000000705a00000|  0%| F|  |TAMS 0x0000000705900000, 0x0000000705900000| Untracked 
|  50|0x0000000705a00000, 0x0000000705a00000, 0x0000000705b00000|  0%| F|  |TAMS 0x0000000705a00000, 0x0000000705a00000| Untracked 
|  51|0x0000000705b00000, 0x0000000705b00000, 0x0000000705c00000|  0%| F|  |TAMS 0x0000000705b00000, 0x0000000705b00000| Untracked 
|  52|0x0000000705c00000, 0x0000000705c00000, 0x0000000705d00000|  0%| F|  |TAMS 0x0000000705c00000, 0x0000000705c00000| Untracked 
|  53|0x0000000705d00000, 0x0000000705d00000, 0x0000000705e00000|  0%| F|  |TAMS 0x0000000705d00000, 0x0000000705d00000| Untracked 
|  54|0x0000000705e00000, 0x0000000705e00000, 0x0000000705f00000|  0%| F|  |TAMS 0x0000000705e00000, 0x0000000705e00000| Untracked 
|  55|0x0000000705f00000, 0x0000000705f00000, 0x0000000706000000|  0%| F|  |TAMS 0x0000000705f00000, 0x0000000705f00000| Untracked 
|  56|0x0000000706000000, 0x0000000706000000, 0x0000000706100000|  0%| F|  |TAMS 0x0000000706000000, 0x0000000706000000| Untracked 
|  57|0x0000000706100000, 0x0000000706100000, 0x0000000706200000|  0%| F|  |TAMS 0x0000000706100000, 0x0000000706100000| Untracked 
|  58|0x0000000706200000, 0x0000000706200000, 0x0000000706300000|  0%| F|  |TAMS 0x0000000706200000, 0x0000000706200000| Untracked 
|  59|0x0000000706300000, 0x0000000706300000, 0x0000000706400000|  0%| F|  |TAMS 0x0000000706300000, 0x0000000706300000| Untracked 
|  60|0x0000000706400000, 0x0000000706400000, 0x0000000706500000|  0%| F|  |TAMS 0x0000000706400000, 0x0000000706400000| Untracked 
|  61|0x0000000706500000, 0x0000000706500000, 0x0000000706600000|  0%| F|  |TAMS 0x0000000706500000, 0x0000000706500000| Untracked 
|  62|0x0000000706600000, 0x0000000706600000, 0x0000000706700000|  0%| F|  |TAMS 0x0000000706600000, 0x0000000706600000| Untracked 
|  63|0x0000000706700000, 0x0000000706700000, 0x0000000706800000|  0%| F|  |TAMS 0x0000000706700000, 0x0000000706700000| Untracked 
|  64|0x0000000706800000, 0x0000000706800000, 0x0000000706900000|  0%| F|  |TAMS 0x0000000706800000, 0x0000000706800000| Untracked 
|  65|0x0000000706900000, 0x0000000706900000, 0x0000000706a00000|  0%| F|  |TAMS 0x0000000706900000, 0x0000000706900000| Untracked 
|  66|0x0000000706a00000, 0x0000000706a00000, 0x0000000706b00000|  0%| F|  |TAMS 0x0000000706a00000, 0x0000000706a00000| Untracked 
|  67|0x0000000706b00000, 0x0000000706b00000, 0x0000000706c00000|  0%| F|  |TAMS 0x0000000706b00000, 0x0000000706b00000| Untracked 
|  68|0x0000000706c00000, 0x0000000706c00000, 0x0000000706d00000|  0%| F|  |TAMS 0x0000000706c00000, 0x0000000706c00000| Untracked 
|  69|0x0000000706d00000, 0x0000000706d00000, 0x0000000706e00000|  0%| F|  |TAMS 0x0000000706d00000, 0x0000000706d00000| Untracked 
|  70|0x0000000706e00000, 0x0000000706e00000, 0x0000000706f00000|  0%| F|  |TAMS 0x0000000706e00000, 0x0000000706e00000| Untracked 
|  71|0x0000000706f00000, 0x0000000706f00000, 0x0000000707000000|  0%| F|  |TAMS 0x0000000706f00000, 0x0000000706f00000| Untracked 
|  72|0x0000000707000000, 0x0000000707000000, 0x0000000707100000|  0%| F|  |TAMS 0x0000000707000000, 0x0000000707000000| Untracked 
|  73|0x0000000707100000, 0x0000000707100000, 0x0000000707200000|  0%| F|  |TAMS 0x0000000707100000, 0x0000000707100000| Untracked 
|  74|0x0000000707200000, 0x0000000707200000, 0x0000000707300000|  0%| F|  |TAMS 0x0000000707200000, 0x0000000707200000| Untracked 
|  75|0x0000000707300000, 0x0000000707300000, 0x0000000707400000|  0%| F|  |TAMS 0x0000000707300000, 0x0000000707300000| Untracked 
|  76|0x0000000707400000, 0x0000000707400000, 0x0000000707500000|  0%| F|  |TAMS 0x0000000707400000, 0x0000000707400000| Untracked 
|  77|0x0000000707500000, 0x0000000707500000, 0x0000000707600000|  0%| F|  |TAMS 0x0000000707500000, 0x0000000707500000| Untracked 
|  78|0x0000000707600000, 0x0000000707600000, 0x0000000707700000|  0%| F|  |TAMS 0x0000000707600000, 0x0000000707600000| Untracked 
|  79|0x0000000707700000, 0x0000000707700000, 0x0000000707800000|  0%| F|  |TAMS 0x0000000707700000, 0x0000000707700000| Untracked 
|  80|0x0000000707800000, 0x0000000707800000, 0x0000000707900000|  0%| F|  |TAMS 0x0000000707800000, 0x0000000707800000| Untracked 
|  81|0x0000000707900000, 0x0000000707900000, 0x0000000707a00000|  0%| F|  |TAMS 0x0000000707900000, 0x0000000707900000| Untracked 
|  82|0x0000000707a00000, 0x0000000707a00000, 0x0000000707b00000|  0%| F|  |TAMS 0x0000000707a00000, 0x0000000707a00000| Untracked 
|  83|0x0000000707b00000, 0x0000000707b00000, 0x0000000707c00000|  0%| F|  |TAMS 0x0000000707b00000, 0x0000000707b00000| Untracked 
|  84|0x0000000707c00000, 0x0000000707c00000, 0x0000000707d00000|  0%| F|  |TAMS 0x0000000707c00000, 0x0000000707c00000| Untracked 
|  85|0x0000000707d00000, 0x0000000707d00000, 0x0000000707e00000|  0%| F|  |TAMS 0x0000000707d00000, 0x0000000707d00000| Untracked 
|  86|0x0000000707e00000, 0x0000000707e00000, 0x0000000707f00000|  0%| F|  |TAMS 0x0000000707e00000, 0x0000000707e00000| Untracked 
|  87|0x0000000707f00000, 0x0000000707f00000, 0x0000000708000000|  0%| F|  |TAMS 0x0000000707f00000, 0x0000000707f00000| Untracked 
|  88|0x0000000708000000, 0x0000000708000000, 0x0000000708100000|  0%| F|  |TAMS 0x0000000708000000, 0x0000000708000000| Untracked 
|  89|0x0000000708100000, 0x0000000708100000, 0x0000000708200000|  0%| F|  |TAMS 0x0000000708100000, 0x0000000708100000| Untracked 
|  90|0x0000000708200000, 0x0000000708200000, 0x0000000708300000|  0%| F|  |TAMS 0x0000000708200000, 0x0000000708200000| Untracked 
|  91|0x0000000708300000, 0x0000000708300000, 0x0000000708400000|  0%| F|  |TAMS 0x0000000708300000, 0x0000000708300000| Untracked 
|  92|0x0000000708400000, 0x0000000708400000, 0x0000000708500000|  0%| F|  |TAMS 0x0000000708400000, 0x0000000708400000| Untracked 
|  93|0x0000000708500000, 0x0000000708500000, 0x0000000708600000|  0%| F|  |TAMS 0x0000000708500000, 0x0000000708500000| Untracked 
|  94|0x0000000708600000, 0x0000000708600000, 0x0000000708700000|  0%| F|  |TAMS 0x0000000708600000, 0x0000000708600000| Untracked 
|  95|0x0000000708700000, 0x0000000708700000, 0x0000000708800000|  0%| F|  |TAMS 0x0000000708700000, 0x0000000708700000| Untracked 
|  96|0x0000000708800000, 0x0000000708800000, 0x0000000708900000|  0%| F|  |TAMS 0x0000000708800000, 0x0000000708800000| Untracked 
|  97|0x0000000708900000, 0x0000000708900000, 0x0000000708a00000|  0%| F|  |TAMS 0x0000000708900000, 0x0000000708900000| Untracked 
|  98|0x0000000708a00000, 0x0000000708a00000, 0x0000000708b00000|  0%| F|  |TAMS 0x0000000708a00000, 0x0000000708a00000| Untracked 
|  99|0x0000000708b00000, 0x0000000708b00000, 0x0000000708c00000|  0%| F|  |TAMS 0x0000000708b00000, 0x0000000708b00000| Untracked 
| 100|0x0000000708c00000, 0x0000000708c00000, 0x0000000708d00000|  0%| F|  |TAMS 0x0000000708c00000, 0x0000000708c00000| Untracked 
| 101|0x0000000708d00000, 0x0000000708d00000, 0x0000000708e00000|  0%| F|  |TAMS 0x0000000708d00000, 0x0000000708d00000| Untracked 
| 102|0x0000000708e00000, 0x0000000708e00000, 0x0000000708f00000|  0%| F|  |TAMS 0x0000000708e00000, 0x0000000708e00000| Untracked 
| 103|0x0000000708f00000, 0x0000000708f00000, 0x0000000709000000|  0%| F|  |TAMS 0x0000000708f00000, 0x0000000708f00000| Untracked 
| 104|0x0000000709000000, 0x0000000709000000, 0x0000000709100000|  0%| F|  |TAMS 0x0000000709000000, 0x0000000709000000| Untracked 
| 105|0x0000000709100000, 0x0000000709100000, 0x0000000709200000|  0%| F|  |TAMS 0x0000000709100000, 0x0000000709100000| Untracked 
| 106|0x0000000709200000, 0x0000000709200000, 0x0000000709300000|  0%| F|  |TAMS 0x0000000709200000, 0x0000000709200000| Untracked 
| 107|0x0000000709300000, 0x0000000709300000, 0x0000000709400000|  0%| F|  |TAMS 0x0000000709300000, 0x0000000709300000| Untracked 
| 108|0x0000000709400000, 0x0000000709400000, 0x0000000709500000|  0%| F|  |TAMS 0x0000000709400000, 0x0000000709400000| Untracked 
| 109|0x0000000709500000, 0x00000007095582e8, 0x0000000709600000| 34%| S|CS|TAMS 0x0000000709500000, 0x0000000709500000| Complete 
| 110|0x0000000709600000, 0x0000000709700000, 0x0000000709700000|100%| S|CS|TAMS 0x0000000709600000, 0x0000000709600000| Complete 
| 111|0x0000000709700000, 0x0000000709800000, 0x0000000709800000|100%| S|CS|TAMS 0x0000000709700000, 0x0000000709700000| Complete 
| 112|0x0000000709800000, 0x0000000709900000, 0x0000000709900000|100%| S|CS|TAMS 0x0000000709800000, 0x0000000709800000| Complete 
| 113|0x0000000709900000, 0x0000000709a00000, 0x0000000709a00000|100%| S|CS|TAMS 0x0000000709900000, 0x0000000709900000| Complete 
| 114|0x0000000709a00000, 0x0000000709b00000, 0x0000000709b00000|100%| S|CS|TAMS 0x0000000709a00000, 0x0000000709a00000| Complete 
| 115|0x0000000709b00000, 0x0000000709c00000, 0x0000000709c00000|100%| S|CS|TAMS 0x0000000709b00000, 0x0000000709b00000| Complete 
| 116|0x0000000709c00000, 0x0000000709d00000, 0x0000000709d00000|100%| S|CS|TAMS 0x0000000709c00000, 0x0000000709c00000| Complete 
| 117|0x0000000709d00000, 0x0000000709e00000, 0x0000000709e00000|100%| S|CS|TAMS 0x0000000709d00000, 0x0000000709d00000| Complete 
| 118|0x0000000709e00000, 0x0000000709f00000, 0x0000000709f00000|100%| S|CS|TAMS 0x0000000709e00000, 0x0000000709e00000| Complete 
| 119|0x0000000709f00000, 0x000000070a000000, 0x000000070a000000|100%| S|CS|TAMS 0x0000000709f00000, 0x0000000709f00000| Complete 
| 120|0x000000070a000000, 0x000000070a100000, 0x000000070a100000|100%| S|CS|TAMS 0x000000070a000000, 0x000000070a000000| Complete 
| 121|0x000000070a100000, 0x000000070a200000, 0x000000070a200000|100%| S|CS|TAMS 0x000000070a100000, 0x000000070a100000| Complete 
| 122|0x000000070a200000, 0x000000070a300000, 0x000000070a300000|100%| S|CS|TAMS 0x000000070a200000, 0x000000070a200000| Complete 
| 123|0x000000070a300000, 0x000000070a400000, 0x000000070a400000|100%| S|CS|TAMS 0x000000070a300000, 0x000000070a300000| Complete 
| 124|0x000000070a400000, 0x000000070a500000, 0x000000070a500000|100%| S|CS|TAMS 0x000000070a400000, 0x000000070a400000| Complete 
| 125|0x000000070a500000, 0x000000070a500000, 0x000000070a600000|  0%| F|  |TAMS 0x000000070a500000, 0x000000070a500000| Untracked 
| 126|0x000000070a600000, 0x000000070a600000, 0x000000070a700000|  0%| F|  |TAMS 0x000000070a600000, 0x000000070a600000| Untracked 
| 127|0x000000070a700000, 0x000000070a700000, 0x000000070a800000|  0%| F|  |TAMS 0x000000070a700000, 0x000000070a700000| Untracked 
| 128|0x000000070a800000, 0x000000070a800000, 0x000000070a900000|  0%| F|  |TAMS 0x000000070a800000, 0x000000070a800000| Untracked 
| 129|0x000000070a900000, 0x000000070a900000, 0x000000070aa00000|  0%| F|  |TAMS 0x000000070a900000, 0x000000070a900000| Untracked 
| 130|0x000000070aa00000, 0x000000070aa00000, 0x000000070ab00000|  0%| F|  |TAMS 0x000000070aa00000, 0x000000070aa00000| Untracked 
| 131|0x000000070ab00000, 0x000000070ab00000, 0x000000070ac00000|  0%| F|  |TAMS 0x000000070ab00000, 0x000000070ab00000| Untracked 
| 132|0x000000070ac00000, 0x000000070ac00000, 0x000000070ad00000|  0%| F|  |TAMS 0x000000070ac00000, 0x000000070ac00000| Untracked 
| 133|0x000000070ad00000, 0x000000070ad00000, 0x000000070ae00000|  0%| F|  |TAMS 0x000000070ad00000, 0x000000070ad00000| Untracked 
| 134|0x000000070ae00000, 0x000000070ae00000, 0x000000070af00000|  0%| F|  |TAMS 0x000000070ae00000, 0x000000070ae00000| Untracked 
| 135|0x000000070af00000, 0x000000070af00000, 0x000000070b000000|  0%| F|  |TAMS 0x000000070af00000, 0x000000070af00000| Untracked 
| 136|0x000000070b000000, 0x000000070b000000, 0x000000070b100000|  0%| F|  |TAMS 0x000000070b000000, 0x000000070b000000| Untracked 
| 137|0x000000070b100000, 0x000000070b100000, 0x000000070b200000|  0%| F|  |TAMS 0x000000070b100000, 0x000000070b100000| Untracked 
| 138|0x000000070b200000, 0x000000070b200000, 0x000000070b300000|  0%| F|  |TAMS 0x000000070b200000, 0x000000070b200000| Untracked 
| 139|0x000000070b300000, 0x000000070b300000, 0x000000070b400000|  0%| F|  |TAMS 0x000000070b300000, 0x000000070b300000| Untracked 
| 140|0x000000070b400000, 0x000000070b400000, 0x000000070b500000|  0%| F|  |TAMS 0x000000070b400000, 0x000000070b400000| Untracked 
| 141|0x000000070b500000, 0x000000070b500000, 0x000000070b600000|  0%| F|  |TAMS 0x000000070b500000, 0x000000070b500000| Untracked 
| 142|0x000000070b600000, 0x000000070b600000, 0x000000070b700000|  0%| F|  |TAMS 0x000000070b600000, 0x000000070b600000| Untracked 
| 143|0x000000070b700000, 0x000000070b700000, 0x000000070b800000|  0%| F|  |TAMS 0x000000070b700000, 0x000000070b700000| Untracked 
| 144|0x000000070b800000, 0x000000070b800000, 0x000000070b900000|  0%| F|  |TAMS 0x000000070b800000, 0x000000070b800000| Untracked 
| 145|0x000000070b900000, 0x000000070b900000, 0x000000070ba00000|  0%| F|  |TAMS 0x000000070b900000, 0x000000070b900000| Untracked 
| 146|0x000000070ba00000, 0x000000070ba00000, 0x000000070bb00000|  0%| F|  |TAMS 0x000000070ba00000, 0x000000070ba00000| Untracked 
| 147|0x000000070bb00000, 0x000000070bb00000, 0x000000070bc00000|  0%| F|  |TAMS 0x000000070bb00000, 0x000000070bb00000| Untracked 
| 148|0x000000070bc00000, 0x000000070bc00000, 0x000000070bd00000|  0%| F|  |TAMS 0x000000070bc00000, 0x000000070bc00000| Untracked 
| 149|0x000000070bd00000, 0x000000070bd00000, 0x000000070be00000|  0%| F|  |TAMS 0x000000070bd00000, 0x000000070bd00000| Untracked 
| 150|0x000000070be00000, 0x000000070be00000, 0x000000070bf00000|  0%| F|  |TAMS 0x000000070be00000, 0x000000070be00000| Untracked 
| 151|0x000000070bf00000, 0x000000070bf00000, 0x000000070c000000|  0%| F|  |TAMS 0x000000070bf00000, 0x000000070bf00000| Untracked 
| 152|0x000000070c000000, 0x000000070c000000, 0x000000070c100000|  0%| F|  |TAMS 0x000000070c000000, 0x000000070c000000| Untracked 
| 153|0x000000070c100000, 0x000000070c100000, 0x000000070c200000|  0%| F|  |TAMS 0x000000070c100000, 0x000000070c100000| Untracked 
| 154|0x000000070c200000, 0x000000070c200000, 0x000000070c300000|  0%| F|  |TAMS 0x000000070c200000, 0x000000070c200000| Untracked 
| 155|0x000000070c300000, 0x000000070c300000, 0x000000070c400000|  0%| F|  |TAMS 0x000000070c300000, 0x000000070c300000| Untracked 
| 156|0x000000070c400000, 0x000000070c400000, 0x000000070c500000|  0%| F|  |TAMS 0x000000070c400000, 0x000000070c400000| Untracked 
| 157|0x000000070c500000, 0x000000070c500000, 0x000000070c600000|  0%| F|  |TAMS 0x000000070c500000, 0x000000070c500000| Untracked 
| 158|0x000000070c600000, 0x000000070c600000, 0x000000070c700000|  0%| F|  |TAMS 0x000000070c600000, 0x000000070c600000| Untracked 
| 159|0x000000070c700000, 0x000000070c700000, 0x000000070c800000|  0%| F|  |TAMS 0x000000070c700000, 0x000000070c700000| Untracked 
| 160|0x000000070c800000, 0x000000070c800000, 0x000000070c900000|  0%| F|  |TAMS 0x000000070c800000, 0x000000070c800000| Untracked 
| 161|0x000000070c900000, 0x000000070c900000, 0x000000070ca00000|  0%| F|  |TAMS 0x000000070c900000, 0x000000070c900000| Untracked 
| 162|0x000000070ca00000, 0x000000070ca00000, 0x000000070cb00000|  0%| F|  |TAMS 0x000000070ca00000, 0x000000070ca00000| Untracked 
| 163|0x000000070cb00000, 0x000000070cb00000, 0x000000070cc00000|  0%| F|  |TAMS 0x000000070cb00000, 0x000000070cb00000| Untracked 
| 164|0x000000070cc00000, 0x000000070cc00000, 0x000000070cd00000|  0%| F|  |TAMS 0x000000070cc00000, 0x000000070cc00000| Untracked 
| 165|0x000000070cd00000, 0x000000070cd00000, 0x000000070ce00000|  0%| F|  |TAMS 0x000000070cd00000, 0x000000070cd00000| Untracked 
| 166|0x000000070ce00000, 0x000000070ce00000, 0x000000070cf00000|  0%| F|  |TAMS 0x000000070ce00000, 0x000000070ce00000| Untracked 
| 167|0x000000070cf00000, 0x000000070cf00000, 0x000000070d000000|  0%| F|  |TAMS 0x000000070cf00000, 0x000000070cf00000| Untracked 
| 168|0x000000070d000000, 0x000000070d000000, 0x000000070d100000|  0%| F|  |TAMS 0x000000070d000000, 0x000000070d000000| Untracked 
| 169|0x000000070d100000, 0x000000070d100000, 0x000000070d200000|  0%| F|  |TAMS 0x000000070d100000, 0x000000070d100000| Untracked 
| 170|0x000000070d200000, 0x000000070d200000, 0x000000070d300000|  0%| F|  |TAMS 0x000000070d200000, 0x000000070d200000| Untracked 
| 171|0x000000070d300000, 0x000000070d300000, 0x000000070d400000|  0%| F|  |TAMS 0x000000070d300000, 0x000000070d300000| Untracked 
| 172|0x000000070d400000, 0x000000070d400000, 0x000000070d500000|  0%| F|  |TAMS 0x000000070d400000, 0x000000070d400000| Untracked 
| 173|0x000000070d500000, 0x000000070d500000, 0x000000070d600000|  0%| F|  |TAMS 0x000000070d500000, 0x000000070d500000| Untracked 
| 174|0x000000070d600000, 0x000000070d600000, 0x000000070d700000|  0%| F|  |TAMS 0x000000070d600000, 0x000000070d600000| Untracked 
| 175|0x000000070d700000, 0x000000070d700000, 0x000000070d800000|  0%| F|  |TAMS 0x000000070d700000, 0x000000070d700000| Untracked 
| 176|0x000000070d800000, 0x000000070d800000, 0x000000070d900000|  0%| F|  |TAMS 0x000000070d800000, 0x000000070d800000| Untracked 
| 177|0x000000070d900000, 0x000000070d900000, 0x000000070da00000|  0%| F|  |TAMS 0x000000070d900000, 0x000000070d900000| Untracked 
| 178|0x000000070da00000, 0x000000070da00000, 0x000000070db00000|  0%| F|  |TAMS 0x000000070da00000, 0x000000070da00000| Untracked 
| 179|0x000000070db00000, 0x000000070db00000, 0x000000070dc00000|  0%| F|  |TAMS 0x000000070db00000, 0x000000070db00000| Untracked 
| 180|0x000000070dc00000, 0x000000070dc00000, 0x000000070dd00000|  0%| F|  |TAMS 0x000000070dc00000, 0x000000070dc00000| Untracked 
| 181|0x000000070dd00000, 0x000000070dd00000, 0x000000070de00000|  0%| F|  |TAMS 0x000000070dd00000, 0x000000070dd00000| Untracked 
| 182|0x000000070de00000, 0x000000070de00000, 0x000000070df00000|  0%| F|  |TAMS 0x000000070de00000, 0x000000070de00000| Untracked 
| 183|0x000000070df00000, 0x000000070df00000, 0x000000070e000000|  0%| F|  |TAMS 0x000000070df00000, 0x000000070df00000| Untracked 
| 184|0x000000070e000000, 0x000000070e000000, 0x000000070e100000|  0%| F|  |TAMS 0x000000070e000000, 0x000000070e000000| Untracked 
| 185|0x000000070e100000, 0x000000070e100000, 0x000000070e200000|  0%| F|  |TAMS 0x000000070e100000, 0x000000070e100000| Untracked 
| 186|0x000000070e200000, 0x000000070e200000, 0x000000070e300000|  0%| F|  |TAMS 0x000000070e200000, 0x000000070e200000| Untracked 
| 187|0x000000070e300000, 0x000000070e300000, 0x000000070e400000|  0%| F|  |TAMS 0x000000070e300000, 0x000000070e300000| Untracked 
| 188|0x000000070e400000, 0x000000070e400000, 0x000000070e500000|  0%| F|  |TAMS 0x000000070e400000, 0x000000070e400000| Untracked 
| 189|0x000000070e500000, 0x000000070e500000, 0x000000070e600000|  0%| F|  |TAMS 0x000000070e500000, 0x000000070e500000| Untracked 
| 190|0x000000070e600000, 0x000000070e600000, 0x000000070e700000|  0%| F|  |TAMS 0x000000070e600000, 0x000000070e600000| Untracked 
| 191|0x000000070e700000, 0x000000070e700000, 0x000000070e800000|  0%| F|  |TAMS 0x000000070e700000, 0x000000070e700000| Untracked 
| 192|0x000000070e800000, 0x000000070e800000, 0x000000070e900000|  0%| F|  |TAMS 0x000000070e800000, 0x000000070e800000| Untracked 
| 193|0x000000070e900000, 0x000000070e900000, 0x000000070ea00000|  0%| F|  |TAMS 0x000000070e900000, 0x000000070e900000| Untracked 
| 194|0x000000070ea00000, 0x000000070ea00000, 0x000000070eb00000|  0%| F|  |TAMS 0x000000070ea00000, 0x000000070ea00000| Untracked 
| 195|0x000000070eb00000, 0x000000070eb00000, 0x000000070ec00000|  0%| F|  |TAMS 0x000000070eb00000, 0x000000070eb00000| Untracked 
| 196|0x000000070ec00000, 0x000000070ec00000, 0x000000070ed00000|  0%| F|  |TAMS 0x000000070ec00000, 0x000000070ec00000| Untracked 
| 197|0x000000070ed00000, 0x000000070ed00000, 0x000000070ee00000|  0%| F|  |TAMS 0x000000070ed00000, 0x000000070ed00000| Untracked 
| 198|0x000000070ee00000, 0x000000070ee00000, 0x000000070ef00000|  0%| F|  |TAMS 0x000000070ee00000, 0x000000070ee00000| Untracked 
| 199|0x000000070ef00000, 0x000000070ef00000, 0x000000070f000000|  0%| F|  |TAMS 0x000000070ef00000, 0x000000070ef00000| Untracked 
| 200|0x000000070f000000, 0x000000070f000000, 0x000000070f100000|  0%| F|  |TAMS 0x000000070f000000, 0x000000070f000000| Untracked 
| 201|0x000000070f100000, 0x000000070f100000, 0x000000070f200000|  0%| F|  |TAMS 0x000000070f100000, 0x000000070f100000| Untracked 
| 202|0x000000070f200000, 0x000000070f200000, 0x000000070f300000|  0%| F|  |TAMS 0x000000070f200000, 0x000000070f200000| Untracked 
| 203|0x000000070f300000, 0x000000070f300000, 0x000000070f400000|  0%| F|  |TAMS 0x000000070f300000, 0x000000070f300000| Untracked 
| 204|0x000000070f400000, 0x000000070f400000, 0x000000070f500000|  0%| F|  |TAMS 0x000000070f400000, 0x000000070f400000| Untracked 
| 205|0x000000070f500000, 0x000000070f500000, 0x000000070f600000|  0%| F|  |TAMS 0x000000070f500000, 0x000000070f500000| Untracked 
| 206|0x000000070f600000, 0x000000070f600000, 0x000000070f700000|  0%| F|  |TAMS 0x000000070f600000, 0x000000070f600000| Untracked 
| 207|0x000000070f700000, 0x000000070f700000, 0x000000070f800000|  0%| F|  |TAMS 0x000000070f700000, 0x000000070f700000| Untracked 
| 208|0x000000070f800000, 0x000000070f800000, 0x000000070f900000|  0%| F|  |TAMS 0x000000070f800000, 0x000000070f800000| Untracked 
| 209|0x000000070f900000, 0x000000070f900000, 0x000000070fa00000|  0%| F|  |TAMS 0x000000070f900000, 0x000000070f900000| Untracked 
| 210|0x000000070fa00000, 0x000000070fa00000, 0x000000070fb00000|  0%| F|  |TAMS 0x000000070fa00000, 0x000000070fa00000| Untracked 
| 211|0x000000070fb00000, 0x000000070fb00000, 0x000000070fc00000|  0%| F|  |TAMS 0x000000070fb00000, 0x000000070fb00000| Untracked 
| 212|0x000000070fc00000, 0x000000070fc00000, 0x000000070fd00000|  0%| F|  |TAMS 0x000000070fc00000, 0x000000070fc00000| Untracked 
| 213|0x000000070fd00000, 0x000000070fd00000, 0x000000070fe00000|  0%| F|  |TAMS 0x000000070fd00000, 0x000000070fd00000| Untracked 
| 214|0x000000070fe00000, 0x000000070fe00000, 0x000000070ff00000|  0%| F|  |TAMS 0x000000070fe00000, 0x000000070fe00000| Untracked 
| 215|0x000000070ff00000, 0x000000070ff00000, 0x0000000710000000|  0%| F|  |TAMS 0x000000070ff00000, 0x000000070ff00000| Untracked 
| 216|0x0000000710000000, 0x0000000710000000, 0x0000000710100000|  0%| F|  |TAMS 0x0000000710000000, 0x0000000710000000| Untracked 
| 217|0x0000000710100000, 0x0000000710100000, 0x0000000710200000|  0%| F|  |TAMS 0x0000000710100000, 0x0000000710100000| Untracked 
| 218|0x0000000710200000, 0x0000000710200000, 0x0000000710300000|  0%| F|  |TAMS 0x0000000710200000, 0x0000000710200000| Untracked 
| 219|0x0000000710300000, 0x0000000710300000, 0x0000000710400000|  0%| F|  |TAMS 0x0000000710300000, 0x0000000710300000| Untracked 
| 220|0x0000000710400000, 0x0000000710400000, 0x0000000710500000|  0%| F|  |TAMS 0x0000000710400000, 0x0000000710400000| Untracked 
| 221|0x0000000710500000, 0x0000000710500000, 0x0000000710600000|  0%| F|  |TAMS 0x0000000710500000, 0x0000000710500000| Untracked 
| 222|0x0000000710600000, 0x0000000710600000, 0x0000000710700000|  0%| F|  |TAMS 0x0000000710600000, 0x0000000710600000| Untracked 
| 223|0x0000000710700000, 0x0000000710700000, 0x0000000710800000|  0%| F|  |TAMS 0x0000000710700000, 0x0000000710700000| Untracked 
| 224|0x0000000710800000, 0x0000000710800000, 0x0000000710900000|  0%| F|  |TAMS 0x0000000710800000, 0x0000000710800000| Untracked 
| 225|0x0000000710900000, 0x0000000710900000, 0x0000000710a00000|  0%| F|  |TAMS 0x0000000710900000, 0x0000000710900000| Untracked 
| 226|0x0000000710a00000, 0x0000000710a00000, 0x0000000710b00000|  0%| F|  |TAMS 0x0000000710a00000, 0x0000000710a00000| Untracked 
| 227|0x0000000710b00000, 0x0000000710b00000, 0x0000000710c00000|  0%| F|  |TAMS 0x0000000710b00000, 0x0000000710b00000| Untracked 
| 228|0x0000000710c00000, 0x0000000710c00000, 0x0000000710d00000|  0%| F|  |TAMS 0x0000000710c00000, 0x0000000710c00000| Untracked 
| 229|0x0000000710d00000, 0x0000000710d00000, 0x0000000710e00000|  0%| F|  |TAMS 0x0000000710d00000, 0x0000000710d00000| Untracked 
| 230|0x0000000710e00000, 0x0000000710e00000, 0x0000000710f00000|  0%| F|  |TAMS 0x0000000710e00000, 0x0000000710e00000| Untracked 
| 231|0x0000000710f00000, 0x0000000710f00000, 0x0000000711000000|  0%| F|  |TAMS 0x0000000710f00000, 0x0000000710f00000| Untracked 
| 232|0x0000000711000000, 0x0000000711000000, 0x0000000711100000|  0%| F|  |TAMS 0x0000000711000000, 0x0000000711000000| Untracked 
| 233|0x0000000711100000, 0x0000000711100000, 0x0000000711200000|  0%| F|  |TAMS 0x0000000711100000, 0x0000000711100000| Untracked 
| 234|0x0000000711200000, 0x0000000711200000, 0x0000000711300000|  0%| F|  |TAMS 0x0000000711200000, 0x0000000711200000| Untracked 
| 235|0x0000000711300000, 0x0000000711300000, 0x0000000711400000|  0%| F|  |TAMS 0x0000000711300000, 0x0000000711300000| Untracked 
| 236|0x0000000711400000, 0x0000000711400000, 0x0000000711500000|  0%| F|  |TAMS 0x0000000711400000, 0x0000000711400000| Untracked 
| 237|0x0000000711500000, 0x0000000711500000, 0x0000000711600000|  0%| F|  |TAMS 0x0000000711500000, 0x0000000711500000| Untracked 
| 238|0x0000000711600000, 0x0000000711600000, 0x0000000711700000|  0%| F|  |TAMS 0x0000000711600000, 0x0000000711600000| Untracked 
| 239|0x0000000711700000, 0x0000000711700000, 0x0000000711800000|  0%| F|  |TAMS 0x0000000711700000, 0x0000000711700000| Untracked 
| 240|0x0000000711800000, 0x0000000711800000, 0x0000000711900000|  0%| F|  |TAMS 0x0000000711800000, 0x0000000711800000| Untracked 
| 241|0x0000000711900000, 0x0000000711900000, 0x0000000711a00000|  0%| F|  |TAMS 0x0000000711900000, 0x0000000711900000| Untracked 
| 242|0x0000000711a00000, 0x0000000711a00000, 0x0000000711b00000|  0%| F|  |TAMS 0x0000000711a00000, 0x0000000711a00000| Untracked 
| 243|0x0000000711b00000, 0x0000000711b00000, 0x0000000711c00000|  0%| F|  |TAMS 0x0000000711b00000, 0x0000000711b00000| Untracked 
| 244|0x0000000711c00000, 0x0000000711c00000, 0x0000000711d00000|  0%| F|  |TAMS 0x0000000711c00000, 0x0000000711c00000| Untracked 
| 245|0x0000000711d00000, 0x0000000711d00000, 0x0000000711e00000|  0%| F|  |TAMS 0x0000000711d00000, 0x0000000711d00000| Untracked 
| 246|0x0000000711e00000, 0x0000000711e00000, 0x0000000711f00000|  0%| F|  |TAMS 0x0000000711e00000, 0x0000000711e00000| Untracked 
| 247|0x0000000711f00000, 0x0000000711f00000, 0x0000000712000000|  0%| F|  |TAMS 0x0000000711f00000, 0x0000000711f00000| Untracked 
| 248|0x0000000712000000, 0x0000000712000000, 0x0000000712100000|  0%| F|  |TAMS 0x0000000712000000, 0x0000000712000000| Untracked 
| 249|0x0000000712100000, 0x0000000712100000, 0x0000000712200000|  0%| F|  |TAMS 0x0000000712100000, 0x0000000712100000| Untracked 
| 250|0x0000000712200000, 0x0000000712200000, 0x0000000712300000|  0%| F|  |TAMS 0x0000000712200000, 0x0000000712200000| Untracked 
| 251|0x0000000712300000, 0x0000000712300000, 0x0000000712400000|  0%| F|  |TAMS 0x0000000712300000, 0x0000000712300000| Untracked 
| 252|0x0000000712400000, 0x0000000712400000, 0x0000000712500000|  0%| F|  |TAMS 0x0000000712400000, 0x0000000712400000| Untracked 
| 253|0x0000000712500000, 0x0000000712500000, 0x0000000712600000|  0%| F|  |TAMS 0x0000000712500000, 0x0000000712500000| Untracked 

Card table byte_map: [0x000001c367eb0000,0x000001c3686a0000] _byte_map_base: 0x000001c36469c000

Marking Bits (Prev, Next): (CMBitMap*) 0x000001c350d41838, (CMBitMap*) 0x000001c350d41870
 Prev Bits: [0x000001c368e90000, 0x000001c36cdf0000)
 Next Bits: [0x000001c36cdf0000, 0x000001c370d50000)

Polling page: 0x000001c3504b0000

Metaspace:

Usage:
  Non-class:     47.49 MB capacity,    46.50 MB ( 98%) used,   813.16 KB (  2%) free+waste,   196.75 KB ( <1%) overhead. 
      Class:      7.74 MB capacity,     7.00 MB ( 90%) used,   654.61 KB (  8%) free+waste,   102.31 KB (  1%) overhead. 
       Both:     55.23 MB capacity,    53.50 MB ( 97%) used,     1.43 MB (  3%) free+waste,   299.06 KB ( <1%) overhead. 

Virtual space:
  Non-class space:       56.00 MB reserved,      47.50 MB ( 85%) committed 
      Class space:        1.00 GB reserved,       7.75 MB ( <1%) committed 
             Both:        1.05 GB reserved,      55.25 MB (  5%) committed 

Chunk freelists:
   Non-Class:  1.88 KB
       Class:  1.13 KB
        Both:  3.00 KB

CodeHeap 'non-profiled nmethods': size=238336Kb used=7556Kb max_used=7556Kb free=230779Kb
 bounds [0x000001c358ac0000, 0x000001c359230000, 0x000001c367380000]
CodeHeap 'non-nmethods': size=7424Kb used=1220Kb max_used=1220Kb free=6203Kb
 bounds [0x000001c358380000, 0x000001c3585f0000, 0x000001c358ac0000]
 total_blobs=5316 nmethods=4737 adapters=505
 compilation: enabled
              stopped_count=0, restarted_count=0
 full_count=0

Compilation events (10 events):
Event: 10.868 Thread 0x000001c3741fd000 4733       1       java.util.HashMap$HashMapSpliterator::getFence (53 bytes)
Event: 10.869 Thread 0x000001c3741fd000 nmethod 4733 0x000001c359220390 code [0x000001c359220520, 0x000001c359220618]
Event: 10.869 Thread 0x000001c3741fd000 4734       1       java.util.HashMap$KeySpliterator::characteristics (30 bytes)
Event: 10.869 Thread 0x000001c3741fd000 nmethod 4734 0x000001c359220710 code [0x000001c3592208a0, 0x000001c359220998]
Event: 10.869 Thread 0x000001c3741fd000 4735       1       java.util.HashMap$HashMapSpliterator::estimateSize (11 bytes)
Event: 10.870 Thread 0x000001c3741fd000 nmethod 4735 0x000001c359220a10 code [0x000001c359220ba0, 0x000001c359220c88]
Event: 10.870 Thread 0x000001c3741fd000 4736       1       org.hibernate.validator.internal.properties.javabean.JavaBeanExecutable::getDeclaringClass (8 bytes)
Event: 10.870 Thread 0x000001c3741fd000 nmethod 4736 0x000001c359220d10 code [0x000001c359220ea0, 0x000001c359220f88]
Event: 10.887 Thread 0x000001c3741fd000 4737       1       org.hibernate.service.spi.ServiceBinding::getService (5 bytes)
Event: 10.888 Thread 0x000001c3741fd000 nmethod 4737 0x000001c359221010 code [0x000001c3592211a0, 0x000001c359221258]

GC Heap History (10 events):
Event: 5.341 GC heap before
{Heap before GC invocations=4 (full 0):
 garbage-first heap   total 260096K, used 75946K [0x0000000702800000, 0x0000000800000000)
  region size 1024K, 64 young (65536K), 3 survivors (3072K)
 Metaspace       used 25398K, capacity 26214K, committed 26368K, reserved 1073152K
  class space    used 3179K, capacity 3488K, committed 3584K, reserved 1048576K
}
Event: 5.346 GC heap after
{Heap after GC invocations=5 (full 0):
 garbage-first heap   total 260096K, used 15056K [0x0000000702800000, 0x0000000800000000)
  region size 1024K, 4 young (4096K), 4 survivors (4096K)
 Metaspace       used 25398K, capacity 26214K, committed 26368K, reserved 1073152K
  class space    used 3179K, capacity 3488K, committed 3584K, reserved 1048576K
}
Event: 7.883 GC heap before
{Heap before GC invocations=5 (full 0):
 garbage-first heap   total 260096K, used 144080K [0x0000000702800000, 0x0000000800000000)
  region size 1024K, 130 young (133120K), 4 survivors (4096K)
 Metaspace       used 33391K, capacity 34412K, committed 34688K, reserved 1079296K
  class space    used 4182K, capacity 4609K, committed 4736K, reserved 1048576K
}
Event: 7.891 GC heap after
{Heap after GC invocations=6 (full 0):
 garbage-first heap   total 260096K, used 19577K [0x0000000702800000, 0x0000000800000000)
  region size 1024K, 9 young (9216K), 9 survivors (9216K)
 Metaspace       used 33391K, capacity 34412K, committed 34688K, reserved 1079296K
  class space    used 4182K, capacity 4609K, committed 4736K, reserved 1048576K
}
Event: 8.121 GC heap before
{Heap before GC invocations=6 (full 0):
 garbage-first heap   total 260096K, used 50297K [0x0000000702800000, 0x0000000800000000)
  region size 1024K, 40 young (40960K), 9 survivors (9216K)
 Metaspace       used 34658K, capacity 35738K, committed 35840K, reserved 1081344K
  class space    used 4365K, capacity 4792K, committed 4864K, reserved 1048576K
}
Event: 8.130 GC heap after
{Heap after GC invocations=7 (full 0):
 garbage-first heap   total 260096K, used 19980K [0x0000000702800000, 0x0000000800000000)
  region size 1024K, 9 young (9216K), 9 survivors (9216K)
 Metaspace       used 34658K, capacity 35738K, committed 35840K, reserved 1081344K
  class space    used 4365K, capacity 4792K, committed 4864K, reserved 1048576K
}
Event: 9.722 GC heap before
{Heap before GC invocations=8 (full 0):
 garbage-first heap   total 260096K, used 177676K [0x0000000702800000, 0x0000000800000000)
  region size 1024K, 152 young (155648K), 9 survivors (9216K)
 Metaspace       used 43240K, capacity 44747K, committed 44928K, reserved 1087488K
  class space    used 5569K, capacity 6175K, committed 6272K, reserved 1048576K
}
Event: 9.741 GC heap after
{Heap after GC invocations=9 (full 0):
 garbage-first heap   total 260096K, used 28011K [0x0000000702800000, 0x0000000800000000)
  region size 1024K, 17 young (17408K), 17 survivors (17408K)
 Metaspace       used 43240K, capacity 44747K, committed 44928K, reserved 1087488K
  class space    used 5569K, capacity 6175K, committed 6272K, reserved 1048576K
}
Event: 10.902 GC heap before
{Heap before GC invocations=9 (full 0):
 garbage-first heap   total 260096K, used 160107K [0x0000000702800000, 0x0000000800000000)
  region size 1024K, 146 young (149504K), 17 survivors (17408K)
 Metaspace       used 54785K, capacity 56552K, committed 56576K, reserved 1103872K
  class space    used 7170K, capacity 7927K, committed 7936K, reserved 1048576K
}
Event: 10.918 GC heap after
{Heap after GC invocations=10 (full 0):
 garbage-first heap   total 260096K, used 33793K [0x0000000702800000, 0x0000000800000000)
  region size 1024K, 16 young (16384K), 16 survivors (16384K)
 Metaspace       used 54785K, capacity 56552K, committed 56576K, reserved 1103872K
  class space    used 7170K, capacity 7927K, committed 7936K, reserved 1048576K
}

Deoptimization events (0 events):
No events

Classes redefined (0 events):
No events

Internal exceptions (10 events):
Event: 10.175 Thread 0x000001c37821f000 Exception <a 'java/lang/NullPointerException'{0x00000007102fd800}> (0x00000007102fd800) thrown at [./open/src/hotspot/share/interpreter/linkResolver.cpp, line 1436]
Event: 10.182 Thread 0x000001c37821f000 Exception <a 'java/lang/NullPointerException'{0x000000071004e810}> (0x000000071004e810) thrown at [./open/src/hotspot/share/interpreter/linkResolver.cpp, line 1436]
Event: 10.192 Thread 0x000001c37821f000 Exception <a 'java/lang/NullPointerException'{0x000000071008dd60}> (0x000000071008dd60) thrown at [./open/src/hotspot/share/interpreter/linkResolver.cpp, line 1436]
Event: 10.199 Thread 0x000001c37821f000 Exception <a 'java/lang/NullPointerException'{0x000000070ff5e828}> (0x000000070ff5e828) thrown at [./open/src/hotspot/share/interpreter/linkResolver.cpp, line 1436]
Event: 10.206 Thread 0x000001c37821f000 Exception <a 'java/lang/NullPointerException'{0x000000070ff8dd70}> (0x000000070ff8dd70) thrown at [./open/src/hotspot/share/interpreter/linkResolver.cpp, line 1436]
Event: 10.213 Thread 0x000001c37821f000 Exception <a 'java/lang/NullPointerException'{0x000000070feef040}> (0x000000070feef040) thrown at [./open/src/hotspot/share/interpreter/linkResolver.cpp, line 1436]
Event: 10.219 Thread 0x000001c37821f000 Exception <a 'java/lang/NullPointerException'{0x000000070fc3edd0}> (0x000000070fc3edd0) thrown at [./open/src/hotspot/share/interpreter/linkResolver.cpp, line 1436]
Event: 10.232 Thread 0x000001c37821f000 Exception <a 'java/lang/NullPointerException'{0x000000070fc7e338}> (0x000000070fc7e338) thrown at [./open/src/hotspot/share/interpreter/linkResolver.cpp, line 1436]
Event: 10.607 Thread 0x000001c374b41800 Exception <a 'java/lang/reflect/InvocationTargetException'{0x000000070cb80f38}> (0x000000070cb80f38) thrown at [./open/src/hotspot/share/runtime/reflection.cpp, line 1242]
Event: 10.758 Thread 0x000001c3758fb800 Exception <a 'java/lang/NoSuchMethodError'{0x000000070b7bb940}: java.lang.invoke.DirectMethodHandle$Holder.newInvokeSpecial(Ljava/lang/Object;Ljava/lang/Object;ILjava/lang/Object;Ljava/lang/Object;)Ljava/lang/Object;> (0x000000070b7bb940) thrown at [./ope

Events (10 events):
Event: 10.899 loading class org/hibernate/persister/entity/UniqueKeyLoadable done
Event: 10.899 loading class org/hibernate/persister/entity/SQLLoadable
Event: 10.899 loading class org/hibernate/persister/entity/SQLLoadable done
Event: 10.900 loading class org/hibernate/bytecode/enhance/spi/LazyPropertyInitializer
Event: 10.900 loading class org/hibernate/bytecode/enhance/spi/LazyPropertyInitializer done
Event: 10.900 loading class org/hibernate/id/PostInsertIdentityPersister
Event: 10.900 loading class org/hibernate/id/PostInsertIdentityPersister done
Event: 10.901 loading class org/hibernate/persister/entity/Lockable
Event: 10.901 loading class org/hibernate/persister/entity/Lockable done
Event: 10.902 Executing VM operation: CollectForMetadataAllocation


Dynamic libraries:
0x00007ff6169f0000 - 0x00007ff6169ff000 	C:\Program Files\Java\jdk-11.0.16\bin\java.exe
0x00007ffb247e0000 - 0x00007ffb249e9000 	C:\WINDOWS\SYSTEM32\ntdll.dll
0x00007ffb23b00000 - 0x00007ffb23bbd000 	C:\WINDOWS\System32\KERNEL32.DLL
0x00007ffb221a0000 - 0x00007ffb2251d000 	C:\WINDOWS\System32\KERNELBASE.dll
0x00007ffb21d80000 - 0x00007ffb21e91000 	C:\WINDOWS\System32\ucrtbase.dll
0x00007ffb1efe0000 - 0x00007ffb1eff5000 	C:\Program Files\Java\jdk-11.0.16\bin\VCRUNTIME140.dll
0x00007ffad7f00000 - 0x00007ffad7f18000 	C:\Program Files\Java\jdk-11.0.16\bin\jli.dll
0x00007ffb23630000 - 0x00007ffb236de000 	C:\WINDOWS\System32\ADVAPI32.dll
0x00007ffb24530000 - 0x00007ffb245d3000 	C:\WINDOWS\System32\msvcrt.dll
0x00007ffb23590000 - 0x00007ffb2362e000 	C:\WINDOWS\System32\sechost.dll
0x00007ffb22d40000 - 0x00007ffb22e60000 	C:\WINDOWS\System32\RPCRT4.dll
0x00007ffb245f0000 - 0x00007ffb2479d000 	C:\WINDOWS\System32\USER32.dll
0x00007ffb22640000 - 0x00007ffb22666000 	C:\WINDOWS\System32\win32u.dll
0x00007ffb23c50000 - 0x00007ffb23c79000 	C:\WINDOWS\System32\GDI32.dll
0x00007ffb22520000 - 0x00007ffb22638000 	C:\WINDOWS\System32\gdi32full.dll
0x00007ffb21f20000 - 0x00007ffb21fbd000 	C:\WINDOWS\System32\msvcp_win.dll
0x00007ffb0c820000 - 0x00007ffb0cac5000 	C:\WINDOWS\WinSxS\amd64_microsoft.windows.common-controls_6595b64144ccf1df_6.0.22000.120_none_9d947278b86cc467\COMCTL32.dll
0x00007ffb173d0000 - 0x00007ffb173da000 	C:\WINDOWS\SYSTEM32\VERSION.dll
0x00007ffb22d00000 - 0x00007ffb22d31000 	C:\WINDOWS\System32\IMM32.DLL
0x00007ffab23d0000 - 0x00007ffab246b000 	C:\Program Files\Java\jdk-11.0.16\bin\msvcp140.dll
0x00007ffab1110000 - 0x00007ffab1c28000 	C:\Program Files\Java\jdk-11.0.16\bin\server\jvm.dll
0x00007ffb236e0000 - 0x00007ffb236e8000 	C:\WINDOWS\System32\PSAPI.DLL
0x00007ffb1c980000 - 0x00007ffb1c989000 	C:\WINDOWS\SYSTEM32\WSOCK32.dll
0x00007ffb22910000 - 0x00007ffb2297f000 	C:\WINDOWS\System32\WS2_32.dll
0x00007ffb1c660000 - 0x00007ffb1c693000 	C:\WINDOWS\SYSTEM32\WINMM.dll
0x00007ffb20e70000 - 0x00007ffb20e88000 	C:\WINDOWS\SYSTEM32\kernel.appcore.dll
0x00007ffaf7310000 - 0x00007ffaf7320000 	C:\Program Files\Java\jdk-11.0.16\bin\verify.dll
0x00007ffb167e0000 - 0x00007ffb16a01000 	C:\WINDOWS\SYSTEM32\DBGHELP.DLL
0x00007ffb119a0000 - 0x00007ffb119d1000 	C:\WINDOWS\SYSTEM32\dbgcore.DLL
0x00007ffb21ea0000 - 0x00007ffb21f1f000 	C:\WINDOWS\System32\bcryptPrimitives.dll
0x00007ffacfa50000 - 0x00007ffacfa78000 	C:\Program Files\Java\jdk-11.0.16\bin\java.dll
0x00007ffaf68d0000 - 0x00007ffaf68da000 	C:\Program Files\Java\jdk-11.0.16\bin\jimage.dll
0x00007ffb1efc0000 - 0x00007ffb1efce000 	C:\Program Files\Java\jdk-11.0.16\bin\instrument.dll
0x00007ffad7ee0000 - 0x00007ffad7ef6000 	C:\Program Files\Java\jdk-11.0.16\bin\zip.dll
0x00007ffb23c80000 - 0x00007ffb24438000 	C:\WINDOWS\System32\SHELL32.dll
0x00007ffb1fe00000 - 0x00007ffb20668000 	C:\WINDOWS\SYSTEM32\windows.storage.dll
0x00007ffb22980000 - 0x00007ffb22cf9000 	C:\WINDOWS\System32\combase.dll
0x00007ffb1fc90000 - 0x00007ffb1fdf6000 	C:\WINDOWS\SYSTEM32\wintypes.dll
0x00007ffb22670000 - 0x00007ffb2275a000 	C:\WINDOWS\System32\SHCORE.dll
0x00007ffb24440000 - 0x00007ffb2449d000 	C:\WINDOWS\System32\shlwapi.dll
0x00007ffb21bf0000 - 0x00007ffb21c11000 	C:\WINDOWS\SYSTEM32\profapi.dll
0x00007ffab3740000 - 0x00007ffab3759000 	C:\Program Files\Java\jdk-11.0.16\bin\net.dll
0x00007ffb1bcb0000 - 0x00007ffb1bdbc000 	C:\WINDOWS\SYSTEM32\WINHTTP.dll
0x00007ffb21290000 - 0x00007ffb212f7000 	C:\WINDOWS\system32\mswsock.dll
0x00007ffab3720000 - 0x00007ffab3732000 	C:\Program Files\Java\jdk-11.0.16\bin\nio.dll
0x00007ffab3780000 - 0x00007ffab379a000 	C:\Program Files\JetBrains\IntelliJ IDEA 2022.2.1\bin\breakgen64.dll
0x00007ffb20a10000 - 0x00007ffb20af8000 	C:\WINDOWS\SYSTEM32\DNSAPI.dll
0x00007ffb209a0000 - 0x00007ffb209cd000 	C:\WINDOWS\SYSTEM32\IPHLPAPI.DLL
0x00007ffb22e60000 - 0x00007ffb22e69000 	C:\WINDOWS\System32\NSI.dll
0x00007ffb18490000 - 0x00007ffb1849a000 	C:\Windows\System32\rasadhlp.dll
0x00007ffb1a0a0000 - 0x00007ffb1a121000 	C:\WINDOWS\System32\fwpuclnt.dll
0x00007ffb1d350000 - 0x00007ffb1d359000 	C:\Program Files\Java\jdk-11.0.16\bin\management.dll
0x00007ffae4c90000 - 0x00007ffae4c9b000 	C:\Program Files\Java\jdk-11.0.16\bin\management_ext.dll
0x00007ffb21560000 - 0x00007ffb21578000 	C:\WINDOWS\SYSTEM32\CRYPTSP.dll
0x00007ffb20dd0000 - 0x00007ffb20e05000 	C:\WINDOWS\system32\rsaenh.dll
0x00007ffb21330000 - 0x00007ffb21359000 	C:\WINDOWS\SYSTEM32\USERENV.dll
0x00007ffb216a0000 - 0x00007ffb216c7000 	C:\WINDOWS\SYSTEM32\bcrypt.dll
0x00007ffb21480000 - 0x00007ffb2148c000 	C:\WINDOWS\SYSTEM32\CRYPTBASE.dll
0x00007ffb1baa0000 - 0x00007ffb1bab9000 	C:\WINDOWS\SYSTEM32\dhcpcsvc6.DLL
0x00007ffb1c730000 - 0x00007ffb1c74e000 	C:\WINDOWS\SYSTEM32\dhcpcsvc.DLL
0x00007ffb1cfb0000 - 0x00007ffb1cfc7000 	C:\WINDOWS\system32\napinsp.dll
0x00007ffb1cf60000 - 0x00007ffb1cf7b000 	C:\WINDOWS\system32\pnrpnsp.dll
0x00007ffb1c990000 - 0x00007ffb1c9a2000 	C:\WINDOWS\System32\winrnr.dll
0x00007ffb1afe0000 - 0x00007ffb1aff5000 	C:\WINDOWS\system32\wshbth.dll
0x00007ffb09b90000 - 0x00007ffb09baf000 	C:\WINDOWS\system32\nlansp_c.dll
0x00007ffab3260000 - 0x00007ffab3285000 	C:\Program Files\Java\jdk-11.0.16\bin\sunec.dll
0x00007ffacfe20000 - 0x00007ffacfe2d000 	C:\Program Files\Java\jdk-11.0.16\bin\sunmscapi.dll
0x00007ffb22030000 - 0x00007ffb22192000 	C:\WINDOWS\System32\CRYPT32.dll
0x00007ffb21670000 - 0x00007ffb21698000 	C:\WINDOWS\SYSTEM32\ncrypt.dll
0x00007ffb21630000 - 0x00007ffb21667000 	C:\WINDOWS\SYSTEM32\NTASN1.dll

dbghelp: loaded successfully - version: 4.0.5 - missing functions: none
symbol engine: initialized successfully - sym options: 0x614 - pdb path: .;C:\Program Files\Java\jdk-11.0.16\bin;C:\WINDOWS\SYSTEM32;C:\WINDOWS\WinSxS\amd64_microsoft.windows.common-controls_6595b64144ccf1df_6.0.22000.120_none_9d947278b86cc467;C:\Program Files\Java\jdk-11.0.16\bin\server;C:\Program Files\JetBrains\IntelliJ IDEA 2022.2.1\bin

VM Arguments:
jvm_args: -XX:TieredStopAtLevel=1 -Xverify:none -Dspring.output.ansi.enabled=always -Dcom.sun.management.jmxremote -Dspring.jmx.enabled=true -Dspring.liveBeansView.mbeanDomain -Dspring.application.admin.enabled=true -javaagent:C:\Program Files\JetBrains\IntelliJ IDEA 2022.2.1\lib\idea_rt.jar=55933:C:\Program Files\JetBrains\IntelliJ IDEA 2022.2.1\bin -Dfile.encoding=UTF-8 
java_command: com.example.userservice.UserServiceApplication
java_class_path (initial): C:\Users\DIR-N-108\Desktop\direa_kjy\SpringCloud\user-service\target\classes;C:\Users\DIR-N-108\.m2\repository\org\springframework\boot\spring-boot-starter-web\2.7.3\spring-boot-starter-web-2.7.3.jar;C:\Users\DIR-N-108\.m2\repository\org\springframework\boot\spring-boot-starter\2.7.3\spring-boot-starter-2.7.3.jar;C:\Users\DIR-N-108\.m2\repository\org\springframework\boot\spring-boot-starter-logging\2.7.3\spring-boot-starter-logging-2.7.3.jar;C:\Users\DIR-N-108\.m2\repository\ch\qos\logback\logback-classic\1.2.11\logback-classic-1.2.11.jar;C:\Users\DIR-N-108\.m2\repository\ch\qos\logback\logback-core\1.2.11\logback-core-1.2.11.jar;C:\Users\DIR-N-108\.m2\repository\org\apache\logging\log4j\log4j-to-slf4j\2.17.2\log4j-to-slf4j-2.17.2.jar;C:\Users\DIR-N-108\.m2\repository\org\apache\logging\log4j\log4j-api\2.17.2\log4j-api-2.17.2.jar;C:\Users\DIR-N-108\.m2\repository\org\slf4j\jul-to-slf4j\1.7.36\jul-to-slf4j-1.7.36.jar;C:\Users\DIR-N-108\.m2\repository\jakarta\annotation\jakarta.annotation-api\1.3.5\jakarta.annotation-api-1.3.5.jar;C:\Users\DIR-N-108\.m2\repository\org\yaml\snakeyaml\1.30\snakeyaml-1.30.jar;C:\Users\DIR-N-108\.m2\repository\org\springframework\boot\spring-boot-starter-json\2.7.3\spring-boot-starter-json-2.7.3.jar;C:\Users\DIR-N-108\.m2\repository\com\fasterxml\jackson\datatype\jackson-datatype-jdk8\2.13.3\jackson-datatype-jdk8-2.13.3.jar;C:\Users\DIR-N-108\.m2\repository\com\fasterxml\jackson\datatype\jackson-datatype-jsr310\2.13.3\jackson-datatype-jsr310-2.13.3.jar;C:\Users\DIR-N-108\.m2\repository\com\fasterxml\jackson\module\jackson-module-parameter-names\2.13.3\jackson-module-parameter-names-2.13.3.jar;C:\Users\DIR-N-108\.m2\repository\org\springframework\boot\spring-boot-starter-tomcat\2.7.3\spring-boot-starter-tomcat-2.7.3.jar;C:\Users\DIR-N-108\.m2\repository\org\apache\tomcat\embed\tomcat-embed-core\9.0.65\tomcat-embed-core-9.0.65.jar;C:\Users\DIR-N-108\.m2\repository\org\apache\tomcat\embed\tomcat-embed-websocket\9
Launcher Type: SUN_STANDARD

[Global flags]
     bool BytecodeVerificationLocal                = false                                     {product} {command line}
     bool BytecodeVerificationRemote               = false                                     {product} {command line}
     intx CICompilerCount                          = 4                                         {product} {ergonomic}
     uint ConcGCThreads                            = 2                                         {product} {ergonomic}
     uint G1ConcRefinementThreads                  = 8                                         {product} {ergonomic}
   size_t G1HeapRegionSize                         = 1048576                                   {product} {ergonomic}
    uintx GCDrainStackTargetSize                   = 64                                        {product} {ergonomic}
   size_t InitialHeapSize                          = 266338304                                 {product} {ergonomic}
     bool ManagementServer                         = true                                      {product} {command line}
   size_t MarkStackSize                            = 4194304                                   {product} {ergonomic}
   size_t MaxHeapSize                              = 4253024256                                {product} {ergonomic}
   size_t MaxNewSize                               = 2551185408                                {product} {ergonomic}
   size_t MinHeapDeltaBytes                        = 1048576                                   {product} {ergonomic}
    uintx NonNMethodCodeHeapSize                   = 7549744                                {pd product} {ergonomic}
    uintx NonProfiledCodeHeapSize                  = 244108496                              {pd product} {ergonomic}
    uintx ProfiledCodeHeapSize                     = 0                                      {pd product} {ergonomic}
    uintx ReservedCodeCacheSize                    = 251658240                              {pd product} {ergonomic}
     bool SegmentedCodeCache                       = true                                      {product} {ergonomic}
     intx TieredStopAtLevel                        = 1                                         {product} {command line}
     bool UseCompressedClassPointers               = true                                 {lp64_product} {ergonomic}
     bool UseCompressedOops                        = true                                 {lp64_product} {ergonomic}
     bool UseG1GC                                  = true                                      {product} {ergonomic}
     bool UseLargePagesIndividualAllocation        = false                                  {pd product} {ergonomic}

Logging:
Log output configuration:
 #0: stdout all=warning uptime,level,tags
 #1: stderr all=off uptime,level,tags

Environment Variables:
JAVA_HOME=C:\Java\jdk-11.0.13
PATH=C:\Program Files (x86)\VMware\VMware Player\bin\;C:\Program Files\Common Files\Oracle\Java\javapath;C:\WINDOWS\system32;C:\WINDOWS;C:\WINDOWS\System32\Wbem;C:\WINDOWS\System32\WindowsPowerShell\v1.0\;C:\WINDOWS\System32\OpenSSH\;C:\Program Files\Bandizip\;C:\Program Files\Git\cmd;D:\Portable\apache-maven-3.8.6\bin;C:\Java\jdk-11.0.13\bin;C:\Program Files\JetBrains\IntelliJ IDEA Community Edition 2022.2.1\bin;;C:\Users\DIR-N-108\AppData\Local\GitHubDesktop\bin;C:\Program Files\JetBrains\IntelliJ IDEA 2022.2.1\bin;;C:\Program Files\RabbitMQ Server\rabbitmq_server-3.8.14\sbin;C:\Program Files\erl-23.1\bin;
USERNAME=DIR-N-108
OS=Windows_NT
PROCESSOR_IDENTIFIER=Intel64 Family 6 Model 142 Stepping 12, GenuineIntel



---------------  S Y S T E M  ---------------

OS: Windows 11 , 64 bit Build 22000 (10.0.22000.708)
Hyper-V role detected

CPU:total 8 (initial active 8) (4 cores per cpu, 2 threads per core) family 6 model 142 stepping 12 microcode 0xde, cmov, cx8, fxsr, mmx, sse, sse2, sse3, ssse3, sse4.1, sse4.2, popcnt, avx, avx2, aes, clmul, erms, 3dnowpref, lzcnt, ht, tsc, tscinvbit, bmi1, bmi2, adx, fma

Memory: 4k page, system-wide physical 16221M (2555M free)
TotalPageFile size 18269M (AvailPageFile size 5M)
current process WorkingSet (physical memory assigned to process): 316M, peak: 316M
current process commit charge ("private bytes"): 427M, peak: 428M

vm_info: Java HotSpot(TM) 64-Bit Server VM (11.0.16+11-LTS-199) for windows-amd64 JRE (11.0.16+11-LTS-199), built on Jun 28 2022 08:23:17 by "mach5one" with MS VC++ 15.9 (VS2017)

END.
